2025-04-04T21:24:56.550+0000 [INFO] Dependencies all met for dep_context=non-requeueable deps ti=<TaskInstance: iis_etl.processing.extract manual__2025-04-04T21:21:48.534022+00:00 [queued]>
2025-04-04T21:24:56.561+0000 [INFO] Dependencies all met for dep_context=requeueable deps ti=<TaskInstance: iis_etl.processing.extract manual__2025-04-04T21:21:48.534022+00:00 [queued]>
2025-04-04T21:24:56.564+0000 [INFO] Starting attempt 2 of 4
2025-04-04T21:24:56.766+0000 [INFO] Executing <Task(PythonOperator): processing.extract> on 2025-04-04 21:21:48.534022+00:00
2025-04-04T21:24:56.771+0000 [INFO] Started process 1536 to run task
2025-04-04T21:24:56.775+0000 [INFO] Running: ['airflow', 'tasks', 'run', 'iis_etl', 'processing.extract', 'manual__2025-04-04T21:21:48.534022+00:00', '--job-id', '499', '--raw', '--subdir', 'DAGS_FOLDER/iis_etl.py', '--cfg-path', '/tmp/tmpm7ewhpv5']
2025-04-04T21:24:56.777+0000 [INFO] Job 499: Subtask processing.extract
2025-04-04T21:24:56.835+0000 [INFO] Running <TaskInstance: iis_etl.processing.extract manual__2025-04-04T21:21:48.534022+00:00 [running]> on host b8e5693c89ab
2025-04-04T21:24:56.884+0000 [INFO] Exporting env vars: AIRFLOW_CTX_DAG_OWNER='airflow' AIRFLOW_CTX_DAG_ID='iis_etl' AIRFLOW_CTX_TASK_ID='processing.extract' AIRFLOW_CTX_EXECUTION_DATE='2025-04-04T21:21:48.534022+00:00' AIRFLOW_CTX_TRY_NUMBER='2' AIRFLOW_CTX_DAG_RUN_ID='manual__2025-04-04T21:21:48.534022+00:00'
2025-04-04T21:24:56.891+0000 [ERROR] Invalid log file format detected in /opt/airflow/data/raw_logs/u_ex100718.log
2025-04-04T21:24:56.891+0000 [ERROR] Extraction failed: Invalid log file format: /opt/airflow/data/raw_logs/u_ex100718.log
Traceback (most recent call last):
  File "/opt/airflow/dags/iis_etl.py", line 577, in extract
    raise ValueError(f"Invalid log file format: {log_path}")
ValueError: Invalid log file format: /opt/airflow/data/raw_logs/u_ex100718.log
2025-04-04T21:24:56.892+0000 [ERROR] Task failed with exception
Traceback (most recent call last):
  File "/home/airflow/.local/lib/python3.7/site-packages/airflow/operators/python.py", line 181, in execute
    return_value = self.execute_callable()
  File "/home/airflow/.local/lib/python3.7/site-packages/airflow/operators/python.py", line 198, in execute_callable
    return self.python_callable(*self.op_args, **self.op_kwargs)
  File "/opt/airflow/dags/iis_etl.py", line 577, in extract
    raise ValueError(f"Invalid log file format: {log_path}")
ValueError: Invalid log file format: /opt/airflow/data/raw_logs/u_ex100718.log
2025-04-04T21:24:56.896+0000 [INFO] Marking task as UP_FOR_RETRY. dag_id=iis_etl, task_id=processing.extract, execution_date=20250404T212148, start_date=20250404T212456, end_date=20250404T212456
2025-04-04T21:24:56.902+0000 [ERROR] Failed to execute job 499 for task processing.extract (Invalid log file format: /opt/airflow/data/raw_logs/u_ex100718.log; 1536)
2025-04-04T21:24:56.914+0000 [INFO] Task exited with return code 1
2025-04-04T21:24:56.930+0000 [INFO] 0 downstream tasks scheduled from follow-on schedule check
2025-04-04T21:28:10.057+0000 [INFO] Dependencies all met for dep_context=non-requeueable deps ti=<TaskInstance: iis_etl.processing.extract manual__2025-04-04T21:21:48.534022+00:00 [queued]>
2025-04-04T21:28:10.063+0000 [INFO] Dependencies all met for dep_context=requeueable deps ti=<TaskInstance: iis_etl.processing.extract manual__2025-04-04T21:21:48.534022+00:00 [queued]>
2025-04-04T21:28:10.064+0000 [INFO] Starting attempt 2 of 4
2025-04-04T21:28:10.269+0000 [INFO] Executing <Task(PythonOperator): processing.extract> on 2025-04-04 21:21:48.534022+00:00
2025-04-04T21:28:10.275+0000 [INFO] Started process 1542 to run task
2025-04-04T21:28:10.279+0000 [INFO] Running: ['airflow', 'tasks', 'run', 'iis_etl', 'processing.extract', 'manual__2025-04-04T21:21:48.534022+00:00', '--job-id', '501', '--raw', '--subdir', 'DAGS_FOLDER/iis_etl.py', '--cfg-path', '/tmp/tmpecdwzf34']
2025-04-04T21:28:10.282+0000 [INFO] Job 501: Subtask processing.extract
2025-04-04T21:28:10.333+0000 [INFO] Running <TaskInstance: iis_etl.processing.extract manual__2025-04-04T21:21:48.534022+00:00 [running]> on host b8e5693c89ab
2025-04-04T21:28:10.394+0000 [INFO] Exporting env vars: AIRFLOW_CTX_DAG_OWNER='airflow' AIRFLOW_CTX_DAG_ID='iis_etl' AIRFLOW_CTX_TASK_ID='processing.extract' AIRFLOW_CTX_EXECUTION_DATE='2025-04-04T21:21:48.534022+00:00' AIRFLOW_CTX_TRY_NUMBER='2' AIRFLOW_CTX_DAG_RUN_ID='manual__2025-04-04T21:21:48.534022+00:00'
2025-04-04T21:28:10.404+0000 [ERROR] Invalid log file format detected in /opt/airflow/data/raw_logs/u_ex100718.log
2025-04-04T21:28:10.404+0000 [ERROR] Extraction failed: Invalid log file format: /opt/airflow/data/raw_logs/u_ex100718.log
Traceback (most recent call last):
  File "/opt/airflow/dags/iis_etl.py", line 577, in extract
    raise ValueError(f"Invalid log file format: {log_path}")
ValueError: Invalid log file format: /opt/airflow/data/raw_logs/u_ex100718.log
2025-04-04T21:28:10.406+0000 [ERROR] Task failed with exception
Traceback (most recent call last):
  File "/home/airflow/.local/lib/python3.7/site-packages/airflow/operators/python.py", line 181, in execute
    return_value = self.execute_callable()
  File "/home/airflow/.local/lib/python3.7/site-packages/airflow/operators/python.py", line 198, in execute_callable
    return self.python_callable(*self.op_args, **self.op_kwargs)
  File "/opt/airflow/dags/iis_etl.py", line 577, in extract
    raise ValueError(f"Invalid log file format: {log_path}")
ValueError: Invalid log file format: /opt/airflow/data/raw_logs/u_ex100718.log
2025-04-04T21:28:10.410+0000 [INFO] Marking task as UP_FOR_RETRY. dag_id=iis_etl, task_id=processing.extract, execution_date=20250404T212148, start_date=20250404T212810, end_date=20250404T212810
2025-04-04T21:28:10.416+0000 [ERROR] Failed to execute job 501 for task processing.extract (Invalid log file format: /opt/airflow/data/raw_logs/u_ex100718.log; 1542)
2025-04-04T21:28:10.458+0000 [INFO] Task exited with return code 1
2025-04-04T21:28:10.476+0000 [INFO] 0 downstream tasks scheduled from follow-on schedule check
