2025-04-04T21:22:54.920+0000 [INFO] Dependencies all met for dep_context=non-requeueable deps ti=<TaskInstance: iis_etl.processing.extract manual__2025-04-04T21:21:48.534022+00:00 [queued]>
2025-04-04T21:22:54.926+0000 [INFO] Dependencies all met for dep_context=requeueable deps ti=<TaskInstance: iis_etl.processing.extract manual__2025-04-04T21:21:48.534022+00:00 [queued]>
2025-04-04T21:22:54.926+0000 [INFO] Starting attempt 1 of 4
2025-04-04T21:22:55.028+0000 [INFO] Executing <Task(PythonOperator): processing.extract> on 2025-04-04 21:21:48.534022+00:00
2025-04-04T21:22:55.031+0000 [INFO] Started process 1533 to run task
2025-04-04T21:22:55.034+0000 [INFO] Running: ['airflow', 'tasks', 'run', 'iis_etl', 'processing.extract', 'manual__2025-04-04T21:21:48.534022+00:00', '--job-id', '498', '--raw', '--subdir', 'DAGS_FOLDER/iis_etl.py', '--cfg-path', '/tmp/tmpyhey16c6']
2025-04-04T21:22:55.036+0000 [INFO] Job 498: Subtask processing.extract
2025-04-04T21:22:55.081+0000 [INFO] Running <TaskInstance: iis_etl.processing.extract manual__2025-04-04T21:21:48.534022+00:00 [running]> on host b8e5693c89ab
2025-04-04T21:22:55.133+0000 [INFO] Exporting env vars: AIRFLOW_CTX_DAG_OWNER='airflow' AIRFLOW_CTX_DAG_ID='iis_etl' AIRFLOW_CTX_TASK_ID='processing.extract' AIRFLOW_CTX_EXECUTION_DATE='2025-04-04T21:21:48.534022+00:00' AIRFLOW_CTX_TRY_NUMBER='1' AIRFLOW_CTX_DAG_RUN_ID='manual__2025-04-04T21:21:48.534022+00:00'
2025-04-04T21:22:55.139+0000 [ERROR] Invalid log file format detected in /opt/airflow/data/raw_logs/u_ex100718.log
2025-04-04T21:22:55.139+0000 [ERROR] Extraction failed: Invalid log file format: /opt/airflow/data/raw_logs/u_ex100718.log
Traceback (most recent call last):
  File "/opt/airflow/dags/iis_etl.py", line 577, in extract
    raise ValueError(f"Invalid log file format: {log_path}")
ValueError: Invalid log file format: /opt/airflow/data/raw_logs/u_ex100718.log
2025-04-04T21:22:55.141+0000 [ERROR] Task failed with exception
Traceback (most recent call last):
  File "/home/airflow/.local/lib/python3.7/site-packages/airflow/operators/python.py", line 181, in execute
    return_value = self.execute_callable()
  File "/home/airflow/.local/lib/python3.7/site-packages/airflow/operators/python.py", line 198, in execute_callable
    return self.python_callable(*self.op_args, **self.op_kwargs)
  File "/opt/airflow/dags/iis_etl.py", line 577, in extract
    raise ValueError(f"Invalid log file format: {log_path}")
ValueError: Invalid log file format: /opt/airflow/data/raw_logs/u_ex100718.log
2025-04-04T21:22:55.146+0000 [INFO] Marking task as UP_FOR_RETRY. dag_id=iis_etl, task_id=processing.extract, execution_date=20250404T212148, start_date=20250404T212254, end_date=20250404T212255
2025-04-04T21:22:55.152+0000 [ERROR] Failed to execute job 498 for task processing.extract (Invalid log file format: /opt/airflow/data/raw_logs/u_ex100718.log; 1533)
2025-04-04T21:22:55.179+0000 [INFO] Task exited with return code 1
2025-04-04T21:22:55.203+0000 [INFO] 0 downstream tasks scheduled from follow-on schedule check
2025-04-04T21:26:08.430+0000 [INFO] Dependencies all met for dep_context=non-requeueable deps ti=<TaskInstance: iis_etl.processing.extract manual__2025-04-04T21:21:48.534022+00:00 [queued]>
2025-04-04T21:26:08.436+0000 [INFO] Dependencies all met for dep_context=requeueable deps ti=<TaskInstance: iis_etl.processing.extract manual__2025-04-04T21:21:48.534022+00:00 [queued]>
2025-04-04T21:26:08.436+0000 [INFO] Starting attempt 1 of 4
2025-04-04T21:26:08.623+0000 [INFO] Executing <Task(PythonOperator): processing.extract> on 2025-04-04 21:21:48.534022+00:00
2025-04-04T21:26:08.628+0000 [INFO] Started process 1539 to run task
2025-04-04T21:26:08.633+0000 [INFO] Running: ['airflow', 'tasks', 'run', 'iis_etl', 'processing.extract', 'manual__2025-04-04T21:21:48.534022+00:00', '--job-id', '500', '--raw', '--subdir', 'DAGS_FOLDER/iis_etl.py', '--cfg-path', '/tmp/tmpz_0bqxif']
2025-04-04T21:26:08.636+0000 [INFO] Job 500: Subtask processing.extract
2025-04-04T21:26:08.681+0000 [INFO] Running <TaskInstance: iis_etl.processing.extract manual__2025-04-04T21:21:48.534022+00:00 [running]> on host b8e5693c89ab
2025-04-04T21:26:08.739+0000 [INFO] Exporting env vars: AIRFLOW_CTX_DAG_OWNER='airflow' AIRFLOW_CTX_DAG_ID='iis_etl' AIRFLOW_CTX_TASK_ID='processing.extract' AIRFLOW_CTX_EXECUTION_DATE='2025-04-04T21:21:48.534022+00:00' AIRFLOW_CTX_TRY_NUMBER='1' AIRFLOW_CTX_DAG_RUN_ID='manual__2025-04-04T21:21:48.534022+00:00'
2025-04-04T21:26:08.747+0000 [ERROR] Invalid log file format detected in /opt/airflow/data/raw_logs/u_ex100718.log
2025-04-04T21:26:08.748+0000 [ERROR] Extraction failed: Invalid log file format: /opt/airflow/data/raw_logs/u_ex100718.log
Traceback (most recent call last):
  File "/opt/airflow/dags/iis_etl.py", line 577, in extract
    raise ValueError(f"Invalid log file format: {log_path}")
ValueError: Invalid log file format: /opt/airflow/data/raw_logs/u_ex100718.log
2025-04-04T21:26:08.749+0000 [ERROR] Task failed with exception
Traceback (most recent call last):
  File "/home/airflow/.local/lib/python3.7/site-packages/airflow/operators/python.py", line 181, in execute
    return_value = self.execute_callable()
  File "/home/airflow/.local/lib/python3.7/site-packages/airflow/operators/python.py", line 198, in execute_callable
    return self.python_callable(*self.op_args, **self.op_kwargs)
  File "/opt/airflow/dags/iis_etl.py", line 577, in extract
    raise ValueError(f"Invalid log file format: {log_path}")
ValueError: Invalid log file format: /opt/airflow/data/raw_logs/u_ex100718.log
2025-04-04T21:26:08.753+0000 [INFO] Marking task as UP_FOR_RETRY. dag_id=iis_etl, task_id=processing.extract, execution_date=20250404T212148, start_date=20250404T212608, end_date=20250404T212608
2025-04-04T21:26:08.759+0000 [ERROR] Failed to execute job 500 for task processing.extract (Invalid log file format: /opt/airflow/data/raw_logs/u_ex100718.log; 1539)
2025-04-04T21:26:08.771+0000 [INFO] Task exited with return code 1
2025-04-04T21:26:08.788+0000 [INFO] 0 downstream tasks scheduled from follow-on schedule check
