2025-04-03T21:57:03.729+0000 [INFO] Dependencies all met for dep_context=non-requeueable deps ti=<TaskInstance: iis_etl.processing.extract manual__2025-04-03T21:56:27.437241+00:00 [queued]>
2025-04-03T21:57:03.762+0000 [INFO] Dependencies all met for dep_context=requeueable deps ti=<TaskInstance: iis_etl.processing.extract manual__2025-04-03T21:56:27.437241+00:00 [queued]>
2025-04-03T21:57:03.764+0000 [INFO] Starting attempt 1 of 4
2025-04-03T21:57:03.839+0000 [INFO] Executing <Task(PythonOperator): processing.extract> on 2025-04-03 21:56:27.437241+00:00
2025-04-03T21:57:03.863+0000 [INFO] Started process 1487 to run task
2025-04-03T21:57:03.923+0000 [INFO] Running: ['airflow', 'tasks', 'run', 'iis_etl', 'processing.extract', 'manual__2025-04-03T21:56:27.437241+00:00', '--job-id', '482', '--raw', '--subdir', 'DAGS_FOLDER/iis_etl.py', '--cfg-path', '/tmp/tmped8pr72b']
2025-04-03T21:57:03.930+0000 [INFO] Job 482: Subtask processing.extract
2025-04-03T21:57:04.167+0000 [INFO] Running <TaskInstance: iis_etl.processing.extract manual__2025-04-03T21:56:27.437241+00:00 [running]> on host 8d34dc648251
2025-04-03T21:57:05.836+0000 [INFO] Exporting env vars: AIRFLOW_CTX_DAG_OWNER='airflow' AIRFLOW_CTX_DAG_ID='iis_etl' AIRFLOW_CTX_TASK_ID='processing.extract' AIRFLOW_CTX_EXECUTION_DATE='2025-04-03T21:56:27.437241+00:00' AIRFLOW_CTX_TRY_NUMBER='1' AIRFLOW_CTX_DAG_RUN_ID='manual__2025-04-03T21:56:27.437241+00:00'
2025-04-03T21:57:05.877+0000 [WARNING] Skipping malformed line 5: wrong field count
2025-04-03T21:57:05.916+0000 [WARNING] Skipping malformed line 6: wrong field count
2025-04-03T21:57:05.917+0000 [WARNING] Skipping malformed line 7: wrong field count
2025-04-03T21:57:05.917+0000 [WARNING] Skipping malformed line 8: wrong field count
2025-04-03T21:57:05.919+0000 [WARNING] Skipping malformed line 9: wrong field count
2025-04-03T21:57:05.920+0000 [WARNING] Skipping malformed line 10: wrong field count
2025-04-03T21:57:05.920+0000 [WARNING] Skipping malformed line 11: wrong field count
2025-04-03T21:57:05.921+0000 [WARNING] Skipping malformed line 12: wrong field count
2025-04-03T21:57:05.922+0000 [WARNING] Skipping malformed line 13: wrong field count
2025-04-03T21:57:05.924+0000 [WARNING] Skipping malformed line 14: wrong field count
2025-04-03T21:57:05.925+0000 [WARNING] Skipping malformed line 15: wrong field count
2025-04-03T21:57:05.926+0000 [WARNING] Skipping malformed line 16: wrong field count
2025-04-03T21:57:05.927+0000 [WARNING] Skipping malformed line 17: wrong field count
2025-04-03T21:57:05.929+0000 [WARNING] Skipping malformed line 18: wrong field count
2025-04-03T21:57:05.930+0000 [WARNING] Skipping malformed line 19: wrong field count
2025-04-03T21:57:05.931+0000 [WARNING] Skipping malformed line 20: wrong field count
2025-04-03T21:57:05.932+0000 [WARNING] Skipping malformed line 21: wrong field count
2025-04-03T21:57:05.934+0000 [WARNING] Skipping malformed line 22: wrong field count
2025-04-03T21:57:05.935+0000 [WARNING] Skipping malformed line 23: wrong field count
2025-04-03T21:57:05.936+0000 [WARNING] Skipping malformed line 24: wrong field count
2025-04-03T21:57:05.939+0000 [WARNING] Skipping malformed line 25: wrong field count
2025-04-03T21:57:05.940+0000 [WARNING] Skipping malformed line 26: wrong field count
2025-04-03T21:57:05.941+0000 [WARNING] Skipping malformed line 27: wrong field count
2025-04-03T21:57:05.941+0000 [WARNING] Skipping malformed line 28: wrong field count
2025-04-03T21:57:05.941+0000 [WARNING] Skipping malformed line 29: wrong field count
2025-04-03T21:57:05.942+0000 [WARNING] Skipping malformed line 30: wrong field count
2025-04-03T21:57:05.942+0000 [WARNING] Skipping malformed line 31: wrong field count
2025-04-03T21:57:05.942+0000 [WARNING] Skipping malformed line 32: wrong field count
2025-04-03T21:57:05.943+0000 [WARNING] Skipping malformed line 33: wrong field count
2025-04-03T21:57:05.943+0000 [WARNING] Skipping malformed line 34: wrong field count
2025-04-03T21:57:05.943+0000 [WARNING] Skipping malformed line 35: wrong field count
2025-04-03T21:57:05.943+0000 [WARNING] Skipping malformed line 36: wrong field count
2025-04-03T21:57:05.944+0000 [WARNING] Skipping malformed line 37: wrong field count
2025-04-03T21:57:05.945+0000 [WARNING] Skipping malformed line 38: wrong field count
2025-04-03T21:57:05.945+0000 [WARNING] Skipping malformed line 39: wrong field count
2025-04-03T21:57:05.945+0000 [WARNING] Skipping malformed line 40: wrong field count
2025-04-03T21:57:05.946+0000 [WARNING] Skipping malformed line 41: wrong field count
2025-04-03T21:57:05.946+0000 [WARNING] Skipping malformed line 42: wrong field count
2025-04-03T21:57:05.947+0000 [WARNING] Skipping malformed line 43: wrong field count
2025-04-03T21:57:05.949+0000 [WARNING] Skipping malformed line 44: wrong field count
2025-04-03T21:57:05.951+0000 [WARNING] Skipping malformed line 45: wrong field count
2025-04-03T21:57:05.952+0000 [WARNING] Skipping malformed line 46: wrong field count
2025-04-03T21:57:05.952+0000 [WARNING] Skipping malformed line 47: wrong field count
2025-04-03T21:57:05.952+0000 [WARNING] Skipping malformed line 48: wrong field count
2025-04-03T21:57:05.952+0000 [WARNING] Skipping malformed line 49: wrong field count
2025-04-03T21:57:05.953+0000 [WARNING] Skipping malformed line 50: wrong field count
2025-04-03T21:57:05.954+0000 [WARNING] Skipping malformed line 51: wrong field count
2025-04-03T21:57:05.954+0000 [WARNING] Skipping malformed line 52: wrong field count
2025-04-03T21:57:05.956+0000 [WARNING] Skipping malformed line 53: wrong field count
2025-04-03T21:57:05.956+0000 [WARNING] Skipping malformed line 54: wrong field count
2025-04-03T21:57:05.957+0000 [WARNING] Skipping malformed line 55: wrong field count
2025-04-03T21:57:05.957+0000 [WARNING] Skipping malformed line 56: wrong field count
2025-04-03T21:57:05.958+0000 [WARNING] Skipping malformed line 57: wrong field count
2025-04-03T21:57:05.958+0000 [WARNING] Skipping malformed line 58: wrong field count
2025-04-03T21:57:05.958+0000 [WARNING] Skipping malformed line 59: wrong field count
2025-04-03T21:57:05.958+0000 [WARNING] Skipping malformed line 60: wrong field count
2025-04-03T21:57:05.959+0000 [WARNING] Skipping malformed line 61: wrong field count
2025-04-03T21:57:05.959+0000 [WARNING] Skipping malformed line 62: wrong field count
2025-04-03T21:57:05.960+0000 [WARNING] Skipping malformed line 63: wrong field count
2025-04-03T21:57:05.960+0000 [WARNING] Skipping malformed line 64: wrong field count
2025-04-03T21:57:05.960+0000 [WARNING] Skipping malformed line 65: wrong field count
2025-04-03T21:57:05.961+0000 [WARNING] Skipping malformed line 66: wrong field count
2025-04-03T21:57:05.961+0000 [WARNING] Skipping malformed line 67: wrong field count
2025-04-03T21:57:05.962+0000 [WARNING] Skipping malformed line 68: wrong field count
2025-04-03T21:57:05.967+0000 [WARNING] Skipping malformed line 69: wrong field count
2025-04-03T21:57:05.969+0000 [WARNING] Skipping malformed line 70: wrong field count
2025-04-03T21:57:05.970+0000 [WARNING] Skipping malformed line 71: wrong field count
2025-04-03T21:57:05.970+0000 [WARNING] Skipping malformed line 72: wrong field count
2025-04-03T21:57:05.971+0000 [WARNING] Skipping malformed line 73: wrong field count
2025-04-03T21:57:05.971+0000 [WARNING] Skipping malformed line 74: wrong field count
2025-04-03T21:57:05.971+0000 [WARNING] Skipping malformed line 75: wrong field count
2025-04-03T21:57:05.976+0000 [WARNING] Skipping malformed line 76: wrong field count
2025-04-03T21:57:05.979+0000 [WARNING] Skipping malformed line 77: wrong field count
2025-04-03T21:57:05.979+0000 [WARNING] Skipping malformed line 78: wrong field count
2025-04-03T21:57:05.981+0000 [WARNING] Skipping malformed line 79: wrong field count
2025-04-03T21:57:05.981+0000 [WARNING] Skipping malformed line 80: wrong field count
2025-04-03T21:57:05.981+0000 [WARNING] Skipping malformed line 81: wrong field count
2025-04-03T21:57:05.981+0000 [WARNING] Skipping malformed line 82: wrong field count
2025-04-03T21:57:05.981+0000 [WARNING] Skipping malformed line 83: wrong field count
2025-04-03T21:57:05.982+0000 [WARNING] Skipping malformed line 84: wrong field count
2025-04-03T21:57:05.982+0000 [WARNING] Skipping malformed line 85: wrong field count
2025-04-03T21:57:05.982+0000 [WARNING] Skipping malformed line 86: wrong field count
2025-04-03T21:57:05.982+0000 [WARNING] Skipping malformed line 87: wrong field count
2025-04-03T21:57:05.982+0000 [WARNING] Skipping malformed line 88: wrong field count
2025-04-03T21:57:05.982+0000 [WARNING] Skipping malformed line 89: wrong field count
2025-04-03T21:57:05.983+0000 [WARNING] Skipping malformed line 90: wrong field count
2025-04-03T21:57:05.983+0000 [WARNING] Skipping malformed line 91: wrong field count
2025-04-03T21:57:05.983+0000 [WARNING] Skipping malformed line 92: wrong field count
2025-04-03T21:57:05.983+0000 [WARNING] Skipping malformed line 93: wrong field count
2025-04-03T21:57:05.984+0000 [WARNING] Skipping malformed line 94: wrong field count
2025-04-03T21:57:06.013+0000 [WARNING] Skipping malformed line 95: wrong field count
2025-04-03T21:57:06.014+0000 [WARNING] Skipping malformed line 96: wrong field count
2025-04-03T21:57:06.014+0000 [WARNING] Skipping malformed line 97: wrong field count
2025-04-03T21:57:06.015+0000 [WARNING] Skipping malformed line 98: wrong field count
2025-04-03T21:57:06.015+0000 [WARNING] Skipping malformed line 99: wrong field count
2025-04-03T21:57:06.017+0000 [WARNING] Skipping malformed line 100: wrong field count
2025-04-03T21:57:06.018+0000 [WARNING] Skipping malformed line 101: wrong field count
2025-04-03T21:57:06.018+0000 [WARNING] Skipping malformed line 102: wrong field count
2025-04-03T21:57:06.020+0000 [WARNING] Skipping malformed line 103: wrong field count
2025-04-03T21:57:06.020+0000 [WARNING] Skipping malformed line 104: wrong field count
2025-04-03T21:57:06.021+0000 [WARNING] Skipping malformed line 105: wrong field count
2025-04-03T21:57:06.022+0000 [WARNING] Skipping malformed line 106: wrong field count
2025-04-03T21:57:06.022+0000 [WARNING] Skipping malformed line 107: wrong field count
2025-04-03T21:57:06.023+0000 [WARNING] Skipping malformed line 108: wrong field count
2025-04-03T21:57:06.024+0000 [WARNING] Skipping malformed line 109: wrong field count
2025-04-03T21:57:06.025+0000 [WARNING] Skipping malformed line 110: wrong field count
2025-04-03T21:57:06.027+0000 [WARNING] Skipping malformed line 111: wrong field count
2025-04-03T21:57:06.028+0000 [WARNING] Skipping malformed line 112: wrong field count
2025-04-03T21:57:06.029+0000 [WARNING] Skipping malformed line 113: wrong field count
2025-04-03T21:57:06.029+0000 [WARNING] Skipping malformed line 114: wrong field count
2025-04-03T21:57:06.029+0000 [WARNING] Skipping malformed line 115: wrong field count
2025-04-03T21:57:06.029+0000 [WARNING] Skipping malformed line 116: wrong field count
2025-04-03T21:57:06.029+0000 [WARNING] Skipping malformed line 117: wrong field count
2025-04-03T21:57:06.029+0000 [WARNING] Skipping malformed line 118: wrong field count
2025-04-03T21:57:06.030+0000 [WARNING] Skipping malformed line 119: wrong field count
2025-04-03T21:57:06.030+0000 [WARNING] Skipping malformed line 120: wrong field count
2025-04-03T21:57:06.030+0000 [WARNING] Skipping malformed line 121: wrong field count
2025-04-03T21:57:06.032+0000 [WARNING] Skipping malformed line 122: wrong field count
2025-04-03T21:57:06.033+0000 [WARNING] Skipping malformed line 123: wrong field count
2025-04-03T21:57:06.034+0000 [WARNING] Skipping malformed line 124: wrong field count
2025-04-03T21:57:06.034+0000 [WARNING] Skipping malformed line 125: wrong field count
2025-04-03T21:57:06.035+0000 [WARNING] Skipping malformed line 126: wrong field count
2025-04-03T21:57:06.035+0000 [WARNING] Skipping malformed line 127: wrong field count
2025-04-03T21:57:06.035+0000 [WARNING] Skipping malformed line 128: wrong field count
2025-04-03T21:57:06.036+0000 [WARNING] Skipping malformed line 129: wrong field count
2025-04-03T21:57:06.036+0000 [WARNING] Skipping malformed line 130: wrong field count
2025-04-03T21:57:06.036+0000 [WARNING] Skipping malformed line 131: wrong field count
2025-04-03T21:57:06.036+0000 [WARNING] Skipping malformed line 132: wrong field count
2025-04-03T21:57:06.036+0000 [WARNING] Skipping malformed line 133: wrong field count
2025-04-03T21:57:06.037+0000 [WARNING] Skipping malformed line 134: wrong field count
2025-04-03T21:57:06.037+0000 [WARNING] Skipping malformed line 135: wrong field count
2025-04-03T21:57:06.037+0000 [WARNING] Skipping malformed line 136: wrong field count
2025-04-03T21:57:06.037+0000 [WARNING] Skipping malformed line 137: wrong field count
2025-04-03T21:57:06.037+0000 [WARNING] Skipping malformed line 138: wrong field count
2025-04-03T21:57:06.038+0000 [WARNING] Skipping malformed line 139: wrong field count
2025-04-03T21:57:06.038+0000 [WARNING] Skipping malformed line 140: wrong field count
2025-04-03T21:57:06.038+0000 [WARNING] Skipping malformed line 141: wrong field count
2025-04-03T21:57:06.038+0000 [WARNING] Skipping malformed line 142: wrong field count
2025-04-03T21:57:06.038+0000 [WARNING] Skipping malformed line 143: wrong field count
2025-04-03T21:57:06.038+0000 [WARNING] Skipping malformed line 144: wrong field count
2025-04-03T21:57:06.038+0000 [WARNING] Skipping malformed line 145: wrong field count
2025-04-03T21:57:06.039+0000 [WARNING] Skipping malformed line 146: wrong field count
2025-04-03T21:57:06.039+0000 [WARNING] Skipping malformed line 147: wrong field count
2025-04-03T21:57:06.039+0000 [WARNING] Skipping malformed line 148: wrong field count
2025-04-03T21:57:06.039+0000 [WARNING] Skipping malformed line 149: wrong field count
2025-04-03T21:57:06.039+0000 [WARNING] Skipping malformed line 150: wrong field count
2025-04-03T21:57:06.039+0000 [WARNING] Skipping malformed line 151: wrong field count
2025-04-03T21:57:06.039+0000 [WARNING] Skipping malformed line 152: wrong field count
2025-04-03T21:57:06.039+0000 [WARNING] Skipping malformed line 153: wrong field count
2025-04-03T21:57:06.039+0000 [WARNING] Skipping malformed line 154: wrong field count
2025-04-03T21:57:06.040+0000 [WARNING] Skipping malformed line 155: wrong field count
2025-04-03T21:57:06.040+0000 [WARNING] Skipping malformed line 156: wrong field count
2025-04-03T21:57:06.040+0000 [WARNING] Skipping malformed line 157: wrong field count
2025-04-03T21:57:06.040+0000 [WARNING] Skipping malformed line 158: wrong field count
2025-04-03T21:57:06.040+0000 [WARNING] Skipping malformed line 159: wrong field count
2025-04-03T21:57:06.040+0000 [WARNING] Skipping malformed line 160: wrong field count
2025-04-03T21:57:06.040+0000 [WARNING] Skipping malformed line 161: wrong field count
2025-04-03T21:57:06.040+0000 [WARNING] Skipping malformed line 162: wrong field count
2025-04-03T21:57:06.040+0000 [WARNING] Skipping malformed line 163: wrong field count
2025-04-03T21:57:06.040+0000 [WARNING] Skipping malformed line 164: wrong field count
2025-04-03T21:57:06.041+0000 [WARNING] Skipping malformed line 165: wrong field count
2025-04-03T21:57:06.041+0000 [WARNING] Skipping malformed line 166: wrong field count
2025-04-03T21:57:06.041+0000 [WARNING] Skipping malformed line 167: wrong field count
2025-04-03T21:57:06.041+0000 [WARNING] Skipping malformed line 168: wrong field count
2025-04-03T21:57:06.041+0000 [WARNING] Skipping malformed line 169: wrong field count
2025-04-03T21:57:06.041+0000 [WARNING] Skipping malformed line 170: wrong field count
2025-04-03T21:57:06.041+0000 [WARNING] Skipping malformed line 171: wrong field count
2025-04-03T21:57:06.041+0000 [WARNING] Skipping malformed line 172: wrong field count
2025-04-03T21:57:06.041+0000 [WARNING] Skipping malformed line 173: wrong field count
2025-04-03T21:57:06.042+0000 [WARNING] Skipping malformed line 174: wrong field count
2025-04-03T21:57:06.042+0000 [WARNING] Skipping malformed line 175: wrong field count
2025-04-03T21:57:06.042+0000 [WARNING] Skipping malformed line 176: wrong field count
2025-04-03T21:57:06.042+0000 [WARNING] Skipping malformed line 177: wrong field count
2025-04-03T21:57:06.042+0000 [WARNING] Skipping malformed line 178: wrong field count
2025-04-03T21:57:06.042+0000 [WARNING] Skipping malformed line 179: wrong field count
2025-04-03T21:57:06.042+0000 [WARNING] Skipping malformed line 180: wrong field count
2025-04-03T21:57:06.042+0000 [WARNING] Skipping malformed line 181: wrong field count
2025-04-03T21:57:06.042+0000 [WARNING] Skipping malformed line 182: wrong field count
2025-04-03T21:57:06.043+0000 [WARNING] Skipping malformed line 183: wrong field count
2025-04-03T21:57:06.043+0000 [WARNING] Skipping malformed line 184: wrong field count
2025-04-03T21:57:06.043+0000 [WARNING] Skipping malformed line 185: wrong field count
2025-04-03T21:57:06.043+0000 [WARNING] Skipping malformed line 186: wrong field count
2025-04-03T21:57:06.043+0000 [WARNING] Skipping malformed line 187: wrong field count
2025-04-03T21:57:06.043+0000 [WARNING] Skipping malformed line 188: wrong field count
2025-04-03T21:57:06.043+0000 [WARNING] Skipping malformed line 189: wrong field count
2025-04-03T21:57:06.044+0000 [WARNING] Skipping malformed line 190: wrong field count
2025-04-03T21:57:06.044+0000 [WARNING] Skipping malformed line 191: wrong field count
2025-04-03T21:57:06.045+0000 [WARNING] Skipping malformed line 192: wrong field count
2025-04-03T21:57:06.046+0000 [WARNING] Skipping malformed line 193: wrong field count
2025-04-03T21:57:06.046+0000 [WARNING] Skipping malformed line 194: wrong field count
2025-04-03T21:57:06.047+0000 [WARNING] Skipping malformed line 195: wrong field count
2025-04-03T21:57:06.048+0000 [WARNING] Skipping malformed line 196: wrong field count
2025-04-03T21:57:06.049+0000 [WARNING] Skipping malformed line 197: wrong field count
2025-04-03T21:57:06.049+0000 [WARNING] Skipping malformed line 198: wrong field count
2025-04-03T21:57:06.049+0000 [WARNING] Skipping malformed line 199: wrong field count
2025-04-03T21:57:06.050+0000 [WARNING] Skipping malformed line 200: wrong field count
2025-04-03T21:57:06.050+0000 [WARNING] Skipping malformed line 201: wrong field count
2025-04-03T21:57:06.051+0000 [WARNING] Skipping malformed line 202: wrong field count
2025-04-03T21:57:06.051+0000 [WARNING] Skipping malformed line 203: wrong field count
2025-04-03T21:57:06.052+0000 [WARNING] Skipping malformed line 204: wrong field count
2025-04-03T21:57:06.052+0000 [WARNING] Skipping malformed line 205: wrong field count
2025-04-03T21:57:06.052+0000 [WARNING] Skipping malformed line 206: wrong field count
2025-04-03T21:57:06.052+0000 [WARNING] Skipping malformed line 207: wrong field count
2025-04-03T21:57:06.053+0000 [WARNING] Skipping malformed line 208: wrong field count
2025-04-03T21:57:06.053+0000 [WARNING] Skipping malformed line 209: wrong field count
2025-04-03T21:57:06.054+0000 [WARNING] Skipping malformed line 210: wrong field count
2025-04-03T21:57:06.054+0000 [WARNING] Skipping malformed line 211: wrong field count
2025-04-03T21:57:06.055+0000 [WARNING] Skipping malformed line 212: wrong field count
2025-04-03T21:57:06.055+0000 [WARNING] Skipping malformed line 213: wrong field count
2025-04-03T21:57:06.055+0000 [WARNING] Skipping malformed line 214: wrong field count
2025-04-03T21:57:06.055+0000 [WARNING] Skipping malformed line 215: wrong field count
2025-04-03T21:57:06.056+0000 [WARNING] Skipping malformed line 216: wrong field count
2025-04-03T21:57:06.056+0000 [WARNING] Skipping malformed line 217: wrong field count
2025-04-03T21:57:06.056+0000 [WARNING] Skipping malformed line 218: wrong field count
2025-04-03T21:57:06.056+0000 [WARNING] Skipping malformed line 219: wrong field count
2025-04-03T21:57:06.056+0000 [WARNING] Skipping malformed line 220: wrong field count
2025-04-03T21:57:06.056+0000 [WARNING] Skipping malformed line 221: wrong field count
2025-04-03T21:57:06.056+0000 [WARNING] Skipping malformed line 222: wrong field count
2025-04-03T21:57:06.056+0000 [WARNING] Skipping malformed line 223: wrong field count
2025-04-03T21:57:06.056+0000 [WARNING] Skipping malformed line 224: wrong field count
2025-04-03T21:57:06.057+0000 [WARNING] Skipping malformed line 225: wrong field count
2025-04-03T21:57:06.057+0000 [WARNING] Skipping malformed line 226: wrong field count
2025-04-03T21:57:06.057+0000 [WARNING] Skipping malformed line 227: wrong field count
2025-04-03T21:57:06.057+0000 [WARNING] Skipping malformed line 228: wrong field count
2025-04-03T21:57:06.057+0000 [WARNING] Skipping malformed line 229: wrong field count
2025-04-03T21:57:06.057+0000 [WARNING] Skipping malformed line 230: wrong field count
2025-04-03T21:57:06.057+0000 [WARNING] Skipping malformed line 231: wrong field count
2025-04-03T21:57:06.057+0000 [WARNING] Skipping malformed line 232: wrong field count
2025-04-03T21:57:06.057+0000 [WARNING] Skipping malformed line 233: wrong field count
2025-04-03T21:57:06.058+0000 [WARNING] Skipping malformed line 234: wrong field count
2025-04-03T21:57:06.058+0000 [WARNING] Skipping malformed line 235: wrong field count
2025-04-03T21:57:06.058+0000 [WARNING] Skipping malformed line 236: wrong field count
2025-04-03T21:57:06.058+0000 [WARNING] Skipping malformed line 237: wrong field count
2025-04-03T21:57:06.058+0000 [WARNING] Skipping malformed line 238: wrong field count
2025-04-03T21:57:06.058+0000 [WARNING] Skipping malformed line 239: wrong field count
2025-04-03T21:57:06.058+0000 [WARNING] Skipping malformed line 240: wrong field count
2025-04-03T21:57:06.058+0000 [WARNING] Skipping malformed line 241: wrong field count
2025-04-03T21:57:06.058+0000 [WARNING] Skipping malformed line 242: wrong field count
2025-04-03T21:57:06.058+0000 [WARNING] Skipping malformed line 243: wrong field count
2025-04-03T21:57:06.059+0000 [WARNING] Skipping malformed line 244: wrong field count
2025-04-03T21:57:06.059+0000 [WARNING] Skipping malformed line 245: wrong field count
2025-04-03T21:57:06.059+0000 [WARNING] Skipping malformed line 246: wrong field count
2025-04-03T21:57:06.059+0000 [WARNING] Skipping malformed line 247: wrong field count
2025-04-03T21:57:06.059+0000 [WARNING] Skipping malformed line 248: wrong field count
2025-04-03T21:57:06.059+0000 [WARNING] Skipping malformed line 249: wrong field count
2025-04-03T21:57:06.059+0000 [WARNING] Skipping malformed line 250: wrong field count
2025-04-03T21:57:06.059+0000 [WARNING] Skipping malformed line 251: wrong field count
2025-04-03T21:57:06.059+0000 [WARNING] Skipping malformed line 252: wrong field count
2025-04-03T21:57:06.060+0000 [WARNING] Skipping malformed line 253: wrong field count
2025-04-03T21:57:06.060+0000 [WARNING] Skipping malformed line 254: wrong field count
2025-04-03T21:57:06.060+0000 [WARNING] Skipping malformed line 255: wrong field count
2025-04-03T21:57:06.060+0000 [WARNING] Skipping malformed line 256: wrong field count
2025-04-03T21:57:06.060+0000 [WARNING] Skipping malformed line 257: wrong field count
2025-04-03T21:57:06.060+0000 [WARNING] Skipping malformed line 258: wrong field count
2025-04-03T21:57:06.060+0000 [WARNING] Skipping malformed line 259: wrong field count
2025-04-03T21:57:06.061+0000 [WARNING] Skipping malformed line 260: wrong field count
2025-04-03T21:57:06.061+0000 [WARNING] Skipping malformed line 261: wrong field count
2025-04-03T21:57:06.061+0000 [WARNING] Skipping malformed line 262: wrong field count
2025-04-03T21:57:06.061+0000 [WARNING] Skipping malformed line 263: wrong field count
2025-04-03T21:57:06.061+0000 [WARNING] Skipping malformed line 264: wrong field count
2025-04-03T21:57:06.061+0000 [WARNING] Skipping malformed line 265: wrong field count
2025-04-03T21:57:06.061+0000 [WARNING] Skipping malformed line 266: wrong field count
2025-04-03T21:57:06.061+0000 [WARNING] Skipping malformed line 267: wrong field count
2025-04-03T21:57:06.062+0000 [WARNING] Skipping malformed line 268: wrong field count
2025-04-03T21:57:06.062+0000 [WARNING] Skipping malformed line 269: wrong field count
2025-04-03T21:57:06.062+0000 [WARNING] Skipping malformed line 270: wrong field count
2025-04-03T21:57:06.062+0000 [WARNING] Skipping malformed line 271: wrong field count
2025-04-03T21:57:06.062+0000 [WARNING] Skipping malformed line 272: wrong field count
2025-04-03T21:57:06.062+0000 [WARNING] Skipping malformed line 273: wrong field count
2025-04-03T21:57:06.062+0000 [WARNING] Skipping malformed line 274: wrong field count
2025-04-03T21:57:06.062+0000 [WARNING] Skipping malformed line 275: wrong field count
2025-04-03T21:57:06.063+0000 [WARNING] Skipping malformed line 276: wrong field count
2025-04-03T21:57:06.063+0000 [WARNING] Skipping malformed line 277: wrong field count
2025-04-03T21:57:06.063+0000 [WARNING] Skipping malformed line 278: wrong field count
2025-04-03T21:57:06.063+0000 [WARNING] Skipping malformed line 279: wrong field count
2025-04-03T21:57:06.063+0000 [WARNING] Skipping malformed line 280: wrong field count
2025-04-03T21:57:06.064+0000 [WARNING] Skipping malformed line 281: wrong field count
2025-04-03T21:57:06.064+0000 [WARNING] Skipping malformed line 282: wrong field count
2025-04-03T21:57:06.064+0000 [WARNING] Skipping malformed line 283: wrong field count
2025-04-03T21:57:06.064+0000 [WARNING] Skipping malformed line 284: wrong field count
2025-04-03T21:57:06.064+0000 [WARNING] Skipping malformed line 285: wrong field count
2025-04-03T21:57:06.064+0000 [WARNING] Skipping malformed line 286: wrong field count
2025-04-03T21:57:06.065+0000 [WARNING] Skipping malformed line 287: wrong field count
2025-04-03T21:57:06.065+0000 [WARNING] Skipping malformed line 288: wrong field count
2025-04-03T21:57:06.065+0000 [WARNING] Skipping malformed line 289: wrong field count
2025-04-03T21:57:06.065+0000 [WARNING] Skipping malformed line 290: wrong field count
2025-04-03T21:57:06.065+0000 [WARNING] Skipping malformed line 291: wrong field count
2025-04-03T21:57:06.065+0000 [WARNING] Skipping malformed line 292: wrong field count
2025-04-03T21:57:06.065+0000 [WARNING] Skipping malformed line 293: wrong field count
2025-04-03T21:57:06.065+0000 [WARNING] Skipping malformed line 294: wrong field count
2025-04-03T21:57:06.066+0000 [WARNING] Skipping malformed line 295: wrong field count
2025-04-03T21:57:06.066+0000 [WARNING] Skipping malformed line 296: wrong field count
2025-04-03T21:57:06.066+0000 [WARNING] Skipping malformed line 297: wrong field count
2025-04-03T21:57:06.066+0000 [WARNING] Skipping malformed line 298: wrong field count
2025-04-03T21:57:06.066+0000 [WARNING] Skipping malformed line 299: wrong field count
2025-04-03T21:57:06.066+0000 [WARNING] Skipping malformed line 300: wrong field count
2025-04-03T21:57:06.066+0000 [WARNING] Skipping malformed line 301: wrong field count
2025-04-03T21:57:06.066+0000 [WARNING] Skipping malformed line 302: wrong field count
2025-04-03T21:57:06.066+0000 [WARNING] Skipping malformed line 303: wrong field count
2025-04-03T21:57:06.067+0000 [WARNING] Skipping malformed line 304: wrong field count
2025-04-03T21:57:06.067+0000 [WARNING] Skipping malformed line 305: wrong field count
2025-04-03T21:57:06.067+0000 [WARNING] Skipping malformed line 306: wrong field count
2025-04-03T21:57:06.067+0000 [WARNING] Skipping malformed line 307: wrong field count
2025-04-03T21:57:06.067+0000 [WARNING] Skipping malformed line 308: wrong field count
2025-04-03T21:57:06.067+0000 [WARNING] Skipping malformed line 309: wrong field count
2025-04-03T21:57:06.067+0000 [WARNING] Skipping malformed line 310: wrong field count
2025-04-03T21:57:06.068+0000 [WARNING] Skipping malformed line 311: wrong field count
2025-04-03T21:57:06.068+0000 [WARNING] Skipping malformed line 312: wrong field count
2025-04-03T21:57:06.068+0000 [WARNING] Skipping malformed line 313: wrong field count
2025-04-03T21:57:06.068+0000 [WARNING] Skipping malformed line 314: wrong field count
2025-04-03T21:57:06.068+0000 [WARNING] Skipping malformed line 315: wrong field count
2025-04-03T21:57:06.068+0000 [WARNING] Skipping malformed line 316: wrong field count
2025-04-03T21:57:06.068+0000 [WARNING] Skipping malformed line 317: wrong field count
2025-04-03T21:57:06.068+0000 [WARNING] Skipping malformed line 318: wrong field count
2025-04-03T21:57:06.068+0000 [WARNING] Skipping malformed line 319: wrong field count
2025-04-03T21:57:06.069+0000 [WARNING] Skipping malformed line 320: wrong field count
2025-04-03T21:57:06.069+0000 [WARNING] Skipping malformed line 321: wrong field count
2025-04-03T21:57:06.069+0000 [WARNING] Skipping malformed line 322: wrong field count
2025-04-03T21:57:06.069+0000 [WARNING] Skipping malformed line 323: wrong field count
2025-04-03T21:57:06.069+0000 [WARNING] Skipping malformed line 324: wrong field count
2025-04-03T21:57:06.070+0000 [WARNING] Skipping malformed line 325: wrong field count
2025-04-03T21:57:06.070+0000 [WARNING] Skipping malformed line 326: wrong field count
2025-04-03T21:57:06.071+0000 [WARNING] Skipping malformed line 327: wrong field count
2025-04-03T21:57:06.071+0000 [WARNING] Skipping malformed line 328: wrong field count
2025-04-03T21:57:06.072+0000 [WARNING] Skipping malformed line 329: wrong field count
2025-04-03T21:57:06.072+0000 [WARNING] Skipping malformed line 330: wrong field count
2025-04-03T21:57:06.076+0000 [WARNING] Skipping malformed line 331: wrong field count
2025-04-03T21:57:06.077+0000 [WARNING] Skipping malformed line 332: wrong field count
2025-04-03T21:57:06.077+0000 [WARNING] Skipping malformed line 333: wrong field count
2025-04-03T21:57:06.077+0000 [WARNING] Skipping malformed line 334: wrong field count
2025-04-03T21:57:06.078+0000 [WARNING] Skipping malformed line 335: wrong field count
2025-04-03T21:57:06.078+0000 [WARNING] Skipping malformed line 336: wrong field count
2025-04-03T21:57:06.078+0000 [WARNING] Skipping malformed line 337: wrong field count
2025-04-03T21:57:06.079+0000 [WARNING] Skipping malformed line 338: wrong field count
2025-04-03T21:57:06.079+0000 [WARNING] Skipping malformed line 339: wrong field count
2025-04-03T21:57:06.080+0000 [WARNING] Skipping malformed line 340: wrong field count
2025-04-03T21:57:06.080+0000 [WARNING] Skipping malformed line 341: wrong field count
2025-04-03T21:57:06.080+0000 [WARNING] Skipping malformed line 342: wrong field count
2025-04-03T21:57:06.081+0000 [WARNING] Skipping malformed line 343: wrong field count
2025-04-03T21:57:06.083+0000 [WARNING] Skipping malformed line 344: wrong field count
2025-04-03T21:57:06.083+0000 [WARNING] Skipping malformed line 345: wrong field count
2025-04-03T21:57:06.083+0000 [WARNING] Skipping malformed line 346: wrong field count
2025-04-03T21:57:06.113+0000 [WARNING] Skipping malformed line 347: wrong field count
2025-04-03T21:57:06.114+0000 [WARNING] Skipping malformed line 348: wrong field count
2025-04-03T21:57:06.114+0000 [WARNING] Skipping malformed line 349: wrong field count
2025-04-03T21:57:06.114+0000 [WARNING] Skipping malformed line 350: wrong field count
2025-04-03T21:57:06.115+0000 [WARNING] Skipping malformed line 351: wrong field count
2025-04-03T21:57:06.115+0000 [WARNING] Skipping malformed line 352: wrong field count
2025-04-03T21:57:06.115+0000 [WARNING] Skipping malformed line 353: wrong field count
2025-04-03T21:57:06.115+0000 [WARNING] Skipping malformed line 354: wrong field count
2025-04-03T21:57:06.116+0000 [WARNING] Skipping malformed line 355: wrong field count
2025-04-03T21:57:06.116+0000 [WARNING] Skipping malformed line 356: wrong field count
2025-04-03T21:57:06.116+0000 [WARNING] Skipping malformed line 357: wrong field count
2025-04-03T21:57:06.116+0000 [WARNING] Skipping malformed line 358: wrong field count
2025-04-03T21:57:06.118+0000 [WARNING] Skipping malformed line 359: wrong field count
2025-04-03T21:57:06.118+0000 [WARNING] Skipping malformed line 360: wrong field count
2025-04-03T21:57:06.118+0000 [WARNING] Skipping malformed line 361: wrong field count
2025-04-03T21:57:06.118+0000 [WARNING] Skipping malformed line 362: wrong field count
2025-04-03T21:57:06.119+0000 [WARNING] Skipping malformed line 363: wrong field count
2025-04-03T21:57:06.124+0000 [WARNING] Skipping malformed line 364: wrong field count
2025-04-03T21:57:06.124+0000 [WARNING] Skipping malformed line 365: wrong field count
2025-04-03T21:57:06.125+0000 [WARNING] Skipping malformed line 366: wrong field count
2025-04-03T21:57:06.125+0000 [WARNING] Skipping malformed line 367: wrong field count
2025-04-03T21:57:06.125+0000 [WARNING] Skipping malformed line 368: wrong field count
2025-04-03T21:57:06.125+0000 [WARNING] Skipping malformed line 369: wrong field count
2025-04-03T21:57:06.126+0000 [WARNING] Skipping malformed line 370: wrong field count
2025-04-03T21:57:06.126+0000 [WARNING] Skipping malformed line 371: wrong field count
2025-04-03T21:57:06.127+0000 [WARNING] Skipping malformed line 372: wrong field count
2025-04-03T21:57:06.127+0000 [WARNING] Skipping malformed line 373: wrong field count
2025-04-03T21:57:06.128+0000 [WARNING] Skipping malformed line 374: wrong field count
2025-04-03T21:57:06.130+0000 [WARNING] Skipping malformed line 375: wrong field count
2025-04-03T21:57:06.131+0000 [WARNING] Skipping malformed line 376: wrong field count
2025-04-03T21:57:06.132+0000 [WARNING] Skipping malformed line 377: wrong field count
2025-04-03T21:57:06.132+0000 [WARNING] Skipping malformed line 378: wrong field count
2025-04-03T21:57:06.132+0000 [WARNING] Skipping malformed line 379: wrong field count
2025-04-03T21:57:06.136+0000 [WARNING] Skipping malformed line 380: wrong field count
2025-04-03T21:57:06.136+0000 [WARNING] Skipping malformed line 381: wrong field count
2025-04-03T21:57:06.137+0000 [WARNING] Skipping malformed line 382: wrong field count
2025-04-03T21:57:06.137+0000 [WARNING] Skipping malformed line 383: wrong field count
2025-04-03T21:57:06.137+0000 [WARNING] Skipping malformed line 384: wrong field count
2025-04-03T21:57:06.138+0000 [WARNING] Skipping malformed line 385: wrong field count
2025-04-03T21:57:06.138+0000 [WARNING] Skipping malformed line 386: wrong field count
2025-04-03T21:57:06.138+0000 [WARNING] Skipping malformed line 387: wrong field count
2025-04-03T21:57:06.138+0000 [WARNING] Skipping malformed line 388: wrong field count
2025-04-03T21:57:06.139+0000 [WARNING] Skipping malformed line 389: wrong field count
2025-04-03T21:57:06.139+0000 [WARNING] Skipping malformed line 390: wrong field count
2025-04-03T21:57:06.140+0000 [WARNING] Skipping malformed line 391: wrong field count
2025-04-03T21:57:06.140+0000 [WARNING] Skipping malformed line 392: wrong field count
2025-04-03T21:57:06.142+0000 [WARNING] Skipping malformed line 393: wrong field count
2025-04-03T21:57:06.142+0000 [WARNING] Skipping malformed line 394: wrong field count
2025-04-03T21:57:06.142+0000 [WARNING] Skipping malformed line 395: wrong field count
2025-04-03T21:57:06.143+0000 [WARNING] Skipping malformed line 396: wrong field count
2025-04-03T21:57:06.143+0000 [WARNING] Skipping malformed line 397: wrong field count
2025-04-03T21:57:06.143+0000 [WARNING] Skipping malformed line 398: wrong field count
2025-04-03T21:57:06.143+0000 [WARNING] Skipping malformed line 399: wrong field count
2025-04-03T21:57:06.144+0000 [WARNING] Skipping malformed line 400: wrong field count
2025-04-03T21:57:06.145+0000 [WARNING] Skipping malformed line 401: wrong field count
2025-04-03T21:57:06.146+0000 [WARNING] Skipping malformed line 402: wrong field count
2025-04-03T21:57:06.147+0000 [WARNING] Skipping malformed line 403: wrong field count
2025-04-03T21:57:06.149+0000 [WARNING] Skipping malformed line 404: wrong field count
2025-04-03T21:57:06.150+0000 [WARNING] Skipping malformed line 405: wrong field count
2025-04-03T21:57:06.154+0000 [WARNING] Skipping malformed line 406: wrong field count
2025-04-03T21:57:06.155+0000 [WARNING] Skipping malformed line 407: wrong field count
2025-04-03T21:57:06.156+0000 [WARNING] Skipping malformed line 408: wrong field count
2025-04-03T21:57:06.156+0000 [WARNING] Skipping malformed line 409: wrong field count
2025-04-03T21:57:06.157+0000 [WARNING] Skipping malformed line 410: wrong field count
2025-04-03T21:57:06.157+0000 [WARNING] Skipping malformed line 411: wrong field count
2025-04-03T21:57:06.157+0000 [WARNING] Skipping malformed line 412: wrong field count
2025-04-03T21:57:06.157+0000 [WARNING] Skipping malformed line 413: wrong field count
2025-04-03T21:57:06.158+0000 [WARNING] Skipping malformed line 414: wrong field count
2025-04-03T21:57:06.158+0000 [WARNING] Skipping malformed line 415: wrong field count
2025-04-03T21:57:06.158+0000 [WARNING] Skipping malformed line 416: wrong field count
2025-04-03T21:57:06.159+0000 [WARNING] Skipping malformed line 417: wrong field count
2025-04-03T21:57:06.159+0000 [WARNING] Skipping malformed line 418: wrong field count
2025-04-03T21:57:06.160+0000 [WARNING] Skipping malformed line 419: wrong field count
2025-04-03T21:57:06.161+0000 [WARNING] Skipping malformed line 420: wrong field count
2025-04-03T21:57:06.161+0000 [WARNING] Skipping malformed line 421: wrong field count
2025-04-03T21:57:06.161+0000 [WARNING] Skipping malformed line 422: wrong field count
2025-04-03T21:57:06.162+0000 [WARNING] Skipping malformed line 423: wrong field count
2025-04-03T21:57:06.163+0000 [WARNING] Skipping malformed line 424: wrong field count
2025-04-03T21:57:06.164+0000 [WARNING] Skipping malformed line 425: wrong field count
2025-04-03T21:57:06.164+0000 [WARNING] Skipping malformed line 426: wrong field count
2025-04-03T21:57:06.164+0000 [WARNING] Skipping malformed line 427: wrong field count
2025-04-03T21:57:06.165+0000 [WARNING] Skipping malformed line 428: wrong field count
2025-04-03T21:57:06.166+0000 [WARNING] Skipping malformed line 429: wrong field count
2025-04-03T21:57:06.166+0000 [WARNING] Skipping malformed line 430: wrong field count
2025-04-03T21:57:06.166+0000 [WARNING] Skipping malformed line 431: wrong field count
2025-04-03T21:57:06.167+0000 [WARNING] Skipping malformed line 432: wrong field count
2025-04-03T21:57:06.167+0000 [WARNING] Skipping malformed line 433: wrong field count
2025-04-03T21:57:06.168+0000 [WARNING] Skipping malformed line 434: wrong field count
2025-04-03T21:57:06.168+0000 [WARNING] Skipping malformed line 435: wrong field count
2025-04-03T21:57:06.169+0000 [WARNING] Skipping malformed line 436: wrong field count
2025-04-03T21:57:06.170+0000 [WARNING] Skipping malformed line 437: wrong field count
2025-04-03T21:57:06.170+0000 [WARNING] Skipping malformed line 438: wrong field count
2025-04-03T21:57:06.171+0000 [WARNING] Skipping malformed line 439: wrong field count
2025-04-03T21:57:06.172+0000 [WARNING] Skipping malformed line 440: wrong field count
2025-04-03T21:57:06.172+0000 [WARNING] Skipping malformed line 441: wrong field count
2025-04-03T21:57:06.172+0000 [WARNING] Skipping malformed line 442: wrong field count
2025-04-03T21:57:06.173+0000 [WARNING] Skipping malformed line 443: wrong field count
2025-04-03T21:57:06.173+0000 [WARNING] Skipping malformed line 444: wrong field count
2025-04-03T21:57:06.174+0000 [WARNING] Skipping malformed line 445: wrong field count
2025-04-03T21:57:06.213+0000 [WARNING] Skipping malformed line 446: wrong field count
2025-04-03T21:57:06.214+0000 [WARNING] Skipping malformed line 447: wrong field count
2025-04-03T21:57:06.214+0000 [WARNING] Skipping malformed line 448: wrong field count
2025-04-03T21:57:06.214+0000 [WARNING] Skipping malformed line 449: wrong field count
2025-04-03T21:57:06.214+0000 [WARNING] Skipping malformed line 450: wrong field count
2025-04-03T21:57:06.214+0000 [WARNING] Skipping malformed line 451: wrong field count
2025-04-03T21:57:06.215+0000 [WARNING] Skipping malformed line 452: wrong field count
2025-04-03T21:57:06.216+0000 [WARNING] Skipping malformed line 453: wrong field count
2025-04-03T21:57:06.216+0000 [WARNING] Skipping malformed line 454: wrong field count
2025-04-03T21:57:06.216+0000 [WARNING] Skipping malformed line 455: wrong field count
2025-04-03T21:57:06.216+0000 [WARNING] Skipping malformed line 456: wrong field count
2025-04-03T21:57:06.216+0000 [WARNING] Skipping malformed line 457: wrong field count
2025-04-03T21:57:06.216+0000 [WARNING] Skipping malformed line 458: wrong field count
2025-04-03T21:57:06.216+0000 [WARNING] Skipping malformed line 459: wrong field count
2025-04-03T21:57:06.217+0000 [WARNING] Skipping malformed line 460: wrong field count
2025-04-03T21:57:06.217+0000 [WARNING] Skipping malformed line 461: wrong field count
2025-04-03T21:57:06.217+0000 [WARNING] Skipping malformed line 462: wrong field count
2025-04-03T21:57:06.217+0000 [WARNING] Skipping malformed line 463: wrong field count
2025-04-03T21:57:06.217+0000 [WARNING] Skipping malformed line 464: wrong field count
2025-04-03T21:57:06.218+0000 [WARNING] Skipping malformed line 465: wrong field count
2025-04-03T21:57:06.218+0000 [WARNING] Skipping malformed line 466: wrong field count
2025-04-03T21:57:06.218+0000 [WARNING] Skipping malformed line 467: wrong field count
2025-04-03T21:57:06.218+0000 [WARNING] Skipping malformed line 468: wrong field count
2025-04-03T21:57:06.218+0000 [WARNING] Skipping malformed line 469: wrong field count
2025-04-03T21:57:06.218+0000 [WARNING] Skipping malformed line 470: wrong field count
2025-04-03T21:57:06.218+0000 [WARNING] Skipping malformed line 471: wrong field count
2025-04-03T21:57:06.219+0000 [WARNING] Skipping malformed line 472: wrong field count
2025-04-03T21:57:06.219+0000 [WARNING] Skipping malformed line 473: wrong field count
2025-04-03T21:57:06.219+0000 [WARNING] Skipping malformed line 474: wrong field count
2025-04-03T21:57:06.219+0000 [WARNING] Skipping malformed line 475: wrong field count
2025-04-03T21:57:06.219+0000 [WARNING] Skipping malformed line 476: wrong field count
2025-04-03T21:57:06.219+0000 [WARNING] Skipping malformed line 477: wrong field count
2025-04-03T21:57:06.219+0000 [WARNING] Skipping malformed line 478: wrong field count
2025-04-03T21:57:06.219+0000 [WARNING] Skipping malformed line 479: wrong field count
2025-04-03T21:57:06.220+0000 [WARNING] Skipping malformed line 480: wrong field count
2025-04-03T21:57:06.220+0000 [WARNING] Skipping malformed line 481: wrong field count
2025-04-03T21:57:06.220+0000 [WARNING] Skipping malformed line 482: wrong field count
2025-04-03T21:57:06.220+0000 [WARNING] Skipping malformed line 483: wrong field count
2025-04-03T21:57:06.220+0000 [WARNING] Skipping malformed line 484: wrong field count
2025-04-03T21:57:06.220+0000 [WARNING] Skipping malformed line 485: wrong field count
2025-04-03T21:57:06.220+0000 [WARNING] Skipping malformed line 486: wrong field count
2025-04-03T21:57:06.220+0000 [WARNING] Skipping malformed line 487: wrong field count
2025-04-03T21:57:06.221+0000 [WARNING] Skipping malformed line 488: wrong field count
2025-04-03T21:57:06.221+0000 [WARNING] Skipping malformed line 489: wrong field count
2025-04-03T21:57:06.221+0000 [WARNING] Skipping malformed line 490: wrong field count
2025-04-03T21:57:06.221+0000 [WARNING] Skipping malformed line 491: wrong field count
2025-04-03T21:57:06.221+0000 [WARNING] Skipping malformed line 492: wrong field count
2025-04-03T21:57:06.221+0000 [WARNING] Skipping malformed line 493: wrong field count
2025-04-03T21:57:06.221+0000 [WARNING] Skipping malformed line 494: wrong field count
2025-04-03T21:57:06.221+0000 [WARNING] Skipping malformed line 499: wrong field count
2025-04-03T21:57:06.222+0000 [WARNING] Skipping malformed line 500: wrong field count
2025-04-03T21:57:06.222+0000 [WARNING] Skipping malformed line 501: wrong field count
2025-04-03T21:57:06.222+0000 [WARNING] Skipping malformed line 502: wrong field count
2025-04-03T21:57:06.222+0000 [WARNING] Skipping malformed line 503: wrong field count
2025-04-03T21:57:06.222+0000 [WARNING] Skipping malformed line 504: wrong field count
2025-04-03T21:57:06.222+0000 [WARNING] Skipping malformed line 505: wrong field count
2025-04-03T21:57:06.222+0000 [WARNING] Skipping malformed line 506: wrong field count
2025-04-03T21:57:06.222+0000 [WARNING] Skipping malformed line 507: wrong field count
2025-04-03T21:57:06.222+0000 [WARNING] Skipping malformed line 508: wrong field count
2025-04-03T21:57:06.223+0000 [WARNING] Skipping malformed line 509: wrong field count
2025-04-03T21:57:06.223+0000 [WARNING] Skipping malformed line 510: wrong field count
2025-04-03T21:57:06.223+0000 [WARNING] Skipping malformed line 511: wrong field count
2025-04-03T21:57:06.223+0000 [WARNING] Skipping malformed line 512: wrong field count
2025-04-03T21:57:06.223+0000 [WARNING] Skipping malformed line 513: wrong field count
2025-04-03T21:57:06.223+0000 [WARNING] Skipping malformed line 514: wrong field count
2025-04-03T21:57:06.223+0000 [WARNING] Skipping malformed line 515: wrong field count
2025-04-03T21:57:06.223+0000 [WARNING] Skipping malformed line 516: wrong field count
2025-04-03T21:57:06.223+0000 [WARNING] Skipping malformed line 517: wrong field count
2025-04-03T21:57:06.224+0000 [WARNING] Skipping malformed line 518: wrong field count
2025-04-03T21:57:06.224+0000 [WARNING] Skipping malformed line 519: wrong field count
2025-04-03T21:57:06.224+0000 [WARNING] Skipping malformed line 520: wrong field count
2025-04-03T21:57:06.224+0000 [WARNING] Skipping malformed line 521: wrong field count
2025-04-03T21:57:06.224+0000 [WARNING] Skipping malformed line 522: wrong field count
2025-04-03T21:57:06.224+0000 [WARNING] Skipping malformed line 523: wrong field count
2025-04-03T21:57:06.224+0000 [WARNING] Skipping malformed line 524: wrong field count
2025-04-03T21:57:06.224+0000 [WARNING] Skipping malformed line 525: wrong field count
2025-04-03T21:57:06.224+0000 [WARNING] Skipping malformed line 526: wrong field count
2025-04-03T21:57:06.224+0000 [WARNING] Skipping malformed line 527: wrong field count
2025-04-03T21:57:06.225+0000 [WARNING] Skipping malformed line 528: wrong field count
2025-04-03T21:57:06.225+0000 [WARNING] Skipping malformed line 529: wrong field count
2025-04-03T21:57:06.225+0000 [WARNING] Skipping malformed line 530: wrong field count
2025-04-03T21:57:06.225+0000 [WARNING] Skipping malformed line 531: wrong field count
2025-04-03T21:57:06.226+0000 [WARNING] Skipping malformed line 532: wrong field count
2025-04-03T21:57:06.226+0000 [WARNING] Skipping malformed line 533: wrong field count
2025-04-03T21:57:06.226+0000 [WARNING] Skipping malformed line 534: wrong field count
2025-04-03T21:57:06.227+0000 [WARNING] Skipping malformed line 535: wrong field count
2025-04-03T21:57:06.227+0000 [WARNING] Skipping malformed line 536: wrong field count
2025-04-03T21:57:06.227+0000 [WARNING] Skipping malformed line 537: wrong field count
2025-04-03T21:57:06.227+0000 [WARNING] Skipping malformed line 538: wrong field count
2025-04-03T21:57:06.227+0000 [WARNING] Skipping malformed line 539: wrong field count
2025-04-03T21:57:06.228+0000 [WARNING] Skipping malformed line 540: wrong field count
2025-04-03T21:57:06.228+0000 [WARNING] Skipping malformed line 541: wrong field count
2025-04-03T21:57:06.228+0000 [WARNING] Skipping malformed line 542: wrong field count
2025-04-03T21:57:06.228+0000 [WARNING] Skipping malformed line 543: wrong field count
2025-04-03T21:57:06.228+0000 [WARNING] Skipping malformed line 544: wrong field count
2025-04-03T21:57:06.228+0000 [WARNING] Skipping malformed line 545: wrong field count
2025-04-03T21:57:06.228+0000 [WARNING] Skipping malformed line 546: wrong field count
2025-04-03T21:57:06.228+0000 [WARNING] Skipping malformed line 547: wrong field count
2025-04-03T21:57:06.229+0000 [WARNING] Skipping malformed line 548: wrong field count
2025-04-03T21:57:06.229+0000 [WARNING] Skipping malformed line 549: wrong field count
2025-04-03T21:57:06.229+0000 [WARNING] Skipping malformed line 550: wrong field count
2025-04-03T21:57:06.229+0000 [WARNING] Skipping malformed line 551: wrong field count
2025-04-03T21:57:06.229+0000 [WARNING] Skipping malformed line 552: wrong field count
2025-04-03T21:57:06.229+0000 [WARNING] Skipping malformed line 553: wrong field count
2025-04-03T21:57:06.229+0000 [WARNING] Skipping malformed line 554: wrong field count
2025-04-03T21:57:06.230+0000 [WARNING] Skipping malformed line 555: wrong field count
2025-04-03T21:57:06.230+0000 [WARNING] Skipping malformed line 556: wrong field count
2025-04-03T21:57:06.230+0000 [WARNING] Skipping malformed line 557: wrong field count
2025-04-03T21:57:06.230+0000 [WARNING] Skipping malformed line 558: wrong field count
2025-04-03T21:57:06.230+0000 [WARNING] Skipping malformed line 563: wrong field count
2025-04-03T21:57:06.230+0000 [WARNING] Skipping malformed line 564: wrong field count
2025-04-03T21:57:06.230+0000 [WARNING] Skipping malformed line 565: wrong field count
2025-04-03T21:57:06.231+0000 [WARNING] Skipping malformed line 566: wrong field count
2025-04-03T21:57:06.231+0000 [WARNING] Skipping malformed line 567: wrong field count
2025-04-03T21:57:06.231+0000 [WARNING] Skipping malformed line 568: wrong field count
2025-04-03T21:57:06.231+0000 [WARNING] Skipping malformed line 569: wrong field count
2025-04-03T21:57:06.231+0000 [WARNING] Skipping malformed line 570: wrong field count
2025-04-03T21:57:06.231+0000 [WARNING] Skipping malformed line 571: wrong field count
2025-04-03T21:57:06.232+0000 [WARNING] Skipping malformed line 572: wrong field count
2025-04-03T21:57:06.232+0000 [WARNING] Skipping malformed line 573: wrong field count
2025-04-03T21:57:06.232+0000 [WARNING] Skipping malformed line 574: wrong field count
2025-04-03T21:57:06.232+0000 [WARNING] Skipping malformed line 575: wrong field count
2025-04-03T21:57:06.232+0000 [WARNING] Skipping malformed line 576: wrong field count
2025-04-03T21:57:06.232+0000 [WARNING] Skipping malformed line 577: wrong field count
2025-04-03T21:57:06.232+0000 [WARNING] Skipping malformed line 578: wrong field count
2025-04-03T21:57:06.232+0000 [WARNING] Skipping malformed line 579: wrong field count
2025-04-03T21:57:06.232+0000 [WARNING] Skipping malformed line 580: wrong field count
2025-04-03T21:57:06.233+0000 [WARNING] Skipping malformed line 581: wrong field count
2025-04-03T21:57:06.233+0000 [WARNING] Skipping malformed line 582: wrong field count
2025-04-03T21:57:06.233+0000 [WARNING] Skipping malformed line 583: wrong field count
2025-04-03T21:57:06.233+0000 [WARNING] Skipping malformed line 584: wrong field count
2025-04-03T21:57:06.233+0000 [WARNING] Skipping malformed line 585: wrong field count
2025-04-03T21:57:06.233+0000 [WARNING] Skipping malformed line 586: wrong field count
2025-04-03T21:57:06.233+0000 [WARNING] Skipping malformed line 587: wrong field count
2025-04-03T21:57:06.234+0000 [WARNING] Skipping malformed line 588: wrong field count
2025-04-03T21:57:06.234+0000 [WARNING] Skipping malformed line 589: wrong field count
2025-04-03T21:57:06.234+0000 [WARNING] Skipping malformed line 590: wrong field count
2025-04-03T21:57:06.234+0000 [WARNING] Skipping malformed line 591: wrong field count
2025-04-03T21:57:06.234+0000 [WARNING] Skipping malformed line 592: wrong field count
2025-04-03T21:57:06.234+0000 [WARNING] Skipping malformed line 593: wrong field count
2025-04-03T21:57:06.234+0000 [WARNING] Skipping malformed line 594: wrong field count
2025-04-03T21:57:06.235+0000 [WARNING] Skipping malformed line 595: wrong field count
2025-04-03T21:57:06.235+0000 [WARNING] Skipping malformed line 596: wrong field count
2025-04-03T21:57:06.235+0000 [WARNING] Skipping malformed line 597: wrong field count
2025-04-03T21:57:06.235+0000 [WARNING] Skipping malformed line 598: wrong field count
2025-04-03T21:57:06.235+0000 [WARNING] Skipping malformed line 599: wrong field count
2025-04-03T21:57:06.235+0000 [WARNING] Skipping malformed line 604: wrong field count
2025-04-03T21:57:06.235+0000 [WARNING] Skipping malformed line 605: wrong field count
2025-04-03T21:57:06.236+0000 [WARNING] Skipping malformed line 606: wrong field count
2025-04-03T21:57:06.236+0000 [WARNING] Skipping malformed line 607: wrong field count
2025-04-03T21:57:06.236+0000 [WARNING] Skipping malformed line 608: wrong field count
2025-04-03T21:57:06.236+0000 [WARNING] Skipping malformed line 609: wrong field count
2025-04-03T21:57:06.236+0000 [WARNING] Skipping malformed line 610: wrong field count
2025-04-03T21:57:06.236+0000 [WARNING] Skipping malformed line 611: wrong field count
2025-04-03T21:57:06.237+0000 [WARNING] Skipping malformed line 612: wrong field count
2025-04-03T21:57:06.237+0000 [WARNING] Skipping malformed line 613: wrong field count
2025-04-03T21:57:06.237+0000 [WARNING] Skipping malformed line 614: wrong field count
2025-04-03T21:57:06.237+0000 [WARNING] Skipping malformed line 615: wrong field count
2025-04-03T21:57:06.237+0000 [WARNING] Skipping malformed line 616: wrong field count
2025-04-03T21:57:06.237+0000 [WARNING] Skipping malformed line 617: wrong field count
2025-04-03T21:57:06.237+0000 [WARNING] Skipping malformed line 618: wrong field count
2025-04-03T21:57:06.238+0000 [WARNING] Skipping malformed line 619: wrong field count
2025-04-03T21:57:06.238+0000 [WARNING] Skipping malformed line 620: wrong field count
2025-04-03T21:57:06.238+0000 [WARNING] Skipping malformed line 621: wrong field count
2025-04-03T21:57:06.238+0000 [WARNING] Skipping malformed line 622: wrong field count
2025-04-03T21:57:06.238+0000 [WARNING] Skipping malformed line 623: wrong field count
2025-04-03T21:57:06.238+0000 [WARNING] Skipping malformed line 624: wrong field count
2025-04-03T21:57:06.239+0000 [WARNING] Skipping malformed line 625: wrong field count
2025-04-03T21:57:06.239+0000 [WARNING] Skipping malformed line 626: wrong field count
2025-04-03T21:57:06.240+0000 [WARNING] Skipping malformed line 627: wrong field count
2025-04-03T21:57:06.240+0000 [WARNING] Skipping malformed line 628: wrong field count
2025-04-03T21:57:06.240+0000 [WARNING] Skipping malformed line 629: wrong field count
2025-04-03T21:57:06.241+0000 [WARNING] Skipping malformed line 630: wrong field count
2025-04-03T21:57:06.241+0000 [WARNING] Skipping malformed line 631: wrong field count
2025-04-03T21:57:06.241+0000 [WARNING] Skipping malformed line 632: wrong field count
2025-04-03T21:57:06.241+0000 [WARNING] Skipping malformed line 633: wrong field count
2025-04-03T21:57:06.242+0000 [WARNING] Skipping malformed line 634: wrong field count
2025-04-03T21:57:06.242+0000 [WARNING] Skipping malformed line 639: wrong field count
2025-04-03T21:57:06.242+0000 [WARNING] Skipping malformed line 640: wrong field count
2025-04-03T21:57:06.243+0000 [WARNING] Skipping malformed line 641: wrong field count
2025-04-03T21:57:06.243+0000 [WARNING] Skipping malformed line 642: wrong field count
2025-04-03T21:57:06.243+0000 [WARNING] Skipping malformed line 643: wrong field count
2025-04-03T21:57:06.243+0000 [WARNING] Skipping malformed line 644: wrong field count
2025-04-03T21:57:06.243+0000 [WARNING] Skipping malformed line 645: wrong field count
2025-04-03T21:57:06.243+0000 [WARNING] Skipping malformed line 646: wrong field count
2025-04-03T21:57:06.243+0000 [WARNING] Skipping malformed line 647: wrong field count
2025-04-03T21:57:06.243+0000 [WARNING] Skipping malformed line 648: wrong field count
2025-04-03T21:57:06.244+0000 [WARNING] Skipping malformed line 649: wrong field count
2025-04-03T21:57:06.244+0000 [WARNING] Skipping malformed line 650: wrong field count
2025-04-03T21:57:06.244+0000 [WARNING] Skipping malformed line 651: wrong field count
2025-04-03T21:57:06.244+0000 [WARNING] Skipping malformed line 652: wrong field count
2025-04-03T21:57:06.245+0000 [WARNING] Skipping malformed line 653: wrong field count
2025-04-03T21:57:06.245+0000 [WARNING] Skipping malformed line 654: wrong field count
2025-04-03T21:57:06.245+0000 [WARNING] Skipping malformed line 655: wrong field count
2025-04-03T21:57:06.245+0000 [WARNING] Skipping malformed line 656: wrong field count
2025-04-03T21:57:06.246+0000 [WARNING] Skipping malformed line 657: wrong field count
2025-04-03T21:57:06.246+0000 [WARNING] Skipping malformed line 658: wrong field count
2025-04-03T21:57:06.246+0000 [WARNING] Skipping malformed line 659: wrong field count
2025-04-03T21:57:06.247+0000 [WARNING] Skipping malformed line 660: wrong field count
2025-04-03T21:57:06.247+0000 [WARNING] Skipping malformed line 661: wrong field count
2025-04-03T21:57:06.248+0000 [WARNING] Skipping malformed line 662: wrong field count
2025-04-03T21:57:06.248+0000 [WARNING] Skipping malformed line 663: wrong field count
2025-04-03T21:57:06.249+0000 [WARNING] Skipping malformed line 664: wrong field count
2025-04-03T21:57:06.249+0000 [WARNING] Skipping malformed line 665: wrong field count
2025-04-03T21:57:06.249+0000 [WARNING] Skipping malformed line 666: wrong field count
2025-04-03T21:57:06.250+0000 [WARNING] Skipping malformed line 667: wrong field count
2025-04-03T21:57:06.251+0000 [WARNING] Skipping malformed line 668: wrong field count
2025-04-03T21:57:06.252+0000 [WARNING] Skipping malformed line 669: wrong field count
2025-04-03T21:57:06.252+0000 [WARNING] Skipping malformed line 670: wrong field count
2025-04-03T21:57:06.252+0000 [WARNING] Skipping malformed line 671: wrong field count
2025-04-03T21:57:06.252+0000 [WARNING] Skipping malformed line 672: wrong field count
2025-04-03T21:57:06.253+0000 [WARNING] Skipping malformed line 673: wrong field count
2025-04-03T21:57:06.253+0000 [WARNING] Skipping malformed line 674: wrong field count
2025-04-03T21:57:06.254+0000 [WARNING] Skipping malformed line 675: wrong field count
2025-04-03T21:57:06.254+0000 [WARNING] Skipping malformed line 676: wrong field count
2025-04-03T21:57:06.255+0000 [WARNING] Skipping malformed line 677: wrong field count
2025-04-03T21:57:06.255+0000 [WARNING] Skipping malformed line 678: wrong field count
2025-04-03T21:57:06.255+0000 [WARNING] Skipping malformed line 679: wrong field count
2025-04-03T21:57:06.256+0000 [WARNING] Skipping malformed line 680: wrong field count
2025-04-03T21:57:06.256+0000 [WARNING] Skipping malformed line 681: wrong field count
2025-04-03T21:57:06.259+0000 [WARNING] Skipping malformed line 682: wrong field count
2025-04-03T21:57:06.259+0000 [WARNING] Skipping malformed line 683: wrong field count
2025-04-03T21:57:06.260+0000 [WARNING] Skipping malformed line 684: wrong field count
2025-04-03T21:57:06.260+0000 [WARNING] Skipping malformed line 685: wrong field count
2025-04-03T21:57:06.260+0000 [WARNING] Skipping malformed line 686: wrong field count
2025-04-03T21:57:06.261+0000 [WARNING] Skipping malformed line 687: wrong field count
2025-04-03T21:57:06.261+0000 [WARNING] Skipping malformed line 688: wrong field count
2025-04-03T21:57:06.261+0000 [WARNING] Skipping malformed line 689: wrong field count
2025-04-03T21:57:06.262+0000 [WARNING] Skipping malformed line 690: wrong field count
2025-04-03T21:57:06.262+0000 [WARNING] Skipping malformed line 691: wrong field count
2025-04-03T21:57:06.262+0000 [WARNING] Skipping malformed line 692: wrong field count
2025-04-03T21:57:06.262+0000 [WARNING] Skipping malformed line 693: wrong field count
2025-04-03T21:57:06.263+0000 [WARNING] Skipping malformed line 694: wrong field count
2025-04-03T21:57:06.263+0000 [WARNING] Skipping malformed line 695: wrong field count
2025-04-03T21:57:06.263+0000 [WARNING] Skipping malformed line 696: wrong field count
2025-04-03T21:57:06.263+0000 [WARNING] Skipping malformed line 697: wrong field count
2025-04-03T21:57:06.264+0000 [WARNING] Skipping malformed line 698: wrong field count
2025-04-03T21:57:06.264+0000 [WARNING] Skipping malformed line 699: wrong field count
2025-04-03T21:57:06.264+0000 [WARNING] Skipping malformed line 700: wrong field count
2025-04-03T21:57:06.264+0000 [WARNING] Skipping malformed line 701: wrong field count
2025-04-03T21:57:06.265+0000 [WARNING] Skipping malformed line 702: wrong field count
2025-04-03T21:57:06.265+0000 [WARNING] Skipping malformed line 703: wrong field count
2025-04-03T21:57:06.266+0000 [WARNING] Skipping malformed line 704: wrong field count
2025-04-03T21:57:06.266+0000 [WARNING] Skipping malformed line 705: wrong field count
2025-04-03T21:57:06.266+0000 [WARNING] Skipping malformed line 706: wrong field count
2025-04-03T21:57:06.266+0000 [WARNING] Skipping malformed line 707: wrong field count
2025-04-03T21:57:06.266+0000 [WARNING] Skipping malformed line 708: wrong field count
2025-04-03T21:57:06.266+0000 [WARNING] Skipping malformed line 709: wrong field count
2025-04-03T21:57:06.266+0000 [WARNING] Skipping malformed line 710: wrong field count
2025-04-03T21:57:06.266+0000 [WARNING] Skipping malformed line 711: wrong field count
2025-04-03T21:57:06.267+0000 [WARNING] Skipping malformed line 712: wrong field count
2025-04-03T21:57:06.267+0000 [WARNING] Skipping malformed line 713: wrong field count
2025-04-03T21:57:06.267+0000 [WARNING] Skipping malformed line 714: wrong field count
2025-04-03T21:57:06.267+0000 [WARNING] Skipping malformed line 715: wrong field count
2025-04-03T21:57:06.267+0000 [WARNING] Skipping malformed line 716: wrong field count
2025-04-03T21:57:06.267+0000 [WARNING] Skipping malformed line 717: wrong field count
2025-04-03T21:57:06.267+0000 [WARNING] Skipping malformed line 718: wrong field count
2025-04-03T21:57:06.267+0000 [WARNING] Skipping malformed line 719: wrong field count
2025-04-03T21:57:06.267+0000 [WARNING] Skipping malformed line 720: wrong field count
2025-04-03T21:57:06.268+0000 [WARNING] Skipping malformed line 721: wrong field count
2025-04-03T21:57:06.268+0000 [WARNING] Skipping malformed line 722: wrong field count
2025-04-03T21:57:06.268+0000 [WARNING] Skipping malformed line 723: wrong field count
2025-04-03T21:57:06.268+0000 [WARNING] Skipping malformed line 724: wrong field count
2025-04-03T21:57:06.268+0000 [WARNING] Skipping malformed line 725: wrong field count
2025-04-03T21:57:06.269+0000 [WARNING] Skipping malformed line 726: wrong field count
2025-04-03T21:57:06.272+0000 [WARNING] Skipping malformed line 727: wrong field count
2025-04-03T21:57:06.273+0000 [WARNING] Skipping malformed line 728: wrong field count
2025-04-03T21:57:06.274+0000 [WARNING] Skipping malformed line 729: wrong field count
2025-04-03T21:57:06.275+0000 [WARNING] Skipping malformed line 730: wrong field count
2025-04-03T21:57:06.276+0000 [WARNING] Skipping malformed line 731: wrong field count
2025-04-03T21:57:06.277+0000 [WARNING] Skipping malformed line 732: wrong field count
2025-04-03T21:57:06.277+0000 [WARNING] Skipping malformed line 733: wrong field count
2025-04-03T21:57:06.279+0000 [WARNING] Skipping malformed line 734: wrong field count
2025-04-03T21:57:06.279+0000 [WARNING] Skipping malformed line 735: wrong field count
2025-04-03T21:57:06.279+0000 [WARNING] Skipping malformed line 736: wrong field count
2025-04-03T21:57:06.279+0000 [WARNING] Skipping malformed line 737: wrong field count
2025-04-03T21:57:06.279+0000 [WARNING] Skipping malformed line 738: wrong field count
2025-04-03T21:57:06.279+0000 [WARNING] Skipping malformed line 739: wrong field count
2025-04-03T21:57:06.280+0000 [WARNING] Skipping malformed line 740: wrong field count
2025-04-03T21:57:06.280+0000 [WARNING] Skipping malformed line 741: wrong field count
2025-04-03T21:57:06.280+0000 [WARNING] Skipping malformed line 742: wrong field count
2025-04-03T21:57:06.280+0000 [WARNING] Skipping malformed line 743: wrong field count
2025-04-03T21:57:06.280+0000 [WARNING] Skipping malformed line 744: wrong field count
2025-04-03T21:57:06.280+0000 [WARNING] Skipping malformed line 745: wrong field count
2025-04-03T21:57:06.280+0000 [WARNING] Skipping malformed line 746: wrong field count
2025-04-03T21:57:06.280+0000 [WARNING] Skipping malformed line 747: wrong field count
2025-04-03T21:57:06.281+0000 [WARNING] Skipping malformed line 748: wrong field count
2025-04-03T21:57:06.281+0000 [WARNING] Skipping malformed line 749: wrong field count
2025-04-03T21:57:06.281+0000 [WARNING] Skipping malformed line 750: wrong field count
2025-04-03T21:57:06.281+0000 [WARNING] Skipping malformed line 751: wrong field count
2025-04-03T21:57:06.281+0000 [WARNING] Skipping malformed line 752: wrong field count
2025-04-03T21:57:06.281+0000 [WARNING] Skipping malformed line 753: wrong field count
2025-04-03T21:57:06.281+0000 [WARNING] Skipping malformed line 754: wrong field count
2025-04-03T21:57:06.281+0000 [WARNING] Skipping malformed line 755: wrong field count
2025-04-03T21:57:06.282+0000 [WARNING] Skipping malformed line 756: wrong field count
2025-04-03T21:57:06.283+0000 [WARNING] Skipping malformed line 757: wrong field count
2025-04-03T21:57:06.284+0000 [WARNING] Skipping malformed line 758: wrong field count
2025-04-03T21:57:06.284+0000 [WARNING] Skipping malformed line 759: wrong field count
2025-04-03T21:57:06.285+0000 [WARNING] Skipping malformed line 760: wrong field count
2025-04-03T21:57:06.314+0000 [WARNING] Skipping malformed line 761: wrong field count
2025-04-03T21:57:06.314+0000 [WARNING] Skipping malformed line 762: wrong field count
2025-04-03T21:57:06.315+0000 [WARNING] Skipping malformed line 767: wrong field count
2025-04-03T21:57:06.315+0000 [WARNING] Skipping malformed line 768: wrong field count
2025-04-03T21:57:06.315+0000 [WARNING] Skipping malformed line 769: wrong field count
2025-04-03T21:57:06.315+0000 [WARNING] Skipping malformed line 770: wrong field count
2025-04-03T21:57:06.315+0000 [WARNING] Skipping malformed line 771: wrong field count
2025-04-03T21:57:06.315+0000 [WARNING] Skipping malformed line 772: wrong field count
2025-04-03T21:57:06.316+0000 [WARNING] Skipping malformed line 773: wrong field count
2025-04-03T21:57:06.316+0000 [WARNING] Skipping malformed line 774: wrong field count
2025-04-03T21:57:06.318+0000 [WARNING] Skipping malformed line 775: wrong field count
2025-04-03T21:57:06.318+0000 [WARNING] Skipping malformed line 776: wrong field count
2025-04-03T21:57:06.318+0000 [WARNING] Skipping malformed line 777: wrong field count
2025-04-03T21:57:06.318+0000 [WARNING] Skipping malformed line 778: wrong field count
2025-04-03T21:57:06.318+0000 [WARNING] Skipping malformed line 779: wrong field count
2025-04-03T21:57:06.318+0000 [WARNING] Skipping malformed line 780: wrong field count
2025-04-03T21:57:06.318+0000 [WARNING] Skipping malformed line 781: wrong field count
2025-04-03T21:57:06.319+0000 [WARNING] Skipping malformed line 782: wrong field count
2025-04-03T21:57:06.319+0000 [WARNING] Skipping malformed line 783: wrong field count
2025-04-03T21:57:06.319+0000 [WARNING] Skipping malformed line 784: wrong field count
2025-04-03T21:57:06.319+0000 [WARNING] Skipping malformed line 785: wrong field count
2025-04-03T21:57:06.319+0000 [WARNING] Skipping malformed line 786: wrong field count
2025-04-03T21:57:06.319+0000 [WARNING] Skipping malformed line 787: wrong field count
2025-04-03T21:57:06.319+0000 [WARNING] Skipping malformed line 788: wrong field count
2025-04-03T21:57:06.319+0000 [WARNING] Skipping malformed line 789: wrong field count
2025-04-03T21:57:06.322+0000 [WARNING] Skipping malformed line 790: wrong field count
2025-04-03T21:57:06.323+0000 [WARNING] Skipping malformed line 791: wrong field count
2025-04-03T21:57:06.323+0000 [WARNING] Skipping malformed line 792: wrong field count
2025-04-03T21:57:06.324+0000 [WARNING] Skipping malformed line 793: wrong field count
2025-04-03T21:57:06.324+0000 [WARNING] Skipping malformed line 794: wrong field count
2025-04-03T21:57:06.324+0000 [WARNING] Skipping malformed line 795: wrong field count
2025-04-03T21:57:06.325+0000 [WARNING] Skipping malformed line 796: wrong field count
2025-04-03T21:57:06.325+0000 [WARNING] Skipping malformed line 797: wrong field count
2025-04-03T21:57:06.325+0000 [WARNING] Skipping malformed line 798: wrong field count
2025-04-03T21:57:06.325+0000 [WARNING] Skipping malformed line 799: wrong field count
2025-04-03T21:57:06.326+0000 [WARNING] Skipping malformed line 800: wrong field count
2025-04-03T21:57:06.326+0000 [WARNING] Skipping malformed line 801: wrong field count
2025-04-03T21:57:06.327+0000 [WARNING] Skipping malformed line 802: wrong field count
2025-04-03T21:57:06.327+0000 [WARNING] Skipping malformed line 803: wrong field count
2025-04-03T21:57:06.327+0000 [WARNING] Skipping malformed line 804: wrong field count
2025-04-03T21:57:06.328+0000 [WARNING] Skipping malformed line 805: wrong field count
2025-04-03T21:57:06.328+0000 [WARNING] Skipping malformed line 806: wrong field count
2025-04-03T21:57:06.328+0000 [WARNING] Skipping malformed line 807: wrong field count
2025-04-03T21:57:06.328+0000 [WARNING] Skipping malformed line 808: wrong field count
2025-04-03T21:57:06.329+0000 [WARNING] Skipping malformed line 809: wrong field count
2025-04-03T21:57:06.329+0000 [WARNING] Skipping malformed line 810: wrong field count
2025-04-03T21:57:06.332+0000 [WARNING] Skipping malformed line 811: wrong field count
2025-04-03T21:57:06.332+0000 [WARNING] Skipping malformed line 812: wrong field count
2025-04-03T21:57:06.333+0000 [WARNING] Skipping malformed line 813: wrong field count
2025-04-03T21:57:06.333+0000 [WARNING] Skipping malformed line 814: wrong field count
2025-04-03T21:57:06.333+0000 [WARNING] Skipping malformed line 815: wrong field count
2025-04-03T21:57:06.334+0000 [WARNING] Skipping malformed line 816: wrong field count
2025-04-03T21:57:06.335+0000 [WARNING] Skipping malformed line 817: wrong field count
2025-04-03T21:57:06.336+0000 [WARNING] Skipping malformed line 818: wrong field count
2025-04-03T21:57:06.336+0000 [WARNING] Skipping malformed line 819: wrong field count
2025-04-03T21:57:06.336+0000 [WARNING] Skipping malformed line 820: wrong field count
2025-04-03T21:57:06.336+0000 [WARNING] Skipping malformed line 821: wrong field count
2025-04-03T21:57:06.337+0000 [WARNING] Skipping malformed line 822: wrong field count
2025-04-03T21:57:06.337+0000 [WARNING] Skipping malformed line 823: wrong field count
2025-04-03T21:57:06.337+0000 [WARNING] Skipping malformed line 824: wrong field count
2025-04-03T21:57:06.337+0000 [WARNING] Skipping malformed line 825: wrong field count
2025-04-03T21:57:06.337+0000 [WARNING] Skipping malformed line 826: wrong field count
2025-04-03T21:57:06.337+0000 [WARNING] Skipping malformed line 827: wrong field count
2025-04-03T21:57:06.337+0000 [WARNING] Skipping malformed line 828: wrong field count
2025-04-03T21:57:06.337+0000 [WARNING] Skipping malformed line 829: wrong field count
2025-04-03T21:57:06.338+0000 [WARNING] Skipping malformed line 830: wrong field count
2025-04-03T21:57:06.338+0000 [WARNING] Skipping malformed line 831: wrong field count
2025-04-03T21:57:06.338+0000 [WARNING] Skipping malformed line 832: wrong field count
2025-04-03T21:57:06.338+0000 [WARNING] Skipping malformed line 833: wrong field count
2025-04-03T21:57:06.338+0000 [WARNING] Skipping malformed line 834: wrong field count
2025-04-03T21:57:06.338+0000 [WARNING] Skipping malformed line 835: wrong field count
2025-04-03T21:57:06.339+0000 [WARNING] Skipping malformed line 836: wrong field count
2025-04-03T21:57:06.339+0000 [WARNING] Skipping malformed line 837: wrong field count
2025-04-03T21:57:06.339+0000 [WARNING] Skipping malformed line 838: wrong field count
2025-04-03T21:57:06.339+0000 [WARNING] Skipping malformed line 839: wrong field count
2025-04-03T21:57:06.340+0000 [WARNING] Skipping malformed line 840: wrong field count
2025-04-03T21:57:06.340+0000 [WARNING] Skipping malformed line 841: wrong field count
2025-04-03T21:57:06.340+0000 [WARNING] Skipping malformed line 842: wrong field count
2025-04-03T21:57:06.340+0000 [WARNING] Skipping malformed line 843: wrong field count
2025-04-03T21:57:06.341+0000 [WARNING] Skipping malformed line 844: wrong field count
2025-04-03T21:57:06.341+0000 [WARNING] Skipping malformed line 845: wrong field count
2025-04-03T21:57:06.341+0000 [WARNING] Skipping malformed line 846: wrong field count
2025-04-03T21:57:06.341+0000 [WARNING] Skipping malformed line 847: wrong field count
2025-04-03T21:57:06.341+0000 [WARNING] Skipping malformed line 848: wrong field count
2025-04-03T21:57:06.342+0000 [WARNING] Skipping malformed line 849: wrong field count
2025-04-03T21:57:06.342+0000 [WARNING] Skipping malformed line 850: wrong field count
2025-04-03T21:57:06.343+0000 [WARNING] Skipping malformed line 851: wrong field count
2025-04-03T21:57:06.344+0000 [WARNING] Skipping malformed line 852: wrong field count
2025-04-03T21:57:06.345+0000 [WARNING] Skipping malformed line 853: wrong field count
2025-04-03T21:57:06.348+0000 [WARNING] Skipping malformed line 854: wrong field count
2025-04-03T21:57:06.348+0000 [WARNING] Skipping malformed line 855: wrong field count
2025-04-03T21:57:06.350+0000 [WARNING] Skipping malformed line 856: wrong field count
2025-04-03T21:57:06.350+0000 [WARNING] Skipping malformed line 857: wrong field count
2025-04-03T21:57:06.351+0000 [WARNING] Skipping malformed line 858: wrong field count
2025-04-03T21:57:06.351+0000 [WARNING] Skipping malformed line 859: wrong field count
2025-04-03T21:57:06.352+0000 [WARNING] Skipping malformed line 864: wrong field count
2025-04-03T21:57:06.353+0000 [WARNING] Skipping malformed line 865: wrong field count
2025-04-03T21:57:06.353+0000 [WARNING] Skipping malformed line 866: wrong field count
2025-04-03T21:57:06.355+0000 [WARNING] Skipping malformed line 867: wrong field count
2025-04-03T21:57:06.356+0000 [WARNING] Skipping malformed line 868: wrong field count
2025-04-03T21:57:06.356+0000 [WARNING] Skipping malformed line 869: wrong field count
2025-04-03T21:57:06.356+0000 [WARNING] Skipping malformed line 870: wrong field count
2025-04-03T21:57:06.357+0000 [WARNING] Skipping malformed line 871: wrong field count
2025-04-03T21:57:06.357+0000 [WARNING] Skipping malformed line 872: wrong field count
2025-04-03T21:57:06.358+0000 [WARNING] Skipping malformed line 873: wrong field count
2025-04-03T21:57:06.358+0000 [WARNING] Skipping malformed line 874: wrong field count
2025-04-03T21:57:06.359+0000 [WARNING] Skipping malformed line 875: wrong field count
2025-04-03T21:57:06.359+0000 [WARNING] Skipping malformed line 876: wrong field count
2025-04-03T21:57:06.359+0000 [WARNING] Skipping malformed line 877: wrong field count
2025-04-03T21:57:06.360+0000 [WARNING] Skipping malformed line 878: wrong field count
2025-04-03T21:57:06.360+0000 [WARNING] Skipping malformed line 879: wrong field count
2025-04-03T21:57:06.361+0000 [WARNING] Skipping malformed line 880: wrong field count
2025-04-03T21:57:06.361+0000 [WARNING] Skipping malformed line 881: wrong field count
2025-04-03T21:57:06.361+0000 [WARNING] Skipping malformed line 882: wrong field count
2025-04-03T21:57:06.362+0000 [WARNING] Skipping malformed line 883: wrong field count
2025-04-03T21:57:06.362+0000 [WARNING] Skipping malformed line 884: wrong field count
2025-04-03T21:57:06.363+0000 [WARNING] Skipping malformed line 885: wrong field count
2025-04-03T21:57:06.363+0000 [WARNING] Skipping malformed line 886: wrong field count
2025-04-03T21:57:06.363+0000 [WARNING] Skipping malformed line 887: wrong field count
2025-04-03T21:57:06.364+0000 [WARNING] No valid records found in log file
2025-04-03T21:57:06.364+0000 [ERROR] Extraction failed: No valid records found in log file
Traceback (most recent call last):
  File "/opt/airflow/dags/iis_etl.py", line 195, in extract
    raise AirflowSkipException("No valid records found in log file")
airflow.exceptions.AirflowSkipException: No valid records found in log file
2025-04-03T21:57:06.368+0000 [INFO] No valid records found in log file
2025-04-03T21:57:06.421+0000 [INFO] Marking task as SKIPPED. dag_id=iis_etl, task_id=processing.extract, execution_date=20250403T215627, start_date=20250403T215703, end_date=20250403T215706
2025-04-03T21:57:06.549+0000 [INFO] Task exited with return code 0
2025-04-03T21:57:06.637+0000 [INFO] 0 downstream tasks scheduled from follow-on schedule check
