2025-04-03T18:51:18.212+0000 [INFO] Dependencies all met for dep_context=non-requeueable deps ti=<TaskInstance: iis_etl.verify_db_connection scheduled__2025-04-02T00:00:00+00:00 [queued]>
2025-04-03T18:51:18.224+0000 [INFO] Dependencies all met for dep_context=requeueable deps ti=<TaskInstance: iis_etl.verify_db_connection scheduled__2025-04-02T00:00:00+00:00 [queued]>
2025-04-03T18:51:18.224+0000 [INFO] Starting attempt 1 of 4
2025-04-03T18:51:18.235+0000 [INFO] Executing <Task(PythonOperator): verify_db_connection> on 2025-04-02 00:00:00+00:00
2025-04-03T18:51:18.240+0000 [INFO] Started process 49 to run task
2025-04-03T18:51:18.244+0000 [INFO] Running: ['airflow', 'tasks', 'run', 'iis_etl', 'verify_db_connection', 'scheduled__2025-04-02T00:00:00+00:00', '--job-id', '2', '--raw', '--subdir', 'DAGS_FOLDER/iis_etl.py', '--cfg-path', '/tmp/tmp0j4593sm']
2025-04-03T18:51:18.245+0000 [INFO] Job 2: Subtask verify_db_connection
2025-04-03T18:51:18.303+0000 [INFO] Running <TaskInstance: iis_etl.verify_db_connection scheduled__2025-04-02T00:00:00+00:00 [running]> on host 467791d2c6c6
2025-04-03T18:51:18.830+0000 [INFO] Exporting env vars: AIRFLOW_CTX_DAG_OWNER='airflow' AIRFLOW_CTX_DAG_ID='iis_etl' AIRFLOW_CTX_TASK_ID='verify_db_connection' AIRFLOW_CTX_EXECUTION_DATE='2025-04-02T00:00:00+00:00' AIRFLOW_CTX_TRY_NUMBER='1' AIRFLOW_CTX_DAG_RUN_ID='scheduled__2025-04-02T00:00:00+00:00'
2025-04-03T18:51:18.836+0000 [ERROR] PostgreSQL connection failed: The conn_id `postgres_iis` isn't defined
2025-04-03T18:51:18.842+0000 [ERROR] Task failed with exception
Traceback (most recent call last):
  File "/home/airflow/.local/lib/python3.7/site-packages/airflow/operators/python.py", line 181, in execute
    return_value = self.execute_callable()
  File "/home/airflow/.local/lib/python3.7/site-packages/airflow/operators/python.py", line 198, in execute_callable
    return self.python_callable(*self.op_args, **self.op_kwargs)
  File "/opt/airflow/dags/iis_etl.py", line 268, in verify_postgres_connection
    conn = hook.get_conn()
  File "/home/airflow/.local/lib/python3.7/site-packages/airflow/providers/postgres/hooks/postgres.py", line 118, in get_conn
    conn = deepcopy(self.connection or self.get_connection(conn_id))
  File "/home/airflow/.local/lib/python3.7/site-packages/airflow/hooks/base.py", line 72, in get_connection
    conn = Connection.get_connection_from_secrets(conn_id)
  File "/home/airflow/.local/lib/python3.7/site-packages/airflow/models/connection.py", line 434, in get_connection_from_secrets
    raise AirflowNotFoundException(f"The conn_id `{conn_id}` isn't defined")
airflow.exceptions.AirflowNotFoundException: The conn_id `postgres_iis` isn't defined
2025-04-03T18:51:18.846+0000 [INFO] Marking task as UP_FOR_RETRY. dag_id=iis_etl, task_id=verify_db_connection, execution_date=20250402T000000, start_date=20250403T185118, end_date=20250403T185118
2025-04-03T18:51:18.853+0000 [ERROR] Failed to execute job 2 for task verify_db_connection (The conn_id `postgres_iis` isn't defined; 49)
2025-04-03T18:51:18.883+0000 [INFO] Task exited with return code 1
2025-04-03T18:51:18.898+0000 [INFO] 0 downstream tasks scheduled from follow-on schedule check
2025-04-03T19:03:47.923+0000 [INFO] Dependencies all met for dep_context=non-requeueable deps ti=<TaskInstance: iis_etl.verify_db_connection scheduled__2025-04-02T00:00:00+00:00 [queued]>
2025-04-03T19:03:47.933+0000 [INFO] Dependencies all met for dep_context=requeueable deps ti=<TaskInstance: iis_etl.verify_db_connection scheduled__2025-04-02T00:00:00+00:00 [queued]>
2025-04-03T19:03:47.933+0000 [INFO] Starting attempt 1 of 4
2025-04-03T19:03:47.942+0000 [INFO] Executing <Task(PythonOperator): verify_db_connection> on 2025-04-02 00:00:00+00:00
2025-04-03T19:03:47.946+0000 [INFO] Started process 51 to run task
2025-04-03T19:03:47.950+0000 [INFO] Running: ['airflow', 'tasks', 'run', 'iis_etl', 'verify_db_connection', 'scheduled__2025-04-02T00:00:00+00:00', '--job-id', '2', '--raw', '--subdir', 'DAGS_FOLDER/iis_etl.py', '--cfg-path', '/tmp/tmp7tfdwo2f']
2025-04-03T19:03:47.951+0000 [INFO] Job 2: Subtask verify_db_connection
2025-04-03T19:03:48.051+0000 [INFO] Running <TaskInstance: iis_etl.verify_db_connection scheduled__2025-04-02T00:00:00+00:00 [running]> on host 30b90d2a4398
2025-04-03T19:03:49.130+0000 [INFO] Exporting env vars: AIRFLOW_CTX_DAG_OWNER='airflow' AIRFLOW_CTX_DAG_ID='iis_etl' AIRFLOW_CTX_TASK_ID='verify_db_connection' AIRFLOW_CTX_EXECUTION_DATE='2025-04-02T00:00:00+00:00' AIRFLOW_CTX_TRY_NUMBER='1' AIRFLOW_CTX_DAG_RUN_ID='scheduled__2025-04-02T00:00:00+00:00'
2025-04-03T19:03:49.138+0000 [INFO] Using connection ID 'postgres_iis' for task execution.
2025-04-03T19:03:49.142+0000 [INFO] PostgreSQL connection verified successfully
2025-04-03T19:03:49.142+0000 [INFO] Done. Returned value was: True
2025-04-03T19:03:49.159+0000 [INFO] Marking task as SUCCESS. dag_id=iis_etl, task_id=verify_db_connection, execution_date=20250402T000000, start_date=20250403T190347, end_date=20250403T190349
2025-04-03T19:03:49.197+0000 [INFO] Task exited with return code 0
2025-04-03T19:03:49.228+0000 [INFO] 0 downstream tasks scheduled from follow-on schedule check
