[2025-04-06T00:00:03.894+0000] {processor.py:157} INFO - Started process (PID=7080) to work on /opt/airflow/dags/iis_etl.py
[2025-04-06T00:00:03.895+0000] {processor.py:826} INFO - Processing file /opt/airflow/dags/iis_etl.py for tasks to queue
[2025-04-06T00:00:03.897+0000] {logging_mixin.py:149} INFO - [2025-04-06T00:00:03.896+0000] {dagbag.py:541} INFO - Filling up the DagBag from /opt/airflow/dags/iis_etl.py
[2025-04-06T00:00:04.492+0000] {processor.py:836} INFO - DAG(s) dict_keys(['iis_etl']) retrieved from /opt/airflow/dags/iis_etl.py
[2025-04-06T00:00:04.541+0000] {logging_mixin.py:149} INFO - [2025-04-06T00:00:04.540+0000] {dag.py:2726} INFO - Sync 1 DAGs
[2025-04-06T00:00:04.564+0000] {processor.py:179} INFO - Processing /opt/airflow/dags/iis_etl.py took 0.676 seconds
[2025-04-06T00:00:34.877+0000] {processor.py:157} INFO - Started process (PID=7089) to work on /opt/airflow/dags/iis_etl.py
[2025-04-06T00:00:34.879+0000] {processor.py:826} INFO - Processing file /opt/airflow/dags/iis_etl.py for tasks to queue
[2025-04-06T00:00:34.880+0000] {logging_mixin.py:149} INFO - [2025-04-06T00:00:34.880+0000] {dagbag.py:541} INFO - Filling up the DagBag from /opt/airflow/dags/iis_etl.py
[2025-04-06T00:00:35.499+0000] {processor.py:836} INFO - DAG(s) dict_keys(['iis_etl']) retrieved from /opt/airflow/dags/iis_etl.py
[2025-04-06T00:00:35.548+0000] {logging_mixin.py:149} INFO - [2025-04-06T00:00:35.547+0000] {dag.py:2726} INFO - Sync 1 DAGs
[2025-04-06T00:00:35.571+0000] {processor.py:179} INFO - Processing /opt/airflow/dags/iis_etl.py took 0.700 seconds
[2025-04-06T00:01:06.046+0000] {processor.py:157} INFO - Started process (PID=7098) to work on /opt/airflow/dags/iis_etl.py
[2025-04-06T00:01:06.052+0000] {processor.py:826} INFO - Processing file /opt/airflow/dags/iis_etl.py for tasks to queue
[2025-04-06T00:01:06.054+0000] {logging_mixin.py:149} INFO - [2025-04-06T00:01:06.054+0000] {dagbag.py:541} INFO - Filling up the DagBag from /opt/airflow/dags/iis_etl.py
[2025-04-06T00:01:06.949+0000] {processor.py:836} INFO - DAG(s) dict_keys(['iis_etl']) retrieved from /opt/airflow/dags/iis_etl.py
[2025-04-06T00:01:07.012+0000] {logging_mixin.py:149} INFO - [2025-04-06T00:01:07.012+0000] {dag.py:2726} INFO - Sync 1 DAGs
[2025-04-06T00:01:07.046+0000] {processor.py:179} INFO - Processing /opt/airflow/dags/iis_etl.py took 1.021 seconds
[2025-04-06T00:01:37.402+0000] {processor.py:157} INFO - Started process (PID=7107) to work on /opt/airflow/dags/iis_etl.py
[2025-04-06T00:01:37.404+0000] {processor.py:826} INFO - Processing file /opt/airflow/dags/iis_etl.py for tasks to queue
[2025-04-06T00:01:37.405+0000] {logging_mixin.py:149} INFO - [2025-04-06T00:01:37.405+0000] {dagbag.py:541} INFO - Filling up the DagBag from /opt/airflow/dags/iis_etl.py
[2025-04-06T00:01:37.918+0000] {processor.py:836} INFO - DAG(s) dict_keys(['iis_etl']) retrieved from /opt/airflow/dags/iis_etl.py
[2025-04-06T00:01:37.966+0000] {logging_mixin.py:149} INFO - [2025-04-06T00:01:37.966+0000] {dag.py:2726} INFO - Sync 1 DAGs
[2025-04-06T00:01:37.988+0000] {processor.py:179} INFO - Processing /opt/airflow/dags/iis_etl.py took 0.593 seconds
[2025-04-06T00:02:08.535+0000] {processor.py:157} INFO - Started process (PID=7116) to work on /opt/airflow/dags/iis_etl.py
[2025-04-06T00:02:08.536+0000] {processor.py:826} INFO - Processing file /opt/airflow/dags/iis_etl.py for tasks to queue
[2025-04-06T00:02:08.537+0000] {logging_mixin.py:149} INFO - [2025-04-06T00:02:08.536+0000] {dagbag.py:541} INFO - Filling up the DagBag from /opt/airflow/dags/iis_etl.py
[2025-04-06T00:02:09.005+0000] {processor.py:836} INFO - DAG(s) dict_keys(['iis_etl']) retrieved from /opt/airflow/dags/iis_etl.py
[2025-04-06T00:02:09.068+0000] {logging_mixin.py:149} INFO - [2025-04-06T00:02:09.068+0000] {dag.py:2726} INFO - Sync 1 DAGs
[2025-04-06T00:02:09.099+0000] {processor.py:179} INFO - Processing /opt/airflow/dags/iis_etl.py took 0.567 seconds
[2025-04-06T00:02:39.487+0000] {processor.py:157} INFO - Started process (PID=7125) to work on /opt/airflow/dags/iis_etl.py
[2025-04-06T00:02:39.489+0000] {processor.py:826} INFO - Processing file /opt/airflow/dags/iis_etl.py for tasks to queue
[2025-04-06T00:02:39.490+0000] {logging_mixin.py:149} INFO - [2025-04-06T00:02:39.490+0000] {dagbag.py:541} INFO - Filling up the DagBag from /opt/airflow/dags/iis_etl.py
[2025-04-06T00:02:40.090+0000] {processor.py:836} INFO - DAG(s) dict_keys(['iis_etl']) retrieved from /opt/airflow/dags/iis_etl.py
[2025-04-06T00:02:40.155+0000] {logging_mixin.py:149} INFO - [2025-04-06T00:02:40.155+0000] {dag.py:2726} INFO - Sync 1 DAGs
[2025-04-06T00:02:40.187+0000] {processor.py:179} INFO - Processing /opt/airflow/dags/iis_etl.py took 0.707 seconds
[2025-04-06T00:03:10.449+0000] {processor.py:157} INFO - Started process (PID=7134) to work on /opt/airflow/dags/iis_etl.py
[2025-04-06T00:03:10.452+0000] {processor.py:826} INFO - Processing file /opt/airflow/dags/iis_etl.py for tasks to queue
[2025-04-06T00:03:10.453+0000] {logging_mixin.py:149} INFO - [2025-04-06T00:03:10.453+0000] {dagbag.py:541} INFO - Filling up the DagBag from /opt/airflow/dags/iis_etl.py
[2025-04-06T00:03:10.877+0000] {processor.py:836} INFO - DAG(s) dict_keys(['iis_etl']) retrieved from /opt/airflow/dags/iis_etl.py
[2025-04-06T00:03:10.927+0000] {logging_mixin.py:149} INFO - [2025-04-06T00:03:10.927+0000] {dag.py:2726} INFO - Sync 1 DAGs
[2025-04-06T00:03:10.956+0000] {processor.py:179} INFO - Processing /opt/airflow/dags/iis_etl.py took 0.511 seconds
[2025-04-06T00:03:41.317+0000] {processor.py:157} INFO - Started process (PID=7143) to work on /opt/airflow/dags/iis_etl.py
[2025-04-06T00:03:41.320+0000] {processor.py:826} INFO - Processing file /opt/airflow/dags/iis_etl.py for tasks to queue
[2025-04-06T00:03:41.321+0000] {logging_mixin.py:149} INFO - [2025-04-06T00:03:41.321+0000] {dagbag.py:541} INFO - Filling up the DagBag from /opt/airflow/dags/iis_etl.py
[2025-04-06T00:03:41.818+0000] {processor.py:836} INFO - DAG(s) dict_keys(['iis_etl']) retrieved from /opt/airflow/dags/iis_etl.py
[2025-04-06T00:03:41.884+0000] {logging_mixin.py:149} INFO - [2025-04-06T00:03:41.884+0000] {dag.py:2726} INFO - Sync 1 DAGs
[2025-04-06T00:03:42.063+0000] {processor.py:179} INFO - Processing /opt/airflow/dags/iis_etl.py took 0.752 seconds
[2025-04-06T00:04:12.223+0000] {processor.py:157} INFO - Started process (PID=7152) to work on /opt/airflow/dags/iis_etl.py
[2025-04-06T00:04:12.225+0000] {processor.py:826} INFO - Processing file /opt/airflow/dags/iis_etl.py for tasks to queue
[2025-04-06T00:04:12.226+0000] {logging_mixin.py:149} INFO - [2025-04-06T00:04:12.226+0000] {dagbag.py:541} INFO - Filling up the DagBag from /opt/airflow/dags/iis_etl.py
[2025-04-06T00:04:12.731+0000] {processor.py:836} INFO - DAG(s) dict_keys(['iis_etl']) retrieved from /opt/airflow/dags/iis_etl.py
[2025-04-06T00:04:12.975+0000] {logging_mixin.py:149} INFO - [2025-04-06T00:04:12.975+0000] {dag.py:2726} INFO - Sync 1 DAGs
[2025-04-06T00:04:13.000+0000] {processor.py:179} INFO - Processing /opt/airflow/dags/iis_etl.py took 0.786 seconds
[2025-04-06T00:04:43.305+0000] {processor.py:157} INFO - Started process (PID=7161) to work on /opt/airflow/dags/iis_etl.py
[2025-04-06T00:04:43.306+0000] {processor.py:826} INFO - Processing file /opt/airflow/dags/iis_etl.py for tasks to queue
[2025-04-06T00:04:43.307+0000] {logging_mixin.py:149} INFO - [2025-04-06T00:04:43.307+0000] {dagbag.py:541} INFO - Filling up the DagBag from /opt/airflow/dags/iis_etl.py
[2025-04-06T00:04:43.771+0000] {processor.py:836} INFO - DAG(s) dict_keys(['iis_etl']) retrieved from /opt/airflow/dags/iis_etl.py
[2025-04-06T00:04:43.980+0000] {logging_mixin.py:149} INFO - [2025-04-06T00:04:43.980+0000] {dag.py:2726} INFO - Sync 1 DAGs
[2025-04-06T00:04:44.002+0000] {processor.py:179} INFO - Processing /opt/airflow/dags/iis_etl.py took 0.703 seconds
[2025-04-06T00:05:14.316+0000] {processor.py:157} INFO - Started process (PID=7170) to work on /opt/airflow/dags/iis_etl.py
[2025-04-06T00:05:14.317+0000] {processor.py:826} INFO - Processing file /opt/airflow/dags/iis_etl.py for tasks to queue
[2025-04-06T00:05:14.318+0000] {logging_mixin.py:149} INFO - [2025-04-06T00:05:14.318+0000] {dagbag.py:541} INFO - Filling up the DagBag from /opt/airflow/dags/iis_etl.py
[2025-04-06T00:05:14.839+0000] {processor.py:836} INFO - DAG(s) dict_keys(['iis_etl']) retrieved from /opt/airflow/dags/iis_etl.py
[2025-04-06T00:05:14.885+0000] {logging_mixin.py:149} INFO - [2025-04-06T00:05:14.885+0000] {dag.py:2726} INFO - Sync 1 DAGs
[2025-04-06T00:05:14.907+0000] {processor.py:179} INFO - Processing /opt/airflow/dags/iis_etl.py took 0.597 seconds
[2025-04-06T00:05:45.324+0000] {processor.py:157} INFO - Started process (PID=7179) to work on /opt/airflow/dags/iis_etl.py
[2025-04-06T00:05:45.327+0000] {processor.py:826} INFO - Processing file /opt/airflow/dags/iis_etl.py for tasks to queue
[2025-04-06T00:05:45.328+0000] {logging_mixin.py:149} INFO - [2025-04-06T00:05:45.328+0000] {dagbag.py:541} INFO - Filling up the DagBag from /opt/airflow/dags/iis_etl.py
[2025-04-06T00:05:45.935+0000] {processor.py:836} INFO - DAG(s) dict_keys(['iis_etl']) retrieved from /opt/airflow/dags/iis_etl.py
[2025-04-06T00:05:45.984+0000] {logging_mixin.py:149} INFO - [2025-04-06T00:05:45.984+0000] {dag.py:2726} INFO - Sync 1 DAGs
[2025-04-06T00:05:46.009+0000] {processor.py:179} INFO - Processing /opt/airflow/dags/iis_etl.py took 0.703 seconds
[2025-04-06T00:06:16.401+0000] {processor.py:157} INFO - Started process (PID=7188) to work on /opt/airflow/dags/iis_etl.py
[2025-04-06T00:06:16.403+0000] {processor.py:826} INFO - Processing file /opt/airflow/dags/iis_etl.py for tasks to queue
[2025-04-06T00:06:16.404+0000] {logging_mixin.py:149} INFO - [2025-04-06T00:06:16.404+0000] {dagbag.py:541} INFO - Filling up the DagBag from /opt/airflow/dags/iis_etl.py
[2025-04-06T00:06:17.023+0000] {processor.py:836} INFO - DAG(s) dict_keys(['iis_etl']) retrieved from /opt/airflow/dags/iis_etl.py
[2025-04-06T00:06:17.070+0000] {logging_mixin.py:149} INFO - [2025-04-06T00:06:17.070+0000] {dag.py:2726} INFO - Sync 1 DAGs
[2025-04-06T00:06:17.108+0000] {processor.py:179} INFO - Processing /opt/airflow/dags/iis_etl.py took 0.715 seconds
[2025-04-06T00:06:47.238+0000] {processor.py:157} INFO - Started process (PID=7197) to work on /opt/airflow/dags/iis_etl.py
[2025-04-06T00:06:47.241+0000] {processor.py:826} INFO - Processing file /opt/airflow/dags/iis_etl.py for tasks to queue
[2025-04-06T00:06:47.242+0000] {logging_mixin.py:149} INFO - [2025-04-06T00:06:47.242+0000] {dagbag.py:541} INFO - Filling up the DagBag from /opt/airflow/dags/iis_etl.py
[2025-04-06T00:06:48.009+0000] {processor.py:836} INFO - DAG(s) dict_keys(['iis_etl']) retrieved from /opt/airflow/dags/iis_etl.py
[2025-04-06T00:06:48.081+0000] {logging_mixin.py:149} INFO - [2025-04-06T00:06:48.080+0000] {dag.py:2726} INFO - Sync 1 DAGs
[2025-04-06T00:06:48.105+0000] {processor.py:179} INFO - Processing /opt/airflow/dags/iis_etl.py took 0.878 seconds
[2025-04-06T00:07:18.476+0000] {processor.py:157} INFO - Started process (PID=7206) to work on /opt/airflow/dags/iis_etl.py
[2025-04-06T00:07:18.479+0000] {processor.py:826} INFO - Processing file /opt/airflow/dags/iis_etl.py for tasks to queue
[2025-04-06T00:07:18.480+0000] {logging_mixin.py:149} INFO - [2025-04-06T00:07:18.480+0000] {dagbag.py:541} INFO - Filling up the DagBag from /opt/airflow/dags/iis_etl.py
[2025-04-06T00:07:19.074+0000] {processor.py:836} INFO - DAG(s) dict_keys(['iis_etl']) retrieved from /opt/airflow/dags/iis_etl.py
[2025-04-06T00:07:19.123+0000] {logging_mixin.py:149} INFO - [2025-04-06T00:07:19.123+0000] {dag.py:2726} INFO - Sync 1 DAGs
[2025-04-06T00:07:19.146+0000] {processor.py:179} INFO - Processing /opt/airflow/dags/iis_etl.py took 0.676 seconds
[2025-04-06T00:07:49.449+0000] {processor.py:157} INFO - Started process (PID=7215) to work on /opt/airflow/dags/iis_etl.py
[2025-04-06T00:07:49.452+0000] {processor.py:826} INFO - Processing file /opt/airflow/dags/iis_etl.py for tasks to queue
[2025-04-06T00:07:49.453+0000] {logging_mixin.py:149} INFO - [2025-04-06T00:07:49.453+0000] {dagbag.py:541} INFO - Filling up the DagBag from /opt/airflow/dags/iis_etl.py
[2025-04-06T00:07:50.075+0000] {processor.py:836} INFO - DAG(s) dict_keys(['iis_etl']) retrieved from /opt/airflow/dags/iis_etl.py
[2025-04-06T00:07:50.127+0000] {logging_mixin.py:149} INFO - [2025-04-06T00:07:50.127+0000] {dag.py:2726} INFO - Sync 1 DAGs
[2025-04-06T00:07:50.149+0000] {processor.py:179} INFO - Processing /opt/airflow/dags/iis_etl.py took 0.707 seconds
[2025-04-06T00:08:20.487+0000] {processor.py:157} INFO - Started process (PID=7224) to work on /opt/airflow/dags/iis_etl.py
[2025-04-06T00:08:20.488+0000] {processor.py:826} INFO - Processing file /opt/airflow/dags/iis_etl.py for tasks to queue
[2025-04-06T00:08:20.489+0000] {logging_mixin.py:149} INFO - [2025-04-06T00:08:20.489+0000] {dagbag.py:541} INFO - Filling up the DagBag from /opt/airflow/dags/iis_etl.py
[2025-04-06T00:08:21.085+0000] {processor.py:836} INFO - DAG(s) dict_keys(['iis_etl']) retrieved from /opt/airflow/dags/iis_etl.py
[2025-04-06T00:08:21.132+0000] {logging_mixin.py:149} INFO - [2025-04-06T00:08:21.132+0000] {dag.py:2726} INFO - Sync 1 DAGs
[2025-04-06T00:08:21.154+0000] {processor.py:179} INFO - Processing /opt/airflow/dags/iis_etl.py took 0.672 seconds
[2025-04-06T00:08:51.581+0000] {processor.py:157} INFO - Started process (PID=7233) to work on /opt/airflow/dags/iis_etl.py
[2025-04-06T00:08:51.584+0000] {processor.py:826} INFO - Processing file /opt/airflow/dags/iis_etl.py for tasks to queue
[2025-04-06T00:08:51.585+0000] {logging_mixin.py:149} INFO - [2025-04-06T00:08:51.585+0000] {dagbag.py:541} INFO - Filling up the DagBag from /opt/airflow/dags/iis_etl.py
[2025-04-06T00:08:52.120+0000] {processor.py:836} INFO - DAG(s) dict_keys(['iis_etl']) retrieved from /opt/airflow/dags/iis_etl.py
[2025-04-06T00:08:52.171+0000] {logging_mixin.py:149} INFO - [2025-04-06T00:08:52.171+0000] {dag.py:2726} INFO - Sync 1 DAGs
[2025-04-06T00:08:52.195+0000] {processor.py:179} INFO - Processing /opt/airflow/dags/iis_etl.py took 0.619 seconds
[2025-04-06T00:09:22.482+0000] {processor.py:157} INFO - Started process (PID=7242) to work on /opt/airflow/dags/iis_etl.py
[2025-04-06T00:09:22.483+0000] {processor.py:826} INFO - Processing file /opt/airflow/dags/iis_etl.py for tasks to queue
[2025-04-06T00:09:22.484+0000] {logging_mixin.py:149} INFO - [2025-04-06T00:09:22.484+0000] {dagbag.py:541} INFO - Filling up the DagBag from /opt/airflow/dags/iis_etl.py
[2025-04-06T00:09:23.052+0000] {processor.py:836} INFO - DAG(s) dict_keys(['iis_etl']) retrieved from /opt/airflow/dags/iis_etl.py
[2025-04-06T00:09:23.102+0000] {logging_mixin.py:149} INFO - [2025-04-06T00:09:23.101+0000] {dag.py:2726} INFO - Sync 1 DAGs
[2025-04-06T00:09:23.124+0000] {processor.py:179} INFO - Processing /opt/airflow/dags/iis_etl.py took 0.647 seconds
[2025-04-06T00:09:53.528+0000] {processor.py:157} INFO - Started process (PID=7251) to work on /opt/airflow/dags/iis_etl.py
[2025-04-06T00:09:53.529+0000] {processor.py:826} INFO - Processing file /opt/airflow/dags/iis_etl.py for tasks to queue
[2025-04-06T00:09:53.529+0000] {logging_mixin.py:149} INFO - [2025-04-06T00:09:53.529+0000] {dagbag.py:541} INFO - Filling up the DagBag from /opt/airflow/dags/iis_etl.py
[2025-04-06T00:09:53.881+0000] {processor.py:836} INFO - DAG(s) dict_keys(['iis_etl']) retrieved from /opt/airflow/dags/iis_etl.py
[2025-04-06T00:09:53.928+0000] {logging_mixin.py:149} INFO - [2025-04-06T00:09:53.927+0000] {dag.py:2726} INFO - Sync 1 DAGs
[2025-04-06T00:09:53.951+0000] {processor.py:179} INFO - Processing /opt/airflow/dags/iis_etl.py took 0.425 seconds
[2025-04-06T00:10:24.238+0000] {processor.py:157} INFO - Started process (PID=7260) to work on /opt/airflow/dags/iis_etl.py
[2025-04-06T00:10:24.241+0000] {processor.py:826} INFO - Processing file /opt/airflow/dags/iis_etl.py for tasks to queue
[2025-04-06T00:10:24.244+0000] {logging_mixin.py:149} INFO - [2025-04-06T00:10:24.243+0000] {dagbag.py:541} INFO - Filling up the DagBag from /opt/airflow/dags/iis_etl.py
[2025-04-06T00:10:24.708+0000] {processor.py:836} INFO - DAG(s) dict_keys(['iis_etl']) retrieved from /opt/airflow/dags/iis_etl.py
[2025-04-06T00:10:24.765+0000] {logging_mixin.py:149} INFO - [2025-04-06T00:10:24.764+0000] {dag.py:2726} INFO - Sync 1 DAGs
[2025-04-06T00:10:24.792+0000] {processor.py:179} INFO - Processing /opt/airflow/dags/iis_etl.py took 0.559 seconds
[2025-04-06T00:10:55.183+0000] {processor.py:157} INFO - Started process (PID=7269) to work on /opt/airflow/dags/iis_etl.py
[2025-04-06T00:10:55.184+0000] {processor.py:826} INFO - Processing file /opt/airflow/dags/iis_etl.py for tasks to queue
[2025-04-06T00:10:55.185+0000] {logging_mixin.py:149} INFO - [2025-04-06T00:10:55.185+0000] {dagbag.py:541} INFO - Filling up the DagBag from /opt/airflow/dags/iis_etl.py
[2025-04-06T00:10:55.667+0000] {processor.py:836} INFO - DAG(s) dict_keys(['iis_etl']) retrieved from /opt/airflow/dags/iis_etl.py
[2025-04-06T00:10:55.719+0000] {logging_mixin.py:149} INFO - [2025-04-06T00:10:55.719+0000] {dag.py:2726} INFO - Sync 1 DAGs
[2025-04-06T00:10:55.748+0000] {processor.py:179} INFO - Processing /opt/airflow/dags/iis_etl.py took 0.572 seconds
[2025-04-06T00:11:25.878+0000] {processor.py:157} INFO - Started process (PID=7278) to work on /opt/airflow/dags/iis_etl.py
[2025-04-06T00:11:25.880+0000] {processor.py:826} INFO - Processing file /opt/airflow/dags/iis_etl.py for tasks to queue
[2025-04-06T00:11:25.881+0000] {logging_mixin.py:149} INFO - [2025-04-06T00:11:25.881+0000] {dagbag.py:541} INFO - Filling up the DagBag from /opt/airflow/dags/iis_etl.py
[2025-04-06T00:11:26.267+0000] {processor.py:836} INFO - DAG(s) dict_keys(['iis_etl']) retrieved from /opt/airflow/dags/iis_etl.py
[2025-04-06T00:11:26.316+0000] {logging_mixin.py:149} INFO - [2025-04-06T00:11:26.316+0000] {dag.py:2726} INFO - Sync 1 DAGs
[2025-04-06T00:11:26.339+0000] {processor.py:179} INFO - Processing /opt/airflow/dags/iis_etl.py took 0.467 seconds
[2025-04-06T00:11:56.466+0000] {processor.py:157} INFO - Started process (PID=7287) to work on /opt/airflow/dags/iis_etl.py
[2025-04-06T00:11:56.468+0000] {processor.py:826} INFO - Processing file /opt/airflow/dags/iis_etl.py for tasks to queue
[2025-04-06T00:11:56.469+0000] {logging_mixin.py:149} INFO - [2025-04-06T00:11:56.469+0000] {dagbag.py:541} INFO - Filling up the DagBag from /opt/airflow/dags/iis_etl.py
[2025-04-06T00:11:56.945+0000] {processor.py:836} INFO - DAG(s) dict_keys(['iis_etl']) retrieved from /opt/airflow/dags/iis_etl.py
[2025-04-06T00:11:56.998+0000] {logging_mixin.py:149} INFO - [2025-04-06T00:11:56.997+0000] {dag.py:2726} INFO - Sync 1 DAGs
[2025-04-06T00:11:57.164+0000] {processor.py:179} INFO - Processing /opt/airflow/dags/iis_etl.py took 0.705 seconds
[2025-04-06T00:12:27.580+0000] {processor.py:157} INFO - Started process (PID=7296) to work on /opt/airflow/dags/iis_etl.py
[2025-04-06T00:12:27.582+0000] {processor.py:826} INFO - Processing file /opt/airflow/dags/iis_etl.py for tasks to queue
[2025-04-06T00:12:27.583+0000] {logging_mixin.py:149} INFO - [2025-04-06T00:12:27.583+0000] {dagbag.py:541} INFO - Filling up the DagBag from /opt/airflow/dags/iis_etl.py
[2025-04-06T00:12:28.166+0000] {processor.py:836} INFO - DAG(s) dict_keys(['iis_etl']) retrieved from /opt/airflow/dags/iis_etl.py
[2025-04-06T00:12:28.232+0000] {logging_mixin.py:149} INFO - [2025-04-06T00:12:28.231+0000] {dag.py:2726} INFO - Sync 1 DAGs
[2025-04-06T00:12:28.254+0000] {processor.py:179} INFO - Processing /opt/airflow/dags/iis_etl.py took 0.682 seconds
[2025-04-06T00:12:58.646+0000] {processor.py:157} INFO - Started process (PID=7305) to work on /opt/airflow/dags/iis_etl.py
[2025-04-06T00:12:58.647+0000] {processor.py:826} INFO - Processing file /opt/airflow/dags/iis_etl.py for tasks to queue
[2025-04-06T00:12:58.648+0000] {logging_mixin.py:149} INFO - [2025-04-06T00:12:58.648+0000] {dagbag.py:541} INFO - Filling up the DagBag from /opt/airflow/dags/iis_etl.py
[2025-04-06T00:12:59.249+0000] {processor.py:836} INFO - DAG(s) dict_keys(['iis_etl']) retrieved from /opt/airflow/dags/iis_etl.py
[2025-04-06T00:12:59.297+0000] {logging_mixin.py:149} INFO - [2025-04-06T00:12:59.297+0000] {dag.py:2726} INFO - Sync 1 DAGs
[2025-04-06T00:12:59.320+0000] {processor.py:179} INFO - Processing /opt/airflow/dags/iis_etl.py took 0.680 seconds
[2025-04-06T00:13:29.393+0000] {processor.py:157} INFO - Started process (PID=7314) to work on /opt/airflow/dags/iis_etl.py
[2025-04-06T00:13:29.395+0000] {processor.py:826} INFO - Processing file /opt/airflow/dags/iis_etl.py for tasks to queue
[2025-04-06T00:13:29.396+0000] {logging_mixin.py:149} INFO - [2025-04-06T00:13:29.396+0000] {dagbag.py:541} INFO - Filling up the DagBag from /opt/airflow/dags/iis_etl.py
[2025-04-06T00:13:30.014+0000] {processor.py:836} INFO - DAG(s) dict_keys(['iis_etl']) retrieved from /opt/airflow/dags/iis_etl.py
[2025-04-06T00:13:30.063+0000] {logging_mixin.py:149} INFO - [2025-04-06T00:13:30.063+0000] {dag.py:2726} INFO - Sync 1 DAGs
[2025-04-06T00:13:30.086+0000] {processor.py:179} INFO - Processing /opt/airflow/dags/iis_etl.py took 0.699 seconds
[2025-04-06T00:14:00.436+0000] {processor.py:157} INFO - Started process (PID=7323) to work on /opt/airflow/dags/iis_etl.py
[2025-04-06T00:14:00.439+0000] {processor.py:826} INFO - Processing file /opt/airflow/dags/iis_etl.py for tasks to queue
[2025-04-06T00:14:00.441+0000] {logging_mixin.py:149} INFO - [2025-04-06T00:14:00.441+0000] {dagbag.py:541} INFO - Filling up the DagBag from /opt/airflow/dags/iis_etl.py
[2025-04-06T00:14:01.051+0000] {processor.py:836} INFO - DAG(s) dict_keys(['iis_etl']) retrieved from /opt/airflow/dags/iis_etl.py
[2025-04-06T00:14:01.099+0000] {logging_mixin.py:149} INFO - [2025-04-06T00:14:01.099+0000] {dag.py:2726} INFO - Sync 1 DAGs
[2025-04-06T00:14:01.121+0000] {processor.py:179} INFO - Processing /opt/airflow/dags/iis_etl.py took 0.692 seconds
[2025-04-06T00:14:31.388+0000] {processor.py:157} INFO - Started process (PID=7332) to work on /opt/airflow/dags/iis_etl.py
[2025-04-06T00:14:31.389+0000] {processor.py:826} INFO - Processing file /opt/airflow/dags/iis_etl.py for tasks to queue
[2025-04-06T00:14:31.390+0000] {logging_mixin.py:149} INFO - [2025-04-06T00:14:31.390+0000] {dagbag.py:541} INFO - Filling up the DagBag from /opt/airflow/dags/iis_etl.py
[2025-04-06T00:14:32.039+0000] {processor.py:836} INFO - DAG(s) dict_keys(['iis_etl']) retrieved from /opt/airflow/dags/iis_etl.py
[2025-04-06T00:14:32.109+0000] {logging_mixin.py:149} INFO - [2025-04-06T00:14:32.109+0000] {dag.py:2726} INFO - Sync 1 DAGs
[2025-04-06T00:14:32.132+0000] {processor.py:179} INFO - Processing /opt/airflow/dags/iis_etl.py took 0.750 seconds
[2025-04-06T00:15:02.434+0000] {processor.py:157} INFO - Started process (PID=7341) to work on /opt/airflow/dags/iis_etl.py
[2025-04-06T00:15:02.435+0000] {processor.py:826} INFO - Processing file /opt/airflow/dags/iis_etl.py for tasks to queue
[2025-04-06T00:15:02.436+0000] {logging_mixin.py:149} INFO - [2025-04-06T00:15:02.436+0000] {dagbag.py:541} INFO - Filling up the DagBag from /opt/airflow/dags/iis_etl.py
[2025-04-06T00:15:03.042+0000] {processor.py:836} INFO - DAG(s) dict_keys(['iis_etl']) retrieved from /opt/airflow/dags/iis_etl.py
[2025-04-06T00:15:03.089+0000] {logging_mixin.py:149} INFO - [2025-04-06T00:15:03.089+0000] {dag.py:2726} INFO - Sync 1 DAGs
[2025-04-06T00:15:03.111+0000] {processor.py:179} INFO - Processing /opt/airflow/dags/iis_etl.py took 0.682 seconds
[2025-04-06T00:15:33.515+0000] {processor.py:157} INFO - Started process (PID=7350) to work on /opt/airflow/dags/iis_etl.py
[2025-04-06T00:15:33.516+0000] {processor.py:826} INFO - Processing file /opt/airflow/dags/iis_etl.py for tasks to queue
[2025-04-06T00:15:33.517+0000] {logging_mixin.py:149} INFO - [2025-04-06T00:15:33.517+0000] {dagbag.py:541} INFO - Filling up the DagBag from /opt/airflow/dags/iis_etl.py
[2025-04-06T00:15:34.120+0000] {processor.py:836} INFO - DAG(s) dict_keys(['iis_etl']) retrieved from /opt/airflow/dags/iis_etl.py
[2025-04-06T00:15:34.169+0000] {logging_mixin.py:149} INFO - [2025-04-06T00:15:34.169+0000] {dag.py:2726} INFO - Sync 1 DAGs
[2025-04-06T00:15:34.192+0000] {processor.py:179} INFO - Processing /opt/airflow/dags/iis_etl.py took 0.684 seconds
[2025-04-06T00:16:04.393+0000] {processor.py:157} INFO - Started process (PID=7359) to work on /opt/airflow/dags/iis_etl.py
[2025-04-06T00:16:04.394+0000] {processor.py:826} INFO - Processing file /opt/airflow/dags/iis_etl.py for tasks to queue
[2025-04-06T00:16:04.394+0000] {logging_mixin.py:149} INFO - [2025-04-06T00:16:04.394+0000] {dagbag.py:541} INFO - Filling up the DagBag from /opt/airflow/dags/iis_etl.py
[2025-04-06T00:16:04.775+0000] {processor.py:836} INFO - DAG(s) dict_keys(['iis_etl']) retrieved from /opt/airflow/dags/iis_etl.py
[2025-04-06T00:16:04.820+0000] {logging_mixin.py:149} INFO - [2025-04-06T00:16:04.820+0000] {dag.py:2726} INFO - Sync 1 DAGs
[2025-04-06T00:16:04.841+0000] {processor.py:179} INFO - Processing /opt/airflow/dags/iis_etl.py took 0.449 seconds
[2025-04-06T00:16:35.155+0000] {processor.py:157} INFO - Started process (PID=7368) to work on /opt/airflow/dags/iis_etl.py
[2025-04-06T00:16:35.156+0000] {processor.py:826} INFO - Processing file /opt/airflow/dags/iis_etl.py for tasks to queue
[2025-04-06T00:16:35.157+0000] {logging_mixin.py:149} INFO - [2025-04-06T00:16:35.157+0000] {dagbag.py:541} INFO - Filling up the DagBag from /opt/airflow/dags/iis_etl.py
[2025-04-06T00:16:35.511+0000] {processor.py:836} INFO - DAG(s) dict_keys(['iis_etl']) retrieved from /opt/airflow/dags/iis_etl.py
[2025-04-06T00:16:35.553+0000] {logging_mixin.py:149} INFO - [2025-04-06T00:16:35.553+0000] {dag.py:2726} INFO - Sync 1 DAGs
[2025-04-06T00:16:35.574+0000] {processor.py:179} INFO - Processing /opt/airflow/dags/iis_etl.py took 0.425 seconds
[2025-04-06T00:17:05.886+0000] {processor.py:157} INFO - Started process (PID=7377) to work on /opt/airflow/dags/iis_etl.py
[2025-04-06T00:17:05.887+0000] {processor.py:826} INFO - Processing file /opt/airflow/dags/iis_etl.py for tasks to queue
[2025-04-06T00:17:05.888+0000] {logging_mixin.py:149} INFO - [2025-04-06T00:17:05.888+0000] {dagbag.py:541} INFO - Filling up the DagBag from /opt/airflow/dags/iis_etl.py
[2025-04-06T00:17:06.250+0000] {processor.py:836} INFO - DAG(s) dict_keys(['iis_etl']) retrieved from /opt/airflow/dags/iis_etl.py
[2025-04-06T00:17:06.293+0000] {logging_mixin.py:149} INFO - [2025-04-06T00:17:06.293+0000] {dag.py:2726} INFO - Sync 1 DAGs
[2025-04-06T00:17:06.313+0000] {processor.py:179} INFO - Processing /opt/airflow/dags/iis_etl.py took 0.432 seconds
[2025-04-06T00:17:36.737+0000] {processor.py:157} INFO - Started process (PID=7386) to work on /opt/airflow/dags/iis_etl.py
[2025-04-06T00:17:36.738+0000] {processor.py:826} INFO - Processing file /opt/airflow/dags/iis_etl.py for tasks to queue
[2025-04-06T00:17:36.738+0000] {logging_mixin.py:149} INFO - [2025-04-06T00:17:36.738+0000] {dagbag.py:541} INFO - Filling up the DagBag from /opt/airflow/dags/iis_etl.py
[2025-04-06T00:17:37.035+0000] {processor.py:836} INFO - DAG(s) dict_keys(['iis_etl']) retrieved from /opt/airflow/dags/iis_etl.py
[2025-04-06T00:17:37.080+0000] {logging_mixin.py:149} INFO - [2025-04-06T00:17:37.080+0000] {dag.py:2726} INFO - Sync 1 DAGs
[2025-04-06T00:17:37.104+0000] {processor.py:179} INFO - Processing /opt/airflow/dags/iis_etl.py took 0.369 seconds
[2025-04-06T00:18:07.435+0000] {processor.py:157} INFO - Started process (PID=7395) to work on /opt/airflow/dags/iis_etl.py
[2025-04-06T00:18:07.436+0000] {processor.py:826} INFO - Processing file /opt/airflow/dags/iis_etl.py for tasks to queue
[2025-04-06T00:18:07.437+0000] {logging_mixin.py:149} INFO - [2025-04-06T00:18:07.437+0000] {dagbag.py:541} INFO - Filling up the DagBag from /opt/airflow/dags/iis_etl.py
[2025-04-06T00:18:07.865+0000] {processor.py:836} INFO - DAG(s) dict_keys(['iis_etl']) retrieved from /opt/airflow/dags/iis_etl.py
[2025-04-06T00:18:07.940+0000] {logging_mixin.py:149} INFO - [2025-04-06T00:18:07.939+0000] {dag.py:2726} INFO - Sync 1 DAGs
[2025-04-06T00:18:07.970+0000] {processor.py:179} INFO - Processing /opt/airflow/dags/iis_etl.py took 0.541 seconds
[2025-04-06T00:18:38.347+0000] {processor.py:157} INFO - Started process (PID=7404) to work on /opt/airflow/dags/iis_etl.py
[2025-04-06T00:18:38.348+0000] {processor.py:826} INFO - Processing file /opt/airflow/dags/iis_etl.py for tasks to queue
[2025-04-06T00:18:38.350+0000] {logging_mixin.py:149} INFO - [2025-04-06T00:18:38.349+0000] {dagbag.py:541} INFO - Filling up the DagBag from /opt/airflow/dags/iis_etl.py
[2025-04-06T00:18:38.706+0000] {processor.py:836} INFO - DAG(s) dict_keys(['iis_etl']) retrieved from /opt/airflow/dags/iis_etl.py
[2025-04-06T00:18:38.756+0000] {logging_mixin.py:149} INFO - [2025-04-06T00:18:38.755+0000] {dag.py:2726} INFO - Sync 1 DAGs
[2025-04-06T00:18:38.792+0000] {processor.py:179} INFO - Processing /opt/airflow/dags/iis_etl.py took 0.450 seconds
[2025-04-06T00:19:09.029+0000] {processor.py:157} INFO - Started process (PID=7413) to work on /opt/airflow/dags/iis_etl.py
[2025-04-06T00:19:09.030+0000] {processor.py:826} INFO - Processing file /opt/airflow/dags/iis_etl.py for tasks to queue
[2025-04-06T00:19:09.031+0000] {logging_mixin.py:149} INFO - [2025-04-06T00:19:09.031+0000] {dagbag.py:541} INFO - Filling up the DagBag from /opt/airflow/dags/iis_etl.py
[2025-04-06T00:19:09.416+0000] {processor.py:836} INFO - DAG(s) dict_keys(['iis_etl']) retrieved from /opt/airflow/dags/iis_etl.py
[2025-04-06T00:19:09.467+0000] {logging_mixin.py:149} INFO - [2025-04-06T00:19:09.467+0000] {dag.py:2726} INFO - Sync 1 DAGs
[2025-04-06T00:19:09.673+0000] {processor.py:179} INFO - Processing /opt/airflow/dags/iis_etl.py took 0.648 seconds
[2025-04-06T00:19:40.094+0000] {processor.py:157} INFO - Started process (PID=7422) to work on /opt/airflow/dags/iis_etl.py
[2025-04-06T00:19:40.097+0000] {processor.py:826} INFO - Processing file /opt/airflow/dags/iis_etl.py for tasks to queue
[2025-04-06T00:19:40.098+0000] {logging_mixin.py:149} INFO - [2025-04-06T00:19:40.098+0000] {dagbag.py:541} INFO - Filling up the DagBag from /opt/airflow/dags/iis_etl.py
[2025-04-06T00:19:40.482+0000] {processor.py:836} INFO - DAG(s) dict_keys(['iis_etl']) retrieved from /opt/airflow/dags/iis_etl.py
[2025-04-06T00:19:40.675+0000] {logging_mixin.py:149} INFO - [2025-04-06T00:19:40.675+0000] {dag.py:2726} INFO - Sync 1 DAGs
[2025-04-06T00:19:40.699+0000] {processor.py:179} INFO - Processing /opt/airflow/dags/iis_etl.py took 0.610 seconds
[2025-04-06T00:20:11.057+0000] {processor.py:157} INFO - Started process (PID=7431) to work on /opt/airflow/dags/iis_etl.py
[2025-04-06T00:20:11.058+0000] {processor.py:826} INFO - Processing file /opt/airflow/dags/iis_etl.py for tasks to queue
[2025-04-06T00:20:11.060+0000] {logging_mixin.py:149} INFO - [2025-04-06T00:20:11.060+0000] {dagbag.py:541} INFO - Filling up the DagBag from /opt/airflow/dags/iis_etl.py
[2025-04-06T00:20:11.382+0000] {processor.py:836} INFO - DAG(s) dict_keys(['iis_etl']) retrieved from /opt/airflow/dags/iis_etl.py
[2025-04-06T00:20:11.501+0000] {logging_mixin.py:149} INFO - [2025-04-06T00:20:11.501+0000] {dag.py:2726} INFO - Sync 1 DAGs
[2025-04-06T00:20:11.521+0000] {processor.py:179} INFO - Processing /opt/airflow/dags/iis_etl.py took 0.469 seconds
[2025-04-06T00:20:41.849+0000] {processor.py:157} INFO - Started process (PID=7440) to work on /opt/airflow/dags/iis_etl.py
[2025-04-06T00:20:41.851+0000] {processor.py:826} INFO - Processing file /opt/airflow/dags/iis_etl.py for tasks to queue
[2025-04-06T00:20:41.852+0000] {logging_mixin.py:149} INFO - [2025-04-06T00:20:41.852+0000] {dagbag.py:541} INFO - Filling up the DagBag from /opt/airflow/dags/iis_etl.py
[2025-04-06T00:20:42.367+0000] {processor.py:836} INFO - DAG(s) dict_keys(['iis_etl']) retrieved from /opt/airflow/dags/iis_etl.py
[2025-04-06T00:20:42.417+0000] {logging_mixin.py:149} INFO - [2025-04-06T00:20:42.417+0000] {dag.py:2726} INFO - Sync 1 DAGs
[2025-04-06T00:20:42.438+0000] {processor.py:179} INFO - Processing /opt/airflow/dags/iis_etl.py took 0.595 seconds
[2025-04-06T00:21:12.739+0000] {processor.py:157} INFO - Started process (PID=7449) to work on /opt/airflow/dags/iis_etl.py
[2025-04-06T00:21:12.741+0000] {processor.py:826} INFO - Processing file /opt/airflow/dags/iis_etl.py for tasks to queue
[2025-04-06T00:21:12.742+0000] {logging_mixin.py:149} INFO - [2025-04-06T00:21:12.742+0000] {dagbag.py:541} INFO - Filling up the DagBag from /opt/airflow/dags/iis_etl.py
[2025-04-06T00:21:13.189+0000] {processor.py:836} INFO - DAG(s) dict_keys(['iis_etl']) retrieved from /opt/airflow/dags/iis_etl.py
[2025-04-06T00:21:13.239+0000] {logging_mixin.py:149} INFO - [2025-04-06T00:21:13.238+0000] {dag.py:2726} INFO - Sync 1 DAGs
[2025-04-06T00:21:13.263+0000] {processor.py:179} INFO - Processing /opt/airflow/dags/iis_etl.py took 0.530 seconds
[2025-04-06T00:21:43.610+0000] {processor.py:157} INFO - Started process (PID=7458) to work on /opt/airflow/dags/iis_etl.py
[2025-04-06T00:21:43.611+0000] {processor.py:826} INFO - Processing file /opt/airflow/dags/iis_etl.py for tasks to queue
[2025-04-06T00:21:43.612+0000] {logging_mixin.py:149} INFO - [2025-04-06T00:21:43.612+0000] {dagbag.py:541} INFO - Filling up the DagBag from /opt/airflow/dags/iis_etl.py
[2025-04-06T00:21:44.060+0000] {processor.py:836} INFO - DAG(s) dict_keys(['iis_etl']) retrieved from /opt/airflow/dags/iis_etl.py
[2025-04-06T00:21:44.106+0000] {logging_mixin.py:149} INFO - [2025-04-06T00:21:44.106+0000] {dag.py:2726} INFO - Sync 1 DAGs
[2025-04-06T00:21:44.130+0000] {processor.py:179} INFO - Processing /opt/airflow/dags/iis_etl.py took 0.525 seconds
[2025-04-06T00:22:14.402+0000] {processor.py:157} INFO - Started process (PID=7467) to work on /opt/airflow/dags/iis_etl.py
[2025-04-06T00:22:14.403+0000] {processor.py:826} INFO - Processing file /opt/airflow/dags/iis_etl.py for tasks to queue
[2025-04-06T00:22:14.404+0000] {logging_mixin.py:149} INFO - [2025-04-06T00:22:14.404+0000] {dagbag.py:541} INFO - Filling up the DagBag from /opt/airflow/dags/iis_etl.py
[2025-04-06T00:22:14.817+0000] {processor.py:836} INFO - DAG(s) dict_keys(['iis_etl']) retrieved from /opt/airflow/dags/iis_etl.py
[2025-04-06T00:22:14.860+0000] {logging_mixin.py:149} INFO - [2025-04-06T00:22:14.860+0000] {dag.py:2726} INFO - Sync 1 DAGs
[2025-04-06T00:22:14.881+0000] {processor.py:179} INFO - Processing /opt/airflow/dags/iis_etl.py took 0.483 seconds
[2025-04-06T00:22:45.186+0000] {processor.py:157} INFO - Started process (PID=7476) to work on /opt/airflow/dags/iis_etl.py
[2025-04-06T00:22:45.188+0000] {processor.py:826} INFO - Processing file /opt/airflow/dags/iis_etl.py for tasks to queue
[2025-04-06T00:22:45.189+0000] {logging_mixin.py:149} INFO - [2025-04-06T00:22:45.189+0000] {dagbag.py:541} INFO - Filling up the DagBag from /opt/airflow/dags/iis_etl.py
[2025-04-06T00:22:45.809+0000] {processor.py:836} INFO - DAG(s) dict_keys(['iis_etl']) retrieved from /opt/airflow/dags/iis_etl.py
[2025-04-06T00:22:45.859+0000] {logging_mixin.py:149} INFO - [2025-04-06T00:22:45.859+0000] {dag.py:2726} INFO - Sync 1 DAGs
[2025-04-06T00:22:45.885+0000] {processor.py:179} INFO - Processing /opt/airflow/dags/iis_etl.py took 0.707 seconds
[2025-04-06T00:23:16.126+0000] {processor.py:157} INFO - Started process (PID=7485) to work on /opt/airflow/dags/iis_etl.py
[2025-04-06T00:23:16.127+0000] {processor.py:826} INFO - Processing file /opt/airflow/dags/iis_etl.py for tasks to queue
[2025-04-06T00:23:16.128+0000] {logging_mixin.py:149} INFO - [2025-04-06T00:23:16.128+0000] {dagbag.py:541} INFO - Filling up the DagBag from /opt/airflow/dags/iis_etl.py
[2025-04-06T00:23:16.582+0000] {processor.py:836} INFO - DAG(s) dict_keys(['iis_etl']) retrieved from /opt/airflow/dags/iis_etl.py
[2025-04-06T00:23:16.631+0000] {logging_mixin.py:149} INFO - [2025-04-06T00:23:16.630+0000] {dag.py:2726} INFO - Sync 1 DAGs
[2025-04-06T00:23:16.651+0000] {processor.py:179} INFO - Processing /opt/airflow/dags/iis_etl.py took 0.532 seconds
[2025-04-06T00:23:46.985+0000] {processor.py:157} INFO - Started process (PID=7494) to work on /opt/airflow/dags/iis_etl.py
[2025-04-06T00:23:46.987+0000] {processor.py:826} INFO - Processing file /opt/airflow/dags/iis_etl.py for tasks to queue
[2025-04-06T00:23:46.988+0000] {logging_mixin.py:149} INFO - [2025-04-06T00:23:46.988+0000] {dagbag.py:541} INFO - Filling up the DagBag from /opt/airflow/dags/iis_etl.py
[2025-04-06T00:23:47.462+0000] {processor.py:836} INFO - DAG(s) dict_keys(['iis_etl']) retrieved from /opt/airflow/dags/iis_etl.py
[2025-04-06T00:23:47.513+0000] {logging_mixin.py:149} INFO - [2025-04-06T00:23:47.513+0000] {dag.py:2726} INFO - Sync 1 DAGs
[2025-04-06T00:23:47.537+0000] {processor.py:179} INFO - Processing /opt/airflow/dags/iis_etl.py took 0.559 seconds
[2025-04-06T00:24:17.899+0000] {processor.py:157} INFO - Started process (PID=7503) to work on /opt/airflow/dags/iis_etl.py
[2025-04-06T00:24:17.901+0000] {processor.py:826} INFO - Processing file /opt/airflow/dags/iis_etl.py for tasks to queue
[2025-04-06T00:24:17.901+0000] {logging_mixin.py:149} INFO - [2025-04-06T00:24:17.901+0000] {dagbag.py:541} INFO - Filling up the DagBag from /opt/airflow/dags/iis_etl.py
[2025-04-06T00:24:18.474+0000] {processor.py:836} INFO - DAG(s) dict_keys(['iis_etl']) retrieved from /opt/airflow/dags/iis_etl.py
[2025-04-06T00:24:18.522+0000] {logging_mixin.py:149} INFO - [2025-04-06T00:24:18.522+0000] {dag.py:2726} INFO - Sync 1 DAGs
[2025-04-06T00:24:18.546+0000] {processor.py:179} INFO - Processing /opt/airflow/dags/iis_etl.py took 0.654 seconds
[2025-04-06T00:25:51.152+0000] {processor.py:157} INFO - Started process (PID=7512) to work on /opt/airflow/dags/iis_etl.py
[2025-04-06T00:25:51.154+0000] {processor.py:826} INFO - Processing file /opt/airflow/dags/iis_etl.py for tasks to queue
[2025-04-06T00:25:51.155+0000] {logging_mixin.py:149} INFO - [2025-04-06T00:25:51.155+0000] {dagbag.py:541} INFO - Filling up the DagBag from /opt/airflow/dags/iis_etl.py
[2025-04-06T00:25:51.761+0000] {processor.py:836} INFO - DAG(s) dict_keys(['iis_etl']) retrieved from /opt/airflow/dags/iis_etl.py
[2025-04-06T00:25:51.813+0000] {logging_mixin.py:149} INFO - [2025-04-06T00:25:51.812+0000] {dag.py:2726} INFO - Sync 1 DAGs
[2025-04-06T00:25:51.838+0000] {processor.py:179} INFO - Processing /opt/airflow/dags/iis_etl.py took 0.694 seconds
[2025-04-06T00:26:22.422+0000] {processor.py:157} INFO - Started process (PID=7521) to work on /opt/airflow/dags/iis_etl.py
[2025-04-06T00:26:22.423+0000] {processor.py:826} INFO - Processing file /opt/airflow/dags/iis_etl.py for tasks to queue
[2025-04-06T00:26:22.424+0000] {logging_mixin.py:149} INFO - [2025-04-06T00:26:22.424+0000] {dagbag.py:541} INFO - Filling up the DagBag from /opt/airflow/dags/iis_etl.py
[2025-04-06T00:26:22.977+0000] {processor.py:836} INFO - DAG(s) dict_keys(['iis_etl']) retrieved from /opt/airflow/dags/iis_etl.py
[2025-04-06T00:26:23.037+0000] {logging_mixin.py:149} INFO - [2025-04-06T00:26:23.037+0000] {dag.py:2726} INFO - Sync 1 DAGs
[2025-04-06T00:26:23.086+0000] {processor.py:179} INFO - Processing /opt/airflow/dags/iis_etl.py took 0.669 seconds
[2025-04-06T00:26:53.512+0000] {processor.py:157} INFO - Started process (PID=7530) to work on /opt/airflow/dags/iis_etl.py
[2025-04-06T00:26:53.514+0000] {processor.py:826} INFO - Processing file /opt/airflow/dags/iis_etl.py for tasks to queue
[2025-04-06T00:26:53.515+0000] {logging_mixin.py:149} INFO - [2025-04-06T00:26:53.515+0000] {dagbag.py:541} INFO - Filling up the DagBag from /opt/airflow/dags/iis_etl.py
[2025-04-06T00:26:53.966+0000] {processor.py:836} INFO - DAG(s) dict_keys(['iis_etl']) retrieved from /opt/airflow/dags/iis_etl.py
[2025-04-06T00:26:54.026+0000] {logging_mixin.py:149} INFO - [2025-04-06T00:26:54.026+0000] {dag.py:2726} INFO - Sync 1 DAGs
[2025-04-06T00:26:54.070+0000] {processor.py:179} INFO - Processing /opt/airflow/dags/iis_etl.py took 0.566 seconds
[2025-04-06T00:27:24.480+0000] {processor.py:157} INFO - Started process (PID=7539) to work on /opt/airflow/dags/iis_etl.py
[2025-04-06T00:27:24.482+0000] {processor.py:826} INFO - Processing file /opt/airflow/dags/iis_etl.py for tasks to queue
[2025-04-06T00:27:24.483+0000] {logging_mixin.py:149} INFO - [2025-04-06T00:27:24.483+0000] {dagbag.py:541} INFO - Filling up the DagBag from /opt/airflow/dags/iis_etl.py
[2025-04-06T00:27:24.926+0000] {processor.py:836} INFO - DAG(s) dict_keys(['iis_etl']) retrieved from /opt/airflow/dags/iis_etl.py
[2025-04-06T00:27:24.982+0000] {logging_mixin.py:149} INFO - [2025-04-06T00:27:24.982+0000] {dag.py:2726} INFO - Sync 1 DAGs
[2025-04-06T00:27:25.010+0000] {processor.py:179} INFO - Processing /opt/airflow/dags/iis_etl.py took 0.537 seconds
[2025-04-06T00:27:55.365+0000] {processor.py:157} INFO - Started process (PID=7548) to work on /opt/airflow/dags/iis_etl.py
[2025-04-06T00:27:55.367+0000] {processor.py:826} INFO - Processing file /opt/airflow/dags/iis_etl.py for tasks to queue
[2025-04-06T00:27:55.368+0000] {logging_mixin.py:149} INFO - [2025-04-06T00:27:55.368+0000] {dagbag.py:541} INFO - Filling up the DagBag from /opt/airflow/dags/iis_etl.py
[2025-04-06T00:27:55.793+0000] {processor.py:836} INFO - DAG(s) dict_keys(['iis_etl']) retrieved from /opt/airflow/dags/iis_etl.py
[2025-04-06T00:27:55.867+0000] {logging_mixin.py:149} INFO - [2025-04-06T00:27:55.867+0000] {dag.py:2726} INFO - Sync 1 DAGs
[2025-04-06T00:27:55.901+0000] {processor.py:179} INFO - Processing /opt/airflow/dags/iis_etl.py took 0.542 seconds
[2025-04-06T00:28:26.173+0000] {processor.py:157} INFO - Started process (PID=7557) to work on /opt/airflow/dags/iis_etl.py
[2025-04-06T00:28:26.174+0000] {processor.py:826} INFO - Processing file /opt/airflow/dags/iis_etl.py for tasks to queue
[2025-04-06T00:28:26.174+0000] {logging_mixin.py:149} INFO - [2025-04-06T00:28:26.174+0000] {dagbag.py:541} INFO - Filling up the DagBag from /opt/airflow/dags/iis_etl.py
[2025-04-06T00:28:26.480+0000] {processor.py:836} INFO - DAG(s) dict_keys(['iis_etl']) retrieved from /opt/airflow/dags/iis_etl.py
[2025-04-06T00:28:26.527+0000] {logging_mixin.py:149} INFO - [2025-04-06T00:28:26.527+0000] {dag.py:2726} INFO - Sync 1 DAGs
[2025-04-06T00:28:26.684+0000] {processor.py:179} INFO - Processing /opt/airflow/dags/iis_etl.py took 0.514 seconds
[2025-04-06T00:28:57.052+0000] {processor.py:157} INFO - Started process (PID=7566) to work on /opt/airflow/dags/iis_etl.py
[2025-04-06T00:28:57.053+0000] {processor.py:826} INFO - Processing file /opt/airflow/dags/iis_etl.py for tasks to queue
[2025-04-06T00:28:57.054+0000] {logging_mixin.py:149} INFO - [2025-04-06T00:28:57.054+0000] {dagbag.py:541} INFO - Filling up the DagBag from /opt/airflow/dags/iis_etl.py
[2025-04-06T00:28:57.601+0000] {processor.py:836} INFO - DAG(s) dict_keys(['iis_etl']) retrieved from /opt/airflow/dags/iis_etl.py
[2025-04-06T00:28:57.654+0000] {logging_mixin.py:149} INFO - [2025-04-06T00:28:57.654+0000] {dag.py:2726} INFO - Sync 1 DAGs
[2025-04-06T00:28:57.680+0000] {processor.py:179} INFO - Processing /opt/airflow/dags/iis_etl.py took 0.632 seconds
[2025-04-06T00:29:27.849+0000] {processor.py:157} INFO - Started process (PID=7575) to work on /opt/airflow/dags/iis_etl.py
[2025-04-06T00:29:27.851+0000] {processor.py:826} INFO - Processing file /opt/airflow/dags/iis_etl.py for tasks to queue
[2025-04-06T00:29:27.851+0000] {logging_mixin.py:149} INFO - [2025-04-06T00:29:27.851+0000] {dagbag.py:541} INFO - Filling up the DagBag from /opt/airflow/dags/iis_etl.py
[2025-04-06T00:29:28.242+0000] {processor.py:836} INFO - DAG(s) dict_keys(['iis_etl']) retrieved from /opt/airflow/dags/iis_etl.py
[2025-04-06T00:29:28.288+0000] {logging_mixin.py:149} INFO - [2025-04-06T00:29:28.288+0000] {dag.py:2726} INFO - Sync 1 DAGs
[2025-04-06T00:29:28.309+0000] {processor.py:179} INFO - Processing /opt/airflow/dags/iis_etl.py took 0.465 seconds
[2025-04-06T00:29:58.641+0000] {processor.py:157} INFO - Started process (PID=7584) to work on /opt/airflow/dags/iis_etl.py
[2025-04-06T00:29:58.642+0000] {processor.py:826} INFO - Processing file /opt/airflow/dags/iis_etl.py for tasks to queue
[2025-04-06T00:29:58.643+0000] {logging_mixin.py:149} INFO - [2025-04-06T00:29:58.643+0000] {dagbag.py:541} INFO - Filling up the DagBag from /opt/airflow/dags/iis_etl.py
[2025-04-06T00:29:59.123+0000] {processor.py:836} INFO - DAG(s) dict_keys(['iis_etl']) retrieved from /opt/airflow/dags/iis_etl.py
[2025-04-06T00:29:59.171+0000] {logging_mixin.py:149} INFO - [2025-04-06T00:29:59.171+0000] {dag.py:2726} INFO - Sync 1 DAGs
[2025-04-06T00:29:59.196+0000] {processor.py:179} INFO - Processing /opt/airflow/dags/iis_etl.py took 0.561 seconds
[2025-04-06T00:30:29.573+0000] {processor.py:157} INFO - Started process (PID=7593) to work on /opt/airflow/dags/iis_etl.py
[2025-04-06T00:30:29.576+0000] {processor.py:826} INFO - Processing file /opt/airflow/dags/iis_etl.py for tasks to queue
[2025-04-06T00:30:29.577+0000] {logging_mixin.py:149} INFO - [2025-04-06T00:30:29.577+0000] {dagbag.py:541} INFO - Filling up the DagBag from /opt/airflow/dags/iis_etl.py
[2025-04-06T00:30:29.967+0000] {processor.py:836} INFO - DAG(s) dict_keys(['iis_etl']) retrieved from /opt/airflow/dags/iis_etl.py
[2025-04-06T00:30:30.013+0000] {logging_mixin.py:149} INFO - [2025-04-06T00:30:30.013+0000] {dag.py:2726} INFO - Sync 1 DAGs
[2025-04-06T00:30:30.033+0000] {processor.py:179} INFO - Processing /opt/airflow/dags/iis_etl.py took 0.465 seconds
[2025-04-06T00:31:00.332+0000] {processor.py:157} INFO - Started process (PID=7602) to work on /opt/airflow/dags/iis_etl.py
[2025-04-06T00:31:00.333+0000] {processor.py:826} INFO - Processing file /opt/airflow/dags/iis_etl.py for tasks to queue
[2025-04-06T00:31:00.334+0000] {logging_mixin.py:149} INFO - [2025-04-06T00:31:00.334+0000] {dagbag.py:541} INFO - Filling up the DagBag from /opt/airflow/dags/iis_etl.py
[2025-04-06T00:31:00.707+0000] {processor.py:836} INFO - DAG(s) dict_keys(['iis_etl']) retrieved from /opt/airflow/dags/iis_etl.py
[2025-04-06T00:31:00.750+0000] {logging_mixin.py:149} INFO - [2025-04-06T00:31:00.750+0000] {dag.py:2726} INFO - Sync 1 DAGs
[2025-04-06T00:31:00.770+0000] {processor.py:179} INFO - Processing /opt/airflow/dags/iis_etl.py took 0.443 seconds
[2025-04-06T00:31:31.035+0000] {processor.py:157} INFO - Started process (PID=7611) to work on /opt/airflow/dags/iis_etl.py
[2025-04-06T00:31:31.036+0000] {processor.py:826} INFO - Processing file /opt/airflow/dags/iis_etl.py for tasks to queue
[2025-04-06T00:31:31.037+0000] {logging_mixin.py:149} INFO - [2025-04-06T00:31:31.037+0000] {dagbag.py:541} INFO - Filling up the DagBag from /opt/airflow/dags/iis_etl.py
[2025-04-06T00:31:31.409+0000] {processor.py:836} INFO - DAG(s) dict_keys(['iis_etl']) retrieved from /opt/airflow/dags/iis_etl.py
[2025-04-06T00:31:31.452+0000] {logging_mixin.py:149} INFO - [2025-04-06T00:31:31.452+0000] {dag.py:2726} INFO - Sync 1 DAGs
[2025-04-06T00:31:31.473+0000] {processor.py:179} INFO - Processing /opt/airflow/dags/iis_etl.py took 0.441 seconds
[2025-04-06T00:32:01.838+0000] {processor.py:157} INFO - Started process (PID=7620) to work on /opt/airflow/dags/iis_etl.py
[2025-04-06T00:32:01.839+0000] {processor.py:826} INFO - Processing file /opt/airflow/dags/iis_etl.py for tasks to queue
[2025-04-06T00:32:01.840+0000] {logging_mixin.py:149} INFO - [2025-04-06T00:32:01.840+0000] {dagbag.py:541} INFO - Filling up the DagBag from /opt/airflow/dags/iis_etl.py
[2025-04-06T00:32:02.210+0000] {processor.py:836} INFO - DAG(s) dict_keys(['iis_etl']) retrieved from /opt/airflow/dags/iis_etl.py
[2025-04-06T00:32:02.252+0000] {logging_mixin.py:149} INFO - [2025-04-06T00:32:02.252+0000] {dag.py:2726} INFO - Sync 1 DAGs
[2025-04-06T00:32:02.272+0000] {processor.py:179} INFO - Processing /opt/airflow/dags/iis_etl.py took 0.438 seconds
[2025-04-06T00:32:32.620+0000] {processor.py:157} INFO - Started process (PID=7629) to work on /opt/airflow/dags/iis_etl.py
[2025-04-06T00:32:32.622+0000] {processor.py:826} INFO - Processing file /opt/airflow/dags/iis_etl.py for tasks to queue
[2025-04-06T00:32:32.623+0000] {logging_mixin.py:149} INFO - [2025-04-06T00:32:32.623+0000] {dagbag.py:541} INFO - Filling up the DagBag from /opt/airflow/dags/iis_etl.py
[2025-04-06T00:32:32.997+0000] {processor.py:836} INFO - DAG(s) dict_keys(['iis_etl']) retrieved from /opt/airflow/dags/iis_etl.py
[2025-04-06T00:32:33.040+0000] {logging_mixin.py:149} INFO - [2025-04-06T00:32:33.039+0000] {dag.py:2726} INFO - Sync 1 DAGs
[2025-04-06T00:32:33.060+0000] {processor.py:179} INFO - Processing /opt/airflow/dags/iis_etl.py took 0.444 seconds
[2025-04-06T00:33:03.438+0000] {processor.py:157} INFO - Started process (PID=7638) to work on /opt/airflow/dags/iis_etl.py
[2025-04-06T00:33:03.440+0000] {processor.py:826} INFO - Processing file /opt/airflow/dags/iis_etl.py for tasks to queue
[2025-04-06T00:33:03.441+0000] {logging_mixin.py:149} INFO - [2025-04-06T00:33:03.441+0000] {dagbag.py:541} INFO - Filling up the DagBag from /opt/airflow/dags/iis_etl.py
[2025-04-06T00:33:03.820+0000] {processor.py:836} INFO - DAG(s) dict_keys(['iis_etl']) retrieved from /opt/airflow/dags/iis_etl.py
[2025-04-06T00:33:03.862+0000] {logging_mixin.py:149} INFO - [2025-04-06T00:33:03.862+0000] {dag.py:2726} INFO - Sync 1 DAGs
[2025-04-06T00:33:03.883+0000] {processor.py:179} INFO - Processing /opt/airflow/dags/iis_etl.py took 0.452 seconds
[2025-04-06T00:33:34.180+0000] {processor.py:157} INFO - Started process (PID=7647) to work on /opt/airflow/dags/iis_etl.py
[2025-04-06T00:33:34.182+0000] {processor.py:826} INFO - Processing file /opt/airflow/dags/iis_etl.py for tasks to queue
[2025-04-06T00:33:34.183+0000] {logging_mixin.py:149} INFO - [2025-04-06T00:33:34.182+0000] {dagbag.py:541} INFO - Filling up the DagBag from /opt/airflow/dags/iis_etl.py
[2025-04-06T00:33:34.641+0000] {processor.py:836} INFO - DAG(s) dict_keys(['iis_etl']) retrieved from /opt/airflow/dags/iis_etl.py
[2025-04-06T00:33:34.689+0000] {logging_mixin.py:149} INFO - [2025-04-06T00:33:34.689+0000] {dag.py:2726} INFO - Sync 1 DAGs
[2025-04-06T00:33:34.712+0000] {processor.py:179} INFO - Processing /opt/airflow/dags/iis_etl.py took 0.536 seconds
[2025-04-06T00:34:05.308+0000] {processor.py:157} INFO - Started process (PID=7656) to work on /opt/airflow/dags/iis_etl.py
[2025-04-06T00:34:05.309+0000] {processor.py:826} INFO - Processing file /opt/airflow/dags/iis_etl.py for tasks to queue
[2025-04-06T00:34:05.309+0000] {logging_mixin.py:149} INFO - [2025-04-06T00:34:05.309+0000] {dagbag.py:541} INFO - Filling up the DagBag from /opt/airflow/dags/iis_etl.py
[2025-04-06T00:34:05.726+0000] {processor.py:836} INFO - DAG(s) dict_keys(['iis_etl']) retrieved from /opt/airflow/dags/iis_etl.py
[2025-04-06T00:34:05.777+0000] {logging_mixin.py:149} INFO - [2025-04-06T00:34:05.777+0000] {dag.py:2726} INFO - Sync 1 DAGs
[2025-04-06T00:34:05.802+0000] {processor.py:179} INFO - Processing /opt/airflow/dags/iis_etl.py took 0.499 seconds
[2025-04-06T01:00:30.726+0000] {processor.py:157} INFO - Started process (PID=7665) to work on /opt/airflow/dags/iis_etl.py
[2025-04-06T01:00:30.727+0000] {processor.py:826} INFO - Processing file /opt/airflow/dags/iis_etl.py for tasks to queue
[2025-04-06T01:00:30.728+0000] {logging_mixin.py:149} INFO - [2025-04-06T01:00:30.728+0000] {dagbag.py:541} INFO - Filling up the DagBag from /opt/airflow/dags/iis_etl.py
[2025-04-06T01:00:31.774+0000] {processor.py:836} INFO - DAG(s) dict_keys(['iis_etl']) retrieved from /opt/airflow/dags/iis_etl.py
[2025-04-06T01:00:32.094+0000] {logging_mixin.py:149} INFO - [2025-04-06T01:00:32.093+0000] {dag.py:2726} INFO - Sync 1 DAGs
[2025-04-06T01:00:32.198+0000] {processor.py:179} INFO - Processing /opt/airflow/dags/iis_etl.py took 1.478 seconds
[2025-04-06T01:01:02.592+0000] {processor.py:157} INFO - Started process (PID=7674) to work on /opt/airflow/dags/iis_etl.py
[2025-04-06T01:01:02.594+0000] {processor.py:826} INFO - Processing file /opt/airflow/dags/iis_etl.py for tasks to queue
[2025-04-06T01:01:02.596+0000] {logging_mixin.py:149} INFO - [2025-04-06T01:01:02.595+0000] {dagbag.py:541} INFO - Filling up the DagBag from /opt/airflow/dags/iis_etl.py
[2025-04-06T01:01:03.091+0000] {processor.py:836} INFO - DAG(s) dict_keys(['iis_etl']) retrieved from /opt/airflow/dags/iis_etl.py
[2025-04-06T01:01:03.170+0000] {logging_mixin.py:149} INFO - [2025-04-06T01:01:03.170+0000] {dag.py:2726} INFO - Sync 1 DAGs
[2025-04-06T01:01:03.404+0000] {processor.py:179} INFO - Processing /opt/airflow/dags/iis_etl.py took 0.821 seconds
[2025-04-06T01:01:33.568+0000] {processor.py:157} INFO - Started process (PID=7683) to work on /opt/airflow/dags/iis_etl.py
[2025-04-06T01:01:33.570+0000] {processor.py:826} INFO - Processing file /opt/airflow/dags/iis_etl.py for tasks to queue
[2025-04-06T01:01:33.571+0000] {logging_mixin.py:149} INFO - [2025-04-06T01:01:33.571+0000] {dagbag.py:541} INFO - Filling up the DagBag from /opt/airflow/dags/iis_etl.py
[2025-04-06T01:01:34.082+0000] {processor.py:836} INFO - DAG(s) dict_keys(['iis_etl']) retrieved from /opt/airflow/dags/iis_etl.py
[2025-04-06T01:01:34.143+0000] {logging_mixin.py:149} INFO - [2025-04-06T01:01:34.142+0000] {dag.py:2726} INFO - Sync 1 DAGs
[2025-04-06T01:01:34.378+0000] {processor.py:179} INFO - Processing /opt/airflow/dags/iis_etl.py took 0.818 seconds
[2025-04-06T01:02:04.821+0000] {processor.py:157} INFO - Started process (PID=7692) to work on /opt/airflow/dags/iis_etl.py
[2025-04-06T01:02:04.829+0000] {processor.py:826} INFO - Processing file /opt/airflow/dags/iis_etl.py for tasks to queue
[2025-04-06T01:02:04.831+0000] {logging_mixin.py:149} INFO - [2025-04-06T01:02:04.831+0000] {dagbag.py:541} INFO - Filling up the DagBag from /opt/airflow/dags/iis_etl.py
[2025-04-06T01:02:05.397+0000] {processor.py:836} INFO - DAG(s) dict_keys(['iis_etl']) retrieved from /opt/airflow/dags/iis_etl.py
[2025-04-06T01:02:05.532+0000] {logging_mixin.py:149} INFO - [2025-04-06T01:02:05.532+0000] {dag.py:2726} INFO - Sync 1 DAGs
[2025-04-06T01:02:05.819+0000] {processor.py:179} INFO - Processing /opt/airflow/dags/iis_etl.py took 1.013 seconds
[2025-04-06T01:02:36.276+0000] {processor.py:157} INFO - Started process (PID=7701) to work on /opt/airflow/dags/iis_etl.py
[2025-04-06T01:02:36.278+0000] {processor.py:826} INFO - Processing file /opt/airflow/dags/iis_etl.py for tasks to queue
[2025-04-06T01:02:36.279+0000] {logging_mixin.py:149} INFO - [2025-04-06T01:02:36.279+0000] {dagbag.py:541} INFO - Filling up the DagBag from /opt/airflow/dags/iis_etl.py
[2025-04-06T01:02:36.898+0000] {processor.py:836} INFO - DAG(s) dict_keys(['iis_etl']) retrieved from /opt/airflow/dags/iis_etl.py
[2025-04-06T01:02:36.947+0000] {logging_mixin.py:149} INFO - [2025-04-06T01:02:36.947+0000] {dag.py:2726} INFO - Sync 1 DAGs
[2025-04-06T01:02:36.969+0000] {processor.py:179} INFO - Processing /opt/airflow/dags/iis_etl.py took 0.700 seconds
[2025-04-06T01:03:07.380+0000] {processor.py:157} INFO - Started process (PID=7710) to work on /opt/airflow/dags/iis_etl.py
[2025-04-06T01:03:07.382+0000] {processor.py:826} INFO - Processing file /opt/airflow/dags/iis_etl.py for tasks to queue
[2025-04-06T01:03:07.383+0000] {logging_mixin.py:149} INFO - [2025-04-06T01:03:07.383+0000] {dagbag.py:541} INFO - Filling up the DagBag from /opt/airflow/dags/iis_etl.py
[2025-04-06T01:03:07.994+0000] {processor.py:836} INFO - DAG(s) dict_keys(['iis_etl']) retrieved from /opt/airflow/dags/iis_etl.py
[2025-04-06T01:03:08.045+0000] {logging_mixin.py:149} INFO - [2025-04-06T01:03:08.044+0000] {dag.py:2726} INFO - Sync 1 DAGs
[2025-04-06T01:03:08.073+0000] {processor.py:179} INFO - Processing /opt/airflow/dags/iis_etl.py took 0.702 seconds
[2025-04-06T01:03:38.497+0000] {processor.py:157} INFO - Started process (PID=7719) to work on /opt/airflow/dags/iis_etl.py
[2025-04-06T01:03:38.500+0000] {processor.py:826} INFO - Processing file /opt/airflow/dags/iis_etl.py for tasks to queue
[2025-04-06T01:03:38.501+0000] {logging_mixin.py:149} INFO - [2025-04-06T01:03:38.501+0000] {dagbag.py:541} INFO - Filling up the DagBag from /opt/airflow/dags/iis_etl.py
[2025-04-06T01:03:39.142+0000] {processor.py:836} INFO - DAG(s) dict_keys(['iis_etl']) retrieved from /opt/airflow/dags/iis_etl.py
[2025-04-06T01:03:39.195+0000] {logging_mixin.py:149} INFO - [2025-04-06T01:03:39.195+0000] {dag.py:2726} INFO - Sync 1 DAGs
[2025-04-06T01:03:39.219+0000] {processor.py:179} INFO - Processing /opt/airflow/dags/iis_etl.py took 0.732 seconds
[2025-04-06T01:04:09.615+0000] {processor.py:157} INFO - Started process (PID=7728) to work on /opt/airflow/dags/iis_etl.py
[2025-04-06T01:04:09.616+0000] {processor.py:826} INFO - Processing file /opt/airflow/dags/iis_etl.py for tasks to queue
[2025-04-06T01:04:09.617+0000] {logging_mixin.py:149} INFO - [2025-04-06T01:04:09.617+0000] {dagbag.py:541} INFO - Filling up the DagBag from /opt/airflow/dags/iis_etl.py
[2025-04-06T01:04:10.214+0000] {processor.py:836} INFO - DAG(s) dict_keys(['iis_etl']) retrieved from /opt/airflow/dags/iis_etl.py
[2025-04-06T01:04:10.263+0000] {logging_mixin.py:149} INFO - [2025-04-06T01:04:10.263+0000] {dag.py:2726} INFO - Sync 1 DAGs
[2025-04-06T01:04:10.286+0000] {processor.py:179} INFO - Processing /opt/airflow/dags/iis_etl.py took 0.678 seconds
[2025-04-06T01:04:40.507+0000] {processor.py:157} INFO - Started process (PID=7737) to work on /opt/airflow/dags/iis_etl.py
[2025-04-06T01:04:40.508+0000] {processor.py:826} INFO - Processing file /opt/airflow/dags/iis_etl.py for tasks to queue
[2025-04-06T01:04:40.509+0000] {logging_mixin.py:149} INFO - [2025-04-06T01:04:40.509+0000] {dagbag.py:541} INFO - Filling up the DagBag from /opt/airflow/dags/iis_etl.py
[2025-04-06T01:04:41.127+0000] {processor.py:836} INFO - DAG(s) dict_keys(['iis_etl']) retrieved from /opt/airflow/dags/iis_etl.py
[2025-04-06T01:04:41.178+0000] {logging_mixin.py:149} INFO - [2025-04-06T01:04:41.178+0000] {dag.py:2726} INFO - Sync 1 DAGs
[2025-04-06T01:04:41.201+0000] {processor.py:179} INFO - Processing /opt/airflow/dags/iis_etl.py took 0.700 seconds
[2025-04-06T01:05:11.619+0000] {processor.py:157} INFO - Started process (PID=7746) to work on /opt/airflow/dags/iis_etl.py
[2025-04-06T01:05:11.621+0000] {processor.py:826} INFO - Processing file /opt/airflow/dags/iis_etl.py for tasks to queue
[2025-04-06T01:05:11.622+0000] {logging_mixin.py:149} INFO - [2025-04-06T01:05:11.622+0000] {dagbag.py:541} INFO - Filling up the DagBag from /opt/airflow/dags/iis_etl.py
[2025-04-06T01:05:12.220+0000] {processor.py:836} INFO - DAG(s) dict_keys(['iis_etl']) retrieved from /opt/airflow/dags/iis_etl.py
[2025-04-06T01:05:12.269+0000] {logging_mixin.py:149} INFO - [2025-04-06T01:05:12.269+0000] {dag.py:2726} INFO - Sync 1 DAGs
[2025-04-06T01:05:12.301+0000] {processor.py:179} INFO - Processing /opt/airflow/dags/iis_etl.py took 0.691 seconds
[2025-04-06T01:05:42.671+0000] {processor.py:157} INFO - Started process (PID=7755) to work on /opt/airflow/dags/iis_etl.py
[2025-04-06T01:05:42.673+0000] {processor.py:826} INFO - Processing file /opt/airflow/dags/iis_etl.py for tasks to queue
[2025-04-06T01:05:42.674+0000] {logging_mixin.py:149} INFO - [2025-04-06T01:05:42.674+0000] {dagbag.py:541} INFO - Filling up the DagBag from /opt/airflow/dags/iis_etl.py
[2025-04-06T01:05:43.391+0000] {processor.py:836} INFO - DAG(s) dict_keys(['iis_etl']) retrieved from /opt/airflow/dags/iis_etl.py
[2025-04-06T01:05:43.447+0000] {logging_mixin.py:149} INFO - [2025-04-06T01:05:43.447+0000] {dag.py:2726} INFO - Sync 1 DAGs
[2025-04-06T01:05:43.471+0000] {processor.py:179} INFO - Processing /opt/airflow/dags/iis_etl.py took 0.806 seconds
[2025-04-06T01:06:13.694+0000] {processor.py:157} INFO - Started process (PID=7764) to work on /opt/airflow/dags/iis_etl.py
[2025-04-06T01:06:13.695+0000] {processor.py:826} INFO - Processing file /opt/airflow/dags/iis_etl.py for tasks to queue
[2025-04-06T01:06:13.696+0000] {logging_mixin.py:149} INFO - [2025-04-06T01:06:13.696+0000] {dagbag.py:541} INFO - Filling up the DagBag from /opt/airflow/dags/iis_etl.py
[2025-04-06T01:06:14.292+0000] {processor.py:836} INFO - DAG(s) dict_keys(['iis_etl']) retrieved from /opt/airflow/dags/iis_etl.py
[2025-04-06T01:06:14.342+0000] {logging_mixin.py:149} INFO - [2025-04-06T01:06:14.342+0000] {dag.py:2726} INFO - Sync 1 DAGs
[2025-04-06T01:06:14.364+0000] {processor.py:179} INFO - Processing /opt/airflow/dags/iis_etl.py took 0.677 seconds
[2025-04-06T01:06:45.016+0000] {processor.py:157} INFO - Started process (PID=7773) to work on /opt/airflow/dags/iis_etl.py
[2025-04-06T01:06:45.017+0000] {processor.py:826} INFO - Processing file /opt/airflow/dags/iis_etl.py for tasks to queue
[2025-04-06T01:06:45.018+0000] {logging_mixin.py:149} INFO - [2025-04-06T01:06:45.018+0000] {dagbag.py:541} INFO - Filling up the DagBag from /opt/airflow/dags/iis_etl.py
[2025-04-06T01:06:45.419+0000] {processor.py:836} INFO - DAG(s) dict_keys(['iis_etl']) retrieved from /opt/airflow/dags/iis_etl.py
[2025-04-06T01:06:45.468+0000] {logging_mixin.py:149} INFO - [2025-04-06T01:06:45.468+0000] {dag.py:2726} INFO - Sync 1 DAGs
[2025-04-06T01:06:45.495+0000] {processor.py:179} INFO - Processing /opt/airflow/dags/iis_etl.py took 0.483 seconds
[2025-04-06T01:07:15.858+0000] {processor.py:157} INFO - Started process (PID=7782) to work on /opt/airflow/dags/iis_etl.py
[2025-04-06T01:07:15.861+0000] {processor.py:826} INFO - Processing file /opt/airflow/dags/iis_etl.py for tasks to queue
[2025-04-06T01:07:15.862+0000] {logging_mixin.py:149} INFO - [2025-04-06T01:07:15.861+0000] {dagbag.py:541} INFO - Filling up the DagBag from /opt/airflow/dags/iis_etl.py
[2025-04-06T01:07:16.340+0000] {processor.py:836} INFO - DAG(s) dict_keys(['iis_etl']) retrieved from /opt/airflow/dags/iis_etl.py
[2025-04-06T01:07:16.394+0000] {logging_mixin.py:149} INFO - [2025-04-06T01:07:16.394+0000] {dag.py:2726} INFO - Sync 1 DAGs
[2025-04-06T01:07:16.439+0000] {processor.py:179} INFO - Processing /opt/airflow/dags/iis_etl.py took 0.591 seconds
[2025-04-06T01:07:46.761+0000] {processor.py:157} INFO - Started process (PID=7791) to work on /opt/airflow/dags/iis_etl.py
[2025-04-06T01:07:46.764+0000] {processor.py:826} INFO - Processing file /opt/airflow/dags/iis_etl.py for tasks to queue
[2025-04-06T01:07:46.765+0000] {logging_mixin.py:149} INFO - [2025-04-06T01:07:46.765+0000] {dagbag.py:541} INFO - Filling up the DagBag from /opt/airflow/dags/iis_etl.py
[2025-04-06T01:07:47.232+0000] {processor.py:836} INFO - DAG(s) dict_keys(['iis_etl']) retrieved from /opt/airflow/dags/iis_etl.py
[2025-04-06T01:07:47.286+0000] {logging_mixin.py:149} INFO - [2025-04-06T01:07:47.286+0000] {dag.py:2726} INFO - Sync 1 DAGs
[2025-04-06T01:07:47.327+0000] {processor.py:179} INFO - Processing /opt/airflow/dags/iis_etl.py took 0.573 seconds
[2025-04-06T01:08:17.701+0000] {processor.py:157} INFO - Started process (PID=7800) to work on /opt/airflow/dags/iis_etl.py
[2025-04-06T01:08:17.704+0000] {processor.py:826} INFO - Processing file /opt/airflow/dags/iis_etl.py for tasks to queue
[2025-04-06T01:08:17.705+0000] {logging_mixin.py:149} INFO - [2025-04-06T01:08:17.705+0000] {dagbag.py:541} INFO - Filling up the DagBag from /opt/airflow/dags/iis_etl.py
[2025-04-06T01:08:18.178+0000] {processor.py:836} INFO - DAG(s) dict_keys(['iis_etl']) retrieved from /opt/airflow/dags/iis_etl.py
[2025-04-06T01:08:18.231+0000] {logging_mixin.py:149} INFO - [2025-04-06T01:08:18.231+0000] {dag.py:2726} INFO - Sync 1 DAGs
[2025-04-06T01:08:18.278+0000] {processor.py:179} INFO - Processing /opt/airflow/dags/iis_etl.py took 0.586 seconds
[2025-04-06T01:08:48.430+0000] {processor.py:157} INFO - Started process (PID=7809) to work on /opt/airflow/dags/iis_etl.py
[2025-04-06T01:08:48.432+0000] {processor.py:826} INFO - Processing file /opt/airflow/dags/iis_etl.py for tasks to queue
[2025-04-06T01:08:48.433+0000] {logging_mixin.py:149} INFO - [2025-04-06T01:08:48.433+0000] {dagbag.py:541} INFO - Filling up the DagBag from /opt/airflow/dags/iis_etl.py
[2025-04-06T01:08:48.864+0000] {processor.py:836} INFO - DAG(s) dict_keys(['iis_etl']) retrieved from /opt/airflow/dags/iis_etl.py
[2025-04-06T01:08:49.116+0000] {logging_mixin.py:149} INFO - [2025-04-06T01:08:49.115+0000] {dag.py:2726} INFO - Sync 1 DAGs
[2025-04-06T01:08:49.143+0000] {processor.py:179} INFO - Processing /opt/airflow/dags/iis_etl.py took 0.718 seconds
[2025-04-06T01:09:19.541+0000] {processor.py:157} INFO - Started process (PID=7818) to work on /opt/airflow/dags/iis_etl.py
[2025-04-06T01:09:19.544+0000] {processor.py:826} INFO - Processing file /opt/airflow/dags/iis_etl.py for tasks to queue
[2025-04-06T01:09:19.545+0000] {logging_mixin.py:149} INFO - [2025-04-06T01:09:19.545+0000] {dagbag.py:541} INFO - Filling up the DagBag from /opt/airflow/dags/iis_etl.py
[2025-04-06T01:09:20.144+0000] {processor.py:836} INFO - DAG(s) dict_keys(['iis_etl']) retrieved from /opt/airflow/dags/iis_etl.py
[2025-04-06T01:09:20.194+0000] {logging_mixin.py:149} INFO - [2025-04-06T01:09:20.194+0000] {dag.py:2726} INFO - Sync 1 DAGs
[2025-04-06T01:09:20.218+0000] {processor.py:179} INFO - Processing /opt/airflow/dags/iis_etl.py took 0.685 seconds
[2025-04-06T01:09:50.605+0000] {processor.py:157} INFO - Started process (PID=7827) to work on /opt/airflow/dags/iis_etl.py
[2025-04-06T01:09:50.607+0000] {processor.py:826} INFO - Processing file /opt/airflow/dags/iis_etl.py for tasks to queue
[2025-04-06T01:09:50.608+0000] {logging_mixin.py:149} INFO - [2025-04-06T01:09:50.608+0000] {dagbag.py:541} INFO - Filling up the DagBag from /opt/airflow/dags/iis_etl.py
[2025-04-06T01:09:51.170+0000] {processor.py:836} INFO - DAG(s) dict_keys(['iis_etl']) retrieved from /opt/airflow/dags/iis_etl.py
[2025-04-06T01:09:51.225+0000] {logging_mixin.py:149} INFO - [2025-04-06T01:09:51.225+0000] {dag.py:2726} INFO - Sync 1 DAGs
[2025-04-06T01:09:51.254+0000] {processor.py:179} INFO - Processing /opt/airflow/dags/iis_etl.py took 0.655 seconds
[2025-04-06T01:10:21.450+0000] {processor.py:157} INFO - Started process (PID=7836) to work on /opt/airflow/dags/iis_etl.py
[2025-04-06T01:10:21.452+0000] {processor.py:826} INFO - Processing file /opt/airflow/dags/iis_etl.py for tasks to queue
[2025-04-06T01:10:21.453+0000] {logging_mixin.py:149} INFO - [2025-04-06T01:10:21.453+0000] {dagbag.py:541} INFO - Filling up the DagBag from /opt/airflow/dags/iis_etl.py
[2025-04-06T01:10:22.059+0000] {processor.py:836} INFO - DAG(s) dict_keys(['iis_etl']) retrieved from /opt/airflow/dags/iis_etl.py
[2025-04-06T01:10:22.105+0000] {logging_mixin.py:149} INFO - [2025-04-06T01:10:22.104+0000] {dag.py:2726} INFO - Sync 1 DAGs
[2025-04-06T01:10:22.126+0000] {processor.py:179} INFO - Processing /opt/airflow/dags/iis_etl.py took 0.686 seconds
[2025-04-06T01:10:52.534+0000] {processor.py:157} INFO - Started process (PID=7845) to work on /opt/airflow/dags/iis_etl.py
[2025-04-06T01:10:52.537+0000] {processor.py:826} INFO - Processing file /opt/airflow/dags/iis_etl.py for tasks to queue
[2025-04-06T01:10:52.538+0000] {logging_mixin.py:149} INFO - [2025-04-06T01:10:52.538+0000] {dagbag.py:541} INFO - Filling up the DagBag from /opt/airflow/dags/iis_etl.py
[2025-04-06T01:10:53.121+0000] {processor.py:836} INFO - DAG(s) dict_keys(['iis_etl']) retrieved from /opt/airflow/dags/iis_etl.py
[2025-04-06T01:10:53.168+0000] {logging_mixin.py:149} INFO - [2025-04-06T01:10:53.168+0000] {dag.py:2726} INFO - Sync 1 DAGs
[2025-04-06T01:10:53.191+0000] {processor.py:179} INFO - Processing /opt/airflow/dags/iis_etl.py took 0.666 seconds
[2025-04-06T01:11:23.596+0000] {processor.py:157} INFO - Started process (PID=7854) to work on /opt/airflow/dags/iis_etl.py
[2025-04-06T01:11:23.599+0000] {processor.py:826} INFO - Processing file /opt/airflow/dags/iis_etl.py for tasks to queue
[2025-04-06T01:11:23.600+0000] {logging_mixin.py:149} INFO - [2025-04-06T01:11:23.600+0000] {dagbag.py:541} INFO - Filling up the DagBag from /opt/airflow/dags/iis_etl.py
[2025-04-06T01:11:24.166+0000] {processor.py:836} INFO - DAG(s) dict_keys(['iis_etl']) retrieved from /opt/airflow/dags/iis_etl.py
[2025-04-06T01:11:24.213+0000] {logging_mixin.py:149} INFO - [2025-04-06T01:11:24.213+0000] {dag.py:2726} INFO - Sync 1 DAGs
[2025-04-06T01:11:24.236+0000] {processor.py:179} INFO - Processing /opt/airflow/dags/iis_etl.py took 0.648 seconds
[2025-04-06T01:11:54.457+0000] {processor.py:157} INFO - Started process (PID=7863) to work on /opt/airflow/dags/iis_etl.py
[2025-04-06T01:11:54.459+0000] {processor.py:826} INFO - Processing file /opt/airflow/dags/iis_etl.py for tasks to queue
[2025-04-06T01:11:54.461+0000] {logging_mixin.py:149} INFO - [2025-04-06T01:11:54.461+0000] {dagbag.py:541} INFO - Filling up the DagBag from /opt/airflow/dags/iis_etl.py
[2025-04-06T01:11:55.047+0000] {processor.py:836} INFO - DAG(s) dict_keys(['iis_etl']) retrieved from /opt/airflow/dags/iis_etl.py
[2025-04-06T01:11:55.095+0000] {logging_mixin.py:149} INFO - [2025-04-06T01:11:55.095+0000] {dag.py:2726} INFO - Sync 1 DAGs
[2025-04-06T01:11:55.118+0000] {processor.py:179} INFO - Processing /opt/airflow/dags/iis_etl.py took 0.669 seconds
[2025-04-06T02:34:58.022+0000] {processor.py:157} INFO - Started process (PID=7872) to work on /opt/airflow/dags/iis_etl.py
[2025-04-06T02:34:58.023+0000] {processor.py:826} INFO - Processing file /opt/airflow/dags/iis_etl.py for tasks to queue
[2025-04-06T02:34:58.024+0000] {logging_mixin.py:149} INFO - [2025-04-06T02:34:58.024+0000] {dagbag.py:541} INFO - Filling up the DagBag from /opt/airflow/dags/iis_etl.py
[2025-04-06T02:34:58.666+0000] {processor.py:836} INFO - DAG(s) dict_keys(['iis_etl']) retrieved from /opt/airflow/dags/iis_etl.py
[2025-04-06T02:34:58.727+0000] {logging_mixin.py:149} INFO - [2025-04-06T02:34:58.726+0000] {dag.py:2726} INFO - Sync 1 DAGs
[2025-04-06T02:34:58.749+0000] {processor.py:179} INFO - Processing /opt/airflow/dags/iis_etl.py took 0.732 seconds
[2025-04-06T03:45:46.256+0000] {processor.py:157} INFO - Started process (PID=7881) to work on /opt/airflow/dags/iis_etl.py
[2025-04-06T03:45:46.260+0000] {processor.py:826} INFO - Processing file /opt/airflow/dags/iis_etl.py for tasks to queue
[2025-04-06T03:45:46.261+0000] {logging_mixin.py:149} INFO - [2025-04-06T03:45:46.261+0000] {dagbag.py:541} INFO - Filling up the DagBag from /opt/airflow/dags/iis_etl.py
[2025-04-06T03:45:47.316+0000] {processor.py:836} INFO - DAG(s) dict_keys(['iis_etl']) retrieved from /opt/airflow/dags/iis_etl.py
[2025-04-06T03:45:47.385+0000] {logging_mixin.py:149} INFO - [2025-04-06T03:45:47.385+0000] {dag.py:2726} INFO - Sync 1 DAGs
[2025-04-06T03:45:47.409+0000] {processor.py:179} INFO - Processing /opt/airflow/dags/iis_etl.py took 1.167 seconds
[2025-04-06T04:46:59.369+0000] {processor.py:157} INFO - Started process (PID=7890) to work on /opt/airflow/dags/iis_etl.py
[2025-04-06T04:46:59.370+0000] {processor.py:826} INFO - Processing file /opt/airflow/dags/iis_etl.py for tasks to queue
[2025-04-06T04:46:59.374+0000] {logging_mixin.py:149} INFO - [2025-04-06T04:46:59.374+0000] {dagbag.py:541} INFO - Filling up the DagBag from /opt/airflow/dags/iis_etl.py
[2025-04-06T04:47:00.710+0000] {processor.py:836} INFO - DAG(s) dict_keys(['iis_etl']) retrieved from /opt/airflow/dags/iis_etl.py
[2025-04-06T04:47:00.777+0000] {logging_mixin.py:149} INFO - [2025-04-06T04:47:00.776+0000] {dag.py:2726} INFO - Sync 1 DAGs
[2025-04-06T04:47:00.805+0000] {processor.py:179} INFO - Processing /opt/airflow/dags/iis_etl.py took 1.442 seconds
[2025-04-06T06:01:36.290+0000] {processor.py:157} INFO - Started process (PID=7899) to work on /opt/airflow/dags/iis_etl.py
[2025-04-06T06:01:36.292+0000] {processor.py:826} INFO - Processing file /opt/airflow/dags/iis_etl.py for tasks to queue
[2025-04-06T06:01:36.292+0000] {logging_mixin.py:149} INFO - [2025-04-06T06:01:36.292+0000] {dagbag.py:541} INFO - Filling up the DagBag from /opt/airflow/dags/iis_etl.py
[2025-04-06T06:01:36.741+0000] {processor.py:836} INFO - DAG(s) dict_keys(['iis_etl']) retrieved from /opt/airflow/dags/iis_etl.py
[2025-04-06T06:01:36.797+0000] {logging_mixin.py:149} INFO - [2025-04-06T06:01:36.797+0000] {dag.py:2726} INFO - Sync 1 DAGs
[2025-04-06T06:01:36.867+0000] {processor.py:179} INFO - Processing /opt/airflow/dags/iis_etl.py took 0.579 seconds
[2025-04-06T07:16:32.115+0000] {processor.py:157} INFO - Started process (PID=7908) to work on /opt/airflow/dags/iis_etl.py
[2025-04-06T07:16:32.117+0000] {processor.py:826} INFO - Processing file /opt/airflow/dags/iis_etl.py for tasks to queue
[2025-04-06T07:16:32.118+0000] {logging_mixin.py:149} INFO - [2025-04-06T07:16:32.118+0000] {dagbag.py:541} INFO - Filling up the DagBag from /opt/airflow/dags/iis_etl.py
[2025-04-06T07:16:32.996+0000] {processor.py:836} INFO - DAG(s) dict_keys(['iis_etl']) retrieved from /opt/airflow/dags/iis_etl.py
[2025-04-06T07:16:33.095+0000] {logging_mixin.py:149} INFO - [2025-04-06T07:16:33.094+0000] {dag.py:2726} INFO - Sync 1 DAGs
[2025-04-06T07:16:33.173+0000] {processor.py:179} INFO - Processing /opt/airflow/dags/iis_etl.py took 1.063 seconds
[2025-04-06T08:01:00.868+0000] {processor.py:157} INFO - Started process (PID=7917) to work on /opt/airflow/dags/iis_etl.py
[2025-04-06T08:01:00.869+0000] {processor.py:826} INFO - Processing file /opt/airflow/dags/iis_etl.py for tasks to queue
[2025-04-06T08:01:00.870+0000] {logging_mixin.py:149} INFO - [2025-04-06T08:01:00.870+0000] {dagbag.py:541} INFO - Filling up the DagBag from /opt/airflow/dags/iis_etl.py
[2025-04-06T08:01:02.066+0000] {processor.py:836} INFO - DAG(s) dict_keys(['iis_etl']) retrieved from /opt/airflow/dags/iis_etl.py
[2025-04-06T08:01:02.138+0000] {logging_mixin.py:149} INFO - [2025-04-06T08:01:02.138+0000] {dag.py:2726} INFO - Sync 1 DAGs
[2025-04-06T08:01:02.174+0000] {processor.py:179} INFO - Processing /opt/airflow/dags/iis_etl.py took 1.310 seconds
[2025-04-06T08:17:36.042+0000] {processor.py:157} INFO - Started process (PID=7926) to work on /opt/airflow/dags/iis_etl.py
[2025-04-06T08:17:36.044+0000] {processor.py:826} INFO - Processing file /opt/airflow/dags/iis_etl.py for tasks to queue
[2025-04-06T08:17:36.048+0000] {logging_mixin.py:149} INFO - [2025-04-06T08:17:36.048+0000] {dagbag.py:541} INFO - Filling up the DagBag from /opt/airflow/dags/iis_etl.py
[2025-04-06T08:17:36.881+0000] {processor.py:836} INFO - DAG(s) dict_keys(['iis_etl']) retrieved from /opt/airflow/dags/iis_etl.py
[2025-04-06T08:17:36.976+0000] {logging_mixin.py:149} INFO - [2025-04-06T08:17:36.976+0000] {dag.py:2726} INFO - Sync 1 DAGs
[2025-04-06T08:17:37.034+0000] {processor.py:179} INFO - Processing /opt/airflow/dags/iis_etl.py took 0.997 seconds
[2025-04-06T09:18:36.389+0000] {processor.py:157} INFO - Started process (PID=7935) to work on /opt/airflow/dags/iis_etl.py
[2025-04-06T09:18:36.390+0000] {processor.py:826} INFO - Processing file /opt/airflow/dags/iis_etl.py for tasks to queue
[2025-04-06T09:18:36.391+0000] {logging_mixin.py:149} INFO - [2025-04-06T09:18:36.391+0000] {dagbag.py:541} INFO - Filling up the DagBag from /opt/airflow/dags/iis_etl.py
[2025-04-06T09:18:37.234+0000] {processor.py:836} INFO - DAG(s) dict_keys(['iis_etl']) retrieved from /opt/airflow/dags/iis_etl.py
[2025-04-06T09:18:37.775+0000] {logging_mixin.py:149} INFO - [2025-04-06T09:18:37.773+0000] {dag.py:2726} INFO - Sync 1 DAGs
[2025-04-06T09:18:37.814+0000] {processor.py:179} INFO - Processing /opt/airflow/dags/iis_etl.py took 1.429 seconds
[2025-04-06T10:19:39.568+0000] {processor.py:157} INFO - Started process (PID=7944) to work on /opt/airflow/dags/iis_etl.py
[2025-04-06T10:19:39.570+0000] {processor.py:826} INFO - Processing file /opt/airflow/dags/iis_etl.py for tasks to queue
[2025-04-06T10:19:39.571+0000] {logging_mixin.py:149} INFO - [2025-04-06T10:19:39.571+0000] {dagbag.py:541} INFO - Filling up the DagBag from /opt/airflow/dags/iis_etl.py
[2025-04-06T10:19:41.707+0000] {processor.py:836} INFO - DAG(s) dict_keys(['iis_etl']) retrieved from /opt/airflow/dags/iis_etl.py
[2025-04-06T10:19:41.775+0000] {logging_mixin.py:149} INFO - [2025-04-06T10:19:41.775+0000] {dag.py:2726} INFO - Sync 1 DAGs
[2025-04-06T10:19:41.841+0000] {processor.py:179} INFO - Processing /opt/airflow/dags/iis_etl.py took 2.280 seconds
[2025-04-06T11:37:25.214+0000] {processor.py:157} INFO - Started process (PID=7953) to work on /opt/airflow/dags/iis_etl.py
[2025-04-06T11:37:25.216+0000] {processor.py:826} INFO - Processing file /opt/airflow/dags/iis_etl.py for tasks to queue
[2025-04-06T11:37:25.218+0000] {logging_mixin.py:149} INFO - [2025-04-06T11:37:25.218+0000] {dagbag.py:541} INFO - Filling up the DagBag from /opt/airflow/dags/iis_etl.py
[2025-04-06T11:37:26.007+0000] {processor.py:836} INFO - DAG(s) dict_keys(['iis_etl']) retrieved from /opt/airflow/dags/iis_etl.py
[2025-04-06T11:37:26.058+0000] {logging_mixin.py:149} INFO - [2025-04-06T11:37:26.058+0000] {dag.py:2726} INFO - Sync 1 DAGs
[2025-04-06T11:37:26.083+0000] {processor.py:179} INFO - Processing /opt/airflow/dags/iis_etl.py took 0.891 seconds
[2025-04-06T12:56:17.864+0000] {processor.py:157} INFO - Started process (PID=7962) to work on /opt/airflow/dags/iis_etl.py
[2025-04-06T12:56:17.866+0000] {processor.py:826} INFO - Processing file /opt/airflow/dags/iis_etl.py for tasks to queue
[2025-04-06T12:56:17.866+0000] {logging_mixin.py:149} INFO - [2025-04-06T12:56:17.866+0000] {dagbag.py:541} INFO - Filling up the DagBag from /opt/airflow/dags/iis_etl.py
[2025-04-06T12:56:19.319+0000] {processor.py:836} INFO - DAG(s) dict_keys(['iis_etl']) retrieved from /opt/airflow/dags/iis_etl.py
[2025-04-06T12:56:19.398+0000] {logging_mixin.py:149} INFO - [2025-04-06T12:56:19.398+0000] {dag.py:2726} INFO - Sync 1 DAGs
[2025-04-06T12:56:19.447+0000] {processor.py:179} INFO - Processing /opt/airflow/dags/iis_etl.py took 1.601 seconds
[2025-04-06T13:39:05.384+0000] {processor.py:157} INFO - Started process (PID=7971) to work on /opt/airflow/dags/iis_etl.py
[2025-04-06T13:39:05.387+0000] {processor.py:826} INFO - Processing file /opt/airflow/dags/iis_etl.py for tasks to queue
[2025-04-06T13:39:05.389+0000] {logging_mixin.py:149} INFO - [2025-04-06T13:39:05.389+0000] {dagbag.py:541} INFO - Filling up the DagBag from /opt/airflow/dags/iis_etl.py
[2025-04-06T13:39:06.481+0000] {processor.py:836} INFO - DAG(s) dict_keys(['iis_etl']) retrieved from /opt/airflow/dags/iis_etl.py
[2025-04-06T13:39:06.541+0000] {logging_mixin.py:149} INFO - [2025-04-06T13:39:06.541+0000] {dag.py:2726} INFO - Sync 1 DAGs
[2025-04-06T13:39:06.568+0000] {processor.py:179} INFO - Processing /opt/airflow/dags/iis_etl.py took 1.215 seconds
[2025-04-06T14:57:04.247+0000] {processor.py:157} INFO - Started process (PID=7980) to work on /opt/airflow/dags/iis_etl.py
[2025-04-06T14:57:04.249+0000] {processor.py:826} INFO - Processing file /opt/airflow/dags/iis_etl.py for tasks to queue
[2025-04-06T14:57:04.250+0000] {logging_mixin.py:149} INFO - [2025-04-06T14:57:04.250+0000] {dagbag.py:541} INFO - Filling up the DagBag from /opt/airflow/dags/iis_etl.py
[2025-04-06T14:57:05.246+0000] {processor.py:836} INFO - DAG(s) dict_keys(['iis_etl']) retrieved from /opt/airflow/dags/iis_etl.py
[2025-04-06T14:57:05.420+0000] {logging_mixin.py:149} INFO - [2025-04-06T14:57:05.419+0000] {dag.py:2726} INFO - Sync 1 DAGs
[2025-04-06T14:57:05.513+0000] {processor.py:179} INFO - Processing /opt/airflow/dags/iis_etl.py took 1.272 seconds
[2025-04-06T15:57:02.605+0000] {processor.py:157} INFO - Started process (PID=7989) to work on /opt/airflow/dags/iis_etl.py
[2025-04-06T15:57:02.607+0000] {processor.py:826} INFO - Processing file /opt/airflow/dags/iis_etl.py for tasks to queue
[2025-04-06T15:57:02.608+0000] {logging_mixin.py:149} INFO - [2025-04-06T15:57:02.608+0000] {dagbag.py:541} INFO - Filling up the DagBag from /opt/airflow/dags/iis_etl.py
[2025-04-06T15:57:03.401+0000] {processor.py:836} INFO - DAG(s) dict_keys(['iis_etl']) retrieved from /opt/airflow/dags/iis_etl.py
[2025-04-06T15:57:03.717+0000] {logging_mixin.py:149} INFO - [2025-04-06T15:57:03.716+0000] {dag.py:2726} INFO - Sync 1 DAGs
[2025-04-06T15:57:03.802+0000] {processor.py:179} INFO - Processing /opt/airflow/dags/iis_etl.py took 1.203 seconds
[2025-04-06T16:27:10.141+0000] {processor.py:157} INFO - Started process (PID=7998) to work on /opt/airflow/dags/iis_etl.py
[2025-04-06T16:27:10.142+0000] {processor.py:826} INFO - Processing file /opt/airflow/dags/iis_etl.py for tasks to queue
[2025-04-06T16:27:10.143+0000] {logging_mixin.py:149} INFO - [2025-04-06T16:27:10.143+0000] {dagbag.py:541} INFO - Filling up the DagBag from /opt/airflow/dags/iis_etl.py
[2025-04-06T16:27:11.462+0000] {processor.py:836} INFO - DAG(s) dict_keys(['iis_etl']) retrieved from /opt/airflow/dags/iis_etl.py
[2025-04-06T16:27:11.543+0000] {logging_mixin.py:149} INFO - [2025-04-06T16:27:11.543+0000] {dag.py:2726} INFO - Sync 1 DAGs
[2025-04-06T16:27:11.600+0000] {processor.py:179} INFO - Processing /opt/airflow/dags/iis_etl.py took 1.464 seconds
[2025-04-06T17:26:43.091+0000] {processor.py:157} INFO - Started process (PID=8007) to work on /opt/airflow/dags/iis_etl.py
[2025-04-06T17:26:43.095+0000] {processor.py:826} INFO - Processing file /opt/airflow/dags/iis_etl.py for tasks to queue
[2025-04-06T17:26:43.099+0000] {logging_mixin.py:149} INFO - [2025-04-06T17:26:43.099+0000] {dagbag.py:541} INFO - Filling up the DagBag from /opt/airflow/dags/iis_etl.py
[2025-04-06T17:26:44.072+0000] {processor.py:836} INFO - DAG(s) dict_keys(['iis_etl']) retrieved from /opt/airflow/dags/iis_etl.py
[2025-04-06T17:26:44.132+0000] {logging_mixin.py:149} INFO - [2025-04-06T17:26:44.131+0000] {dag.py:2726} INFO - Sync 1 DAGs
[2025-04-06T17:26:44.160+0000] {processor.py:179} INFO - Processing /opt/airflow/dags/iis_etl.py took 1.119 seconds
[2025-04-06T18:44:46.355+0000] {processor.py:157} INFO - Started process (PID=8016) to work on /opt/airflow/dags/iis_etl.py
[2025-04-06T18:44:46.359+0000] {processor.py:826} INFO - Processing file /opt/airflow/dags/iis_etl.py for tasks to queue
[2025-04-06T18:44:46.360+0000] {logging_mixin.py:149} INFO - [2025-04-06T18:44:46.360+0000] {dagbag.py:541} INFO - Filling up the DagBag from /opt/airflow/dags/iis_etl.py
[2025-04-06T18:44:47.171+0000] {processor.py:836} INFO - DAG(s) dict_keys(['iis_etl']) retrieved from /opt/airflow/dags/iis_etl.py
[2025-04-06T18:44:47.560+0000] {logging_mixin.py:149} INFO - [2025-04-06T18:44:47.557+0000] {dag.py:2726} INFO - Sync 1 DAGs
[2025-04-06T18:44:47.652+0000] {processor.py:179} INFO - Processing /opt/airflow/dags/iis_etl.py took 1.306 seconds
[2025-04-06T19:44:40.160+0000] {processor.py:157} INFO - Started process (PID=8025) to work on /opt/airflow/dags/iis_etl.py
[2025-04-06T19:44:40.170+0000] {processor.py:826} INFO - Processing file /opt/airflow/dags/iis_etl.py for tasks to queue
[2025-04-06T19:44:40.178+0000] {logging_mixin.py:149} INFO - [2025-04-06T19:44:40.178+0000] {dagbag.py:541} INFO - Filling up the DagBag from /opt/airflow/dags/iis_etl.py
[2025-04-06T19:44:41.145+0000] {processor.py:836} INFO - DAG(s) dict_keys(['iis_etl']) retrieved from /opt/airflow/dags/iis_etl.py
[2025-04-06T19:44:41.209+0000] {logging_mixin.py:149} INFO - [2025-04-06T19:44:41.209+0000] {dag.py:2726} INFO - Sync 1 DAGs
[2025-04-06T19:44:41.242+0000] {processor.py:179} INFO - Processing /opt/airflow/dags/iis_etl.py took 1.089 seconds
[2025-04-06T21:05:10.408+0000] {processor.py:157} INFO - Started process (PID=8034) to work on /opt/airflow/dags/iis_etl.py
[2025-04-06T21:05:10.413+0000] {processor.py:826} INFO - Processing file /opt/airflow/dags/iis_etl.py for tasks to queue
[2025-04-06T21:05:10.414+0000] {logging_mixin.py:149} INFO - [2025-04-06T21:05:10.414+0000] {dagbag.py:541} INFO - Filling up the DagBag from /opt/airflow/dags/iis_etl.py
[2025-04-06T21:05:11.263+0000] {processor.py:836} INFO - DAG(s) dict_keys(['iis_etl']) retrieved from /opt/airflow/dags/iis_etl.py
[2025-04-06T21:05:11.326+0000] {logging_mixin.py:149} INFO - [2025-04-06T21:05:11.325+0000] {dag.py:2726} INFO - Sync 1 DAGs
[2025-04-06T21:05:11.355+0000] {processor.py:179} INFO - Processing /opt/airflow/dags/iis_etl.py took 0.958 seconds
[2025-04-06T22:02:04.906+0000] {processor.py:157} INFO - Started process (PID=8043) to work on /opt/airflow/dags/iis_etl.py
[2025-04-06T22:02:04.911+0000] {processor.py:826} INFO - Processing file /opt/airflow/dags/iis_etl.py for tasks to queue
[2025-04-06T22:02:04.912+0000] {logging_mixin.py:149} INFO - [2025-04-06T22:02:04.912+0000] {dagbag.py:541} INFO - Filling up the DagBag from /opt/airflow/dags/iis_etl.py
[2025-04-06T22:02:05.738+0000] {processor.py:836} INFO - DAG(s) dict_keys(['iis_etl']) retrieved from /opt/airflow/dags/iis_etl.py
[2025-04-06T22:02:05.813+0000] {logging_mixin.py:149} INFO - [2025-04-06T22:02:05.813+0000] {dag.py:2726} INFO - Sync 1 DAGs
[2025-04-06T22:02:05.863+0000] {processor.py:179} INFO - Processing /opt/airflow/dags/iis_etl.py took 0.983 seconds
[2025-04-06T23:21:46.802+0000] {processor.py:157} INFO - Started process (PID=8052) to work on /opt/airflow/dags/iis_etl.py
[2025-04-06T23:21:46.804+0000] {processor.py:826} INFO - Processing file /opt/airflow/dags/iis_etl.py for tasks to queue
[2025-04-06T23:21:46.805+0000] {logging_mixin.py:149} INFO - [2025-04-06T23:21:46.805+0000] {dagbag.py:541} INFO - Filling up the DagBag from /opt/airflow/dags/iis_etl.py
[2025-04-06T23:21:47.350+0000] {processor.py:836} INFO - DAG(s) dict_keys(['iis_etl']) retrieved from /opt/airflow/dags/iis_etl.py
[2025-04-06T23:21:47.998+0000] {logging_mixin.py:149} INFO - [2025-04-06T23:21:47.996+0000] {dag.py:2726} INFO - Sync 1 DAGs
[2025-04-06T23:21:48.119+0000] {processor.py:179} INFO - Processing /opt/airflow/dags/iis_etl.py took 1.324 seconds
