2025-04-04T18:03:08.115+0000 [INFO] Dependencies all met for dep_context=non-requeueable deps ti=<TaskInstance: iis_etl.processing.load_dimensions scheduled__2025-04-04T18:01:45.762684+00:00 [queued]>
2025-04-04T18:03:08.123+0000 [INFO] Dependencies all met for dep_context=requeueable deps ti=<TaskInstance: iis_etl.processing.load_dimensions scheduled__2025-04-04T18:01:45.762684+00:00 [queued]>
2025-04-04T18:03:08.124+0000 [INFO] Starting attempt 1 of 4
2025-04-04T18:03:08.135+0000 [INFO] Executing <Task(PythonOperator): processing.load_dimensions> on 2025-04-04 18:01:45.762684+00:00
2025-04-04T18:03:08.143+0000 [INFO] Started process 2699 to run task
2025-04-04T18:03:08.152+0000 [INFO] Running: ['airflow', 'tasks', 'run', 'iis_etl', 'processing.load_dimensions', 'scheduled__2025-04-04T18:01:45.762684+00:00', '--job-id', '885', '--raw', '--subdir', 'DAGS_FOLDER/iis_etl.py', '--cfg-path', '/tmp/tmp1bzfe3wa']
2025-04-04T18:03:08.158+0000 [INFO] Job 885: Subtask processing.load_dimensions
2025-04-04T18:03:08.204+0000 [INFO] Running <TaskInstance: iis_etl.processing.load_dimensions scheduled__2025-04-04T18:01:45.762684+00:00 [running]> on host 6adf0d434abe
2025-04-04T18:03:08.558+0000 [INFO] Exporting env vars: AIRFLOW_CTX_DAG_OWNER='airflow' AIRFLOW_CTX_DAG_ID='iis_etl' AIRFLOW_CTX_TASK_ID='processing.load_dimensions' AIRFLOW_CTX_EXECUTION_DATE='2025-04-04T18:01:45.762684+00:00' AIRFLOW_CTX_TRY_NUMBER='1' AIRFLOW_CTX_DAG_RUN_ID='scheduled__2025-04-04T18:01:45.762684+00:00'
2025-04-04T18:03:08.635+0000 [INFO] Using connection ID 'postgres_iis' for task execution.
2025-04-04T18:03:08.662+0000 [ERROR] Dimension loading failed: Required column time_id is missing or contains NULLs
Traceback (most recent call last):
  File "/opt/airflow/dags/iis_etl.py", line 318, in load_dimensions
    raise ValueError(f"Required column {col} is missing or contains NULLs")
ValueError: Required column time_id is missing or contains NULLs
2025-04-04T18:03:08.664+0000 [ERROR] Task failed with exception
Traceback (most recent call last):
  File "/home/airflow/.local/lib/python3.7/site-packages/airflow/operators/python.py", line 181, in execute
    return_value = self.execute_callable()
  File "/home/airflow/.local/lib/python3.7/site-packages/airflow/operators/python.py", line 198, in execute_callable
    return self.python_callable(*self.op_args, **self.op_kwargs)
  File "/opt/airflow/dags/iis_etl.py", line 318, in load_dimensions
    raise ValueError(f"Required column {col} is missing or contains NULLs")
ValueError: Required column time_id is missing or contains NULLs
2025-04-04T18:03:08.671+0000 [INFO] Marking task as UP_FOR_RETRY. dag_id=iis_etl, task_id=processing.load_dimensions, execution_date=20250404T180145, start_date=20250404T180308, end_date=20250404T180308
2025-04-04T18:03:08.683+0000 [ERROR] Failed to execute job 885 for task processing.load_dimensions (Required column time_id is missing or contains NULLs; 2699)
2025-04-04T18:03:08.700+0000 [INFO] Task exited with return code 1
2025-04-04T18:03:08.739+0000 [INFO] 0 downstream tasks scheduled from follow-on schedule check
