2025-04-03T21:55:00.390+0000 [INFO] Dependencies all met for dep_context=non-requeueable deps ti=<TaskInstance: iis_etl.processing.extract scheduled__2025-04-03T21:53:47.894013+00:00 [queued]>
2025-04-03T21:55:00.399+0000 [INFO] Dependencies all met for dep_context=requeueable deps ti=<TaskInstance: iis_etl.processing.extract scheduled__2025-04-03T21:53:47.894013+00:00 [queued]>
2025-04-03T21:55:00.399+0000 [INFO] Starting attempt 1 of 4
2025-04-03T21:55:00.428+0000 [INFO] Executing <Task(PythonOperator): processing.extract> on 2025-04-03 21:53:47.894013+00:00
2025-04-03T21:55:00.434+0000 [INFO] Started process 1148 to run task
2025-04-03T21:55:00.442+0000 [INFO] Running: ['airflow', 'tasks', 'run', 'iis_etl', 'processing.extract', 'scheduled__2025-04-03T21:53:47.894013+00:00', '--job-id', '369', '--raw', '--subdir', 'DAGS_FOLDER/iis_etl.py', '--cfg-path', '/tmp/tmp4k5bc8dy']
2025-04-03T21:55:00.445+0000 [INFO] Job 369: Subtask processing.extract
2025-04-03T21:55:00.536+0000 [INFO] Running <TaskInstance: iis_etl.processing.extract scheduled__2025-04-03T21:53:47.894013+00:00 [running]> on host 8d34dc648251
2025-04-03T21:55:01.542+0000 [INFO] Exporting env vars: AIRFLOW_CTX_DAG_OWNER='airflow' AIRFLOW_CTX_DAG_ID='iis_etl' AIRFLOW_CTX_TASK_ID='processing.extract' AIRFLOW_CTX_EXECUTION_DATE='2025-04-03T21:53:47.894013+00:00' AIRFLOW_CTX_TRY_NUMBER='1' AIRFLOW_CTX_DAG_RUN_ID='scheduled__2025-04-03T21:53:47.894013+00:00'
2025-04-03T21:55:01.622+0000 [ERROR] Extraction failed: [Errno 2] No such file or directory: '/opt/airflow/data/processing/u_ex100718.log'
Traceback (most recent call last):
  File "/opt/airflow/dags/iis_etl.py", line 157, in extract
    with open(processing_path, 'r') as f:
FileNotFoundError: [Errno 2] No such file or directory: '/opt/airflow/data/processing/u_ex100718.log'
2025-04-03T21:55:01.627+0000 [ERROR] Task failed with exception
Traceback (most recent call last):
  File "/home/airflow/.local/lib/python3.7/site-packages/airflow/operators/python.py", line 181, in execute
    return_value = self.execute_callable()
  File "/home/airflow/.local/lib/python3.7/site-packages/airflow/operators/python.py", line 198, in execute_callable
    return self.python_callable(*self.op_args, **self.op_kwargs)
  File "/opt/airflow/dags/iis_etl.py", line 157, in extract
    with open(processing_path, 'r') as f:
FileNotFoundError: [Errno 2] No such file or directory: '/opt/airflow/data/processing/u_ex100718.log'
2025-04-03T21:55:01.635+0000 [INFO] Marking task as UP_FOR_RETRY. dag_id=iis_etl, task_id=processing.extract, execution_date=20250403T215347, start_date=20250403T215500, end_date=20250403T215501
2025-04-03T21:55:01.647+0000 [ERROR] Failed to execute job 369 for task processing.extract ([Errno 2] No such file or directory: '/opt/airflow/data/processing/u_ex100718.log'; 1148)
2025-04-03T21:55:01.664+0000 [INFO] Task exited with return code 1
2025-04-03T21:55:01.754+0000 [INFO] 0 downstream tasks scheduled from follow-on schedule check
