2025-04-04T18:40:20.855+0000 [INFO] Dependencies all met for dep_context=non-requeueable deps ti=<TaskInstance: iis_etl.processing.load_dimensions scheduled__2025-04-04T18:38:52.774860+00:00 [queued]>
2025-04-04T18:40:20.864+0000 [INFO] Dependencies all met for dep_context=requeueable deps ti=<TaskInstance: iis_etl.processing.load_dimensions scheduled__2025-04-04T18:38:52.774860+00:00 [queued]>
2025-04-04T18:40:20.865+0000 [INFO] Starting attempt 1 of 4
2025-04-04T18:40:20.877+0000 [INFO] Executing <Task(PythonOperator): processing.load_dimensions> on 2025-04-04 18:38:52.774860+00:00
2025-04-04T18:40:20.880+0000 [INFO] Started process 168 to run task
2025-04-04T18:40:20.883+0000 [INFO] Running: ['airflow', 'tasks', 'run', 'iis_etl', 'processing.load_dimensions', 'scheduled__2025-04-04T18:38:52.774860+00:00', '--job-id', '42', '--raw', '--subdir', 'DAGS_FOLDER/iis_etl.py', '--cfg-path', '/tmp/tmpbwkawx3b']
2025-04-04T18:40:20.885+0000 [INFO] Job 42: Subtask processing.load_dimensions
2025-04-04T18:40:20.922+0000 [INFO] Running <TaskInstance: iis_etl.processing.load_dimensions scheduled__2025-04-04T18:38:52.774860+00:00 [running]> on host 558dced5c214
2025-04-04T18:40:21.224+0000 [INFO] Exporting env vars: AIRFLOW_CTX_DAG_OWNER='airflow' AIRFLOW_CTX_DAG_ID='iis_etl' AIRFLOW_CTX_TASK_ID='processing.load_dimensions' AIRFLOW_CTX_EXECUTION_DATE='2025-04-04T18:38:52.774860+00:00' AIRFLOW_CTX_TRY_NUMBER='1' AIRFLOW_CTX_DAG_RUN_ID='scheduled__2025-04-04T18:38:52.774860+00:00'
2025-04-04T18:40:21.275+0000 [INFO] Using connection ID 'postgres_iis' for task execution.
2025-04-04T18:40:21.360+0000 [ERROR] Dimension loading failed: (psycopg2.errors.CardinalityViolation) ON CONFLICT DO UPDATE command cannot affect row a second time
HINT:  Ensure that no rows proposed for insertion within the same command have duplicate constrained values.

[SQL: 
                INSERT INTO dim_requests (
                method, uri_stem, uri_query, username
            )
            SELECT 
                method, uri_stem, uri_query, username
            FROM temp_requests
            ON CONFLICT (method, uri_stem) DO UPDATE SET
                uri_query = EXCLUDED.uri_query,
                username = EXCLUDED.username
            ]
(Background on this error at: https://sqlalche.me/e/14/f405)
Traceback (most recent call last):
  File "/home/airflow/.local/lib/python3.7/site-packages/sqlalchemy/engine/base.py", line 1901, in _execute_context
    cursor, statement, parameters, context
  File "/home/airflow/.local/lib/python3.7/site-packages/sqlalchemy/engine/default.py", line 736, in do_execute
    cursor.execute(statement, parameters)
psycopg2.errors.CardinalityViolation: ON CONFLICT DO UPDATE command cannot affect row a second time
HINT:  Ensure that no rows proposed for insertion within the same command have duplicate constrained values.


The above exception was the direct cause of the following exception:

Traceback (most recent call last):
  File "/opt/airflow/dags/iis_etl.py", line 410, in load_dimensions
    """)
  File "/home/airflow/.local/lib/python3.7/site-packages/sqlalchemy/engine/base.py", line 1370, in execute
    future=False,
  File "/home/airflow/.local/lib/python3.7/site-packages/sqlalchemy/engine/base.py", line 1676, in _exec_driver_sql
    distilled_parameters,
  File "/home/airflow/.local/lib/python3.7/site-packages/sqlalchemy/engine/base.py", line 1944, in _execute_context
    e, statement, parameters, cursor, context
  File "/home/airflow/.local/lib/python3.7/site-packages/sqlalchemy/engine/base.py", line 2125, in _handle_dbapi_exception
    sqlalchemy_exception, with_traceback=exc_info[2], from_=e
  File "/home/airflow/.local/lib/python3.7/site-packages/sqlalchemy/util/compat.py", line 211, in raise_
    raise exception
  File "/home/airflow/.local/lib/python3.7/site-packages/sqlalchemy/engine/base.py", line 1901, in _execute_context
    cursor, statement, parameters, context
  File "/home/airflow/.local/lib/python3.7/site-packages/sqlalchemy/engine/default.py", line 736, in do_execute
    cursor.execute(statement, parameters)
sqlalchemy.exc.ProgrammingError: (psycopg2.errors.CardinalityViolation) ON CONFLICT DO UPDATE command cannot affect row a second time
HINT:  Ensure that no rows proposed for insertion within the same command have duplicate constrained values.

[SQL: 
                INSERT INTO dim_requests (
                method, uri_stem, uri_query, username
            )
            SELECT 
                method, uri_stem, uri_query, username
            FROM temp_requests
            ON CONFLICT (method, uri_stem) DO UPDATE SET
                uri_query = EXCLUDED.uri_query,
                username = EXCLUDED.username
            ]
(Background on this error at: https://sqlalche.me/e/14/f405)
2025-04-04T18:40:21.363+0000 [ERROR] Task failed with exception
Traceback (most recent call last):
  File "/home/airflow/.local/lib/python3.7/site-packages/sqlalchemy/engine/base.py", line 1901, in _execute_context
    cursor, statement, parameters, context
  File "/home/airflow/.local/lib/python3.7/site-packages/sqlalchemy/engine/default.py", line 736, in do_execute
    cursor.execute(statement, parameters)
psycopg2.errors.CardinalityViolation: ON CONFLICT DO UPDATE command cannot affect row a second time
HINT:  Ensure that no rows proposed for insertion within the same command have duplicate constrained values.


The above exception was the direct cause of the following exception:

Traceback (most recent call last):
  File "/home/airflow/.local/lib/python3.7/site-packages/airflow/operators/python.py", line 181, in execute
    return_value = self.execute_callable()
  File "/home/airflow/.local/lib/python3.7/site-packages/airflow/operators/python.py", line 198, in execute_callable
    return self.python_callable(*self.op_args, **self.op_kwargs)
  File "/opt/airflow/dags/iis_etl.py", line 410, in load_dimensions
    """)
  File "/home/airflow/.local/lib/python3.7/site-packages/sqlalchemy/engine/base.py", line 1370, in execute
    future=False,
  File "/home/airflow/.local/lib/python3.7/site-packages/sqlalchemy/engine/base.py", line 1676, in _exec_driver_sql
    distilled_parameters,
  File "/home/airflow/.local/lib/python3.7/site-packages/sqlalchemy/engine/base.py", line 1944, in _execute_context
    e, statement, parameters, cursor, context
  File "/home/airflow/.local/lib/python3.7/site-packages/sqlalchemy/engine/base.py", line 2125, in _handle_dbapi_exception
    sqlalchemy_exception, with_traceback=exc_info[2], from_=e
  File "/home/airflow/.local/lib/python3.7/site-packages/sqlalchemy/util/compat.py", line 211, in raise_
    raise exception
  File "/home/airflow/.local/lib/python3.7/site-packages/sqlalchemy/engine/base.py", line 1901, in _execute_context
    cursor, statement, parameters, context
  File "/home/airflow/.local/lib/python3.7/site-packages/sqlalchemy/engine/default.py", line 736, in do_execute
    cursor.execute(statement, parameters)
sqlalchemy.exc.ProgrammingError: (psycopg2.errors.CardinalityViolation) ON CONFLICT DO UPDATE command cannot affect row a second time
HINT:  Ensure that no rows proposed for insertion within the same command have duplicate constrained values.

[SQL: 
                INSERT INTO dim_requests (
                method, uri_stem, uri_query, username
            )
            SELECT 
                method, uri_stem, uri_query, username
            FROM temp_requests
            ON CONFLICT (method, uri_stem) DO UPDATE SET
                uri_query = EXCLUDED.uri_query,
                username = EXCLUDED.username
            ]
(Background on this error at: https://sqlalche.me/e/14/f405)
2025-04-04T18:40:21.372+0000 [INFO] Marking task as UP_FOR_RETRY. dag_id=iis_etl, task_id=processing.load_dimensions, execution_date=20250404T183852, start_date=20250404T184020, end_date=20250404T184021
2025-04-04T18:40:21.378+0000 [ERROR] Failed to execute job 42 for task processing.load_dimensions ((psycopg2.errors.CardinalityViolation) ON CONFLICT DO UPDATE command cannot affect row a second time
HINT:  Ensure that no rows proposed for insertion within the same command have duplicate constrained values.

[SQL: 
                INSERT INTO dim_requests (
                method, uri_stem, uri_query, username
            )
            SELECT 
                method, uri_stem, uri_query, username
            FROM temp_requests
            ON CONFLICT (method, uri_stem) DO UPDATE SET
                uri_query = EXCLUDED.uri_query,
                username = EXCLUDED.username
            ]
(Background on this error at: https://sqlalche.me/e/14/f405); 168)
2025-04-04T18:40:21.388+0000 [INFO] Task exited with return code 1
2025-04-04T18:40:21.406+0000 [INFO] 0 downstream tasks scheduled from follow-on schedule check
