2025-04-04T14:27:09.329+0000 [INFO] Dependencies all met for dep_context=non-requeueable deps ti=<TaskInstance: iis_etl.processing.load manual__2025-04-04T14:27:03.120852+00:00 [queued]>
2025-04-04T14:27:09.334+0000 [INFO] Dependencies all met for dep_context=requeueable deps ti=<TaskInstance: iis_etl.processing.load manual__2025-04-04T14:27:03.120852+00:00 [queued]>
2025-04-04T14:27:09.335+0000 [INFO] Starting attempt 1 of 4
2025-04-04T14:27:09.343+0000 [INFO] Executing <Task(PythonOperator): processing.load> on 2025-04-04 14:27:03.120852+00:00
2025-04-04T14:27:09.346+0000 [INFO] Started process 93 to run task
2025-04-04T14:27:09.350+0000 [INFO] Running: ['airflow', 'tasks', 'run', 'iis_etl', 'processing.load', 'manual__2025-04-04T14:27:03.120852+00:00', '--job-id', '18', '--raw', '--subdir', 'DAGS_FOLDER/iis_etl.py', '--cfg-path', '/tmp/tmpz61yy1vd']
2025-04-04T14:27:09.352+0000 [INFO] Job 18: Subtask processing.load
2025-04-04T14:27:09.380+0000 [INFO] Running <TaskInstance: iis_etl.processing.load manual__2025-04-04T14:27:03.120852+00:00 [running]> on host 6adf0d434abe
2025-04-04T14:27:09.518+0000 [INFO] Exporting env vars: AIRFLOW_CTX_DAG_OWNER='airflow' AIRFLOW_CTX_DAG_ID='iis_etl' AIRFLOW_CTX_TASK_ID='processing.load' AIRFLOW_CTX_EXECUTION_DATE='2025-04-04T14:27:03.120852+00:00' AIRFLOW_CTX_TRY_NUMBER='1' AIRFLOW_CTX_DAG_RUN_ID='manual__2025-04-04T14:27:03.120852+00:00'
2025-04-04T14:27:09.536+0000 [ERROR] Database connection failed: The conn_id `postgres_iis` isn't defined
2025-04-04T14:27:09.536+0000 [ERROR] Load failed: The conn_id `postgres_iis` isn't defined
Traceback (most recent call last):
  File "/opt/airflow/dags/iis_etl.py", line 466, in load
    engine = get_db_engine()
  File "/opt/airflow/dags/iis_etl.py", line 40, in get_db_engine
    engine = pg_hook.get_sqlalchemy_engine()
  File "/home/airflow/.local/lib/python3.7/site-packages/airflow/providers/common/sql/hooks/sql.py", line 181, in get_sqlalchemy_engine
    return create_engine(self.get_uri(), **engine_kwargs)
  File "/home/airflow/.local/lib/python3.7/site-packages/airflow/providers/postgres/hooks/postgres.py", line 176, in get_uri
    conn = self.get_connection(getattr(self, self.conn_name_attr))
  File "/home/airflow/.local/lib/python3.7/site-packages/airflow/hooks/base.py", line 72, in get_connection
    conn = Connection.get_connection_from_secrets(conn_id)
  File "/home/airflow/.local/lib/python3.7/site-packages/airflow/models/connection.py", line 434, in get_connection_from_secrets
    raise AirflowNotFoundException(f"The conn_id `{conn_id}` isn't defined")
airflow.exceptions.AirflowNotFoundException: The conn_id `postgres_iis` isn't defined
2025-04-04T14:27:09.542+0000 [ERROR] Task failed with exception
Traceback (most recent call last):
  File "/home/airflow/.local/lib/python3.7/site-packages/airflow/operators/python.py", line 181, in execute
    return_value = self.execute_callable()
  File "/home/airflow/.local/lib/python3.7/site-packages/airflow/operators/python.py", line 198, in execute_callable
    return self.python_callable(*self.op_args, **self.op_kwargs)
  File "/opt/airflow/dags/iis_etl.py", line 466, in load
    engine = get_db_engine()
  File "/opt/airflow/dags/iis_etl.py", line 40, in get_db_engine
    engine = pg_hook.get_sqlalchemy_engine()
  File "/home/airflow/.local/lib/python3.7/site-packages/airflow/providers/common/sql/hooks/sql.py", line 181, in get_sqlalchemy_engine
    return create_engine(self.get_uri(), **engine_kwargs)
  File "/home/airflow/.local/lib/python3.7/site-packages/airflow/providers/postgres/hooks/postgres.py", line 176, in get_uri
    conn = self.get_connection(getattr(self, self.conn_name_attr))
  File "/home/airflow/.local/lib/python3.7/site-packages/airflow/hooks/base.py", line 72, in get_connection
    conn = Connection.get_connection_from_secrets(conn_id)
  File "/home/airflow/.local/lib/python3.7/site-packages/airflow/models/connection.py", line 434, in get_connection_from_secrets
    raise AirflowNotFoundException(f"The conn_id `{conn_id}` isn't defined")
airflow.exceptions.AirflowNotFoundException: The conn_id `postgres_iis` isn't defined
2025-04-04T14:27:09.544+0000 [INFO] Marking task as UP_FOR_RETRY. dag_id=iis_etl, task_id=processing.load, execution_date=20250404T142703, start_date=20250404T142709, end_date=20250404T142709
2025-04-04T14:27:09.548+0000 [ERROR] Failed to execute job 18 for task processing.load (The conn_id `postgres_iis` isn't defined; 93)
2025-04-04T14:27:09.574+0000 [INFO] Task exited with return code 1
2025-04-04T14:27:09.590+0000 [INFO] 0 downstream tasks scheduled from follow-on schedule check
